2023-06-16 08:42:41.931 [INFO ] [org.openhab.core.Activator          ] - Starting openHAB 4.0.0.M2 (build Milestone Build)
2023-06-16 08:42:42.163 [INFO ] [.core.internal.i18n.I18nProviderImpl] - Time zone set to 'Europe/Berlin'.
2023-06-16 08:42:42.172 [INFO ] [.core.internal.i18n.I18nProviderImpl] - Location set to '49.4741972,8.5351334'.
2023-06-16 08:42:42.174 [INFO ] [.core.internal.i18n.I18nProviderImpl] - Locale set to 'en_DE'.
2023-06-16 08:42:49.903 [INFO ] [.core.model.lsp.internal.ModelServer] - Started Language Server Protocol (LSP) service on port 5007
2023-06-16 08:42:51.075 [INFO ] [ab.ui.habpanel.internal.HABPanelTile] - Started HABPanel at /habpanel
2023-06-16 08:42:55.436 [INFO ] [.transport.mqtt.MqttBrokerConnection] - Starting MQTT broker connection to '10.154.144.159' with clientid e8dcda1b-e909-4a8a-8780-a040485b045a
2023-06-16 08:42:57.968 [INFO ] [e.automation.internal.RuleEngineImpl] - Rule engine started.
2023-06-16 08:43:15.458 [INFO ] [.reconnect.PeriodicReconnectStrategy] - Try to restore connection to '10.154.144.159'. Next attempt in 60000ms
2023-06-16 08:43:15.476 [INFO ] [.transport.mqtt.MqttBrokerConnection] - Starting MQTT broker connection to '10.154.144.159' with clientid e8dcda1b-e909-4a8a-8780-a040485b045a
2023-06-16 08:44:15.478 [INFO ] [.reconnect.PeriodicReconnectStrategy] - Try to restore connection to '10.154.144.159'. Next attempt in 60000ms
2023-06-16 08:44:15.481 [INFO ] [.transport.mqtt.MqttBrokerConnection] - Starting MQTT broker connection to '10.154.144.159' with clientid e8dcda1b-e909-4a8a-8780-a040485b045a
2023-06-16 08:44:53.458 [WARN ] [core.thing.internal.ThingManagerImpl] - A thing handler factory claims to support 'mqtt:homeassistant_temperatureRoof' for thing 'mqtt:homeassistant_temperatureRoof:5c4f5a4a21:temperatureRoof' for more than 120s, but the thing type can't be found in the registry. This should be fixed in the binding.
2023-06-16 08:44:53.460 [WARN ] [core.thing.internal.ThingManagerImpl] - Could not normalize configuration for 'mqtt:homeassistant_temperatureRoof:5c4f5a4a21:temperatureRoof' because the thing type was not found in registry.
2023-06-16 08:45:15.483 [INFO ] [.reconnect.PeriodicReconnectStrategy] - Try to restore connection to '10.154.144.159'. Next attempt in 60000ms
2023-06-16 08:45:15.486 [INFO ] [.transport.mqtt.MqttBrokerConnection] - Starting MQTT broker connection to '10.154.144.159' with clientid e8dcda1b-e909-4a8a-8780-a040485b045a
2023-06-16 08:46:15.486 [INFO ] [.reconnect.PeriodicReconnectStrategy] - Try to restore connection to '10.154.144.159'. Next attempt in 60000ms
2023-06-16 08:46:15.490 [INFO ] [.transport.mqtt.MqttBrokerConnection] - Starting MQTT broker connection to '10.154.144.159' with clientid e8dcda1b-e909-4a8a-8780-a040485b045a
2023-06-16 08:47:15.492 [INFO ] [.reconnect.PeriodicReconnectStrategy] - Try to restore connection to '10.154.144.159'. Next attempt in 60000ms
2023-06-16 08:47:15.495 [INFO ] [.transport.mqtt.MqttBrokerConnection] - Starting MQTT broker connection to '10.154.144.159' with clientid e8dcda1b-e909-4a8a-8780-a040485b045a
2023-06-16 08:48:15.496 [INFO ] [.reconnect.PeriodicReconnectStrategy] - Try to restore connection to '10.154.144.159'. Next attempt in 60000ms
2023-06-16 08:48:15.500 [INFO ] [.transport.mqtt.MqttBrokerConnection] - Starting MQTT broker connection to '10.154.144.159' with clientid e8dcda1b-e909-4a8a-8780-a040485b045a
2023-06-16 08:49:15.501 [INFO ] [.reconnect.PeriodicReconnectStrategy] - Try to restore connection to '10.154.144.159'. Next attempt in 60000ms
2023-06-16 08:49:15.505 [INFO ] [.transport.mqtt.MqttBrokerConnection] - Starting MQTT broker connection to '10.154.144.159' with clientid e8dcda1b-e909-4a8a-8780-a040485b045a
2023-06-16 08:50:15.505 [INFO ] [.reconnect.PeriodicReconnectStrategy] - Try to restore connection to '10.154.144.159'. Next attempt in 60000ms
2023-06-16 08:50:15.509 [INFO ] [.transport.mqtt.MqttBrokerConnection] - Starting MQTT broker connection to '10.154.144.159' with clientid e8dcda1b-e909-4a8a-8780-a040485b045a
2023-06-16 08:51:15.511 [INFO ] [.reconnect.PeriodicReconnectStrategy] - Try to restore connection to '10.154.144.159'. Next attempt in 60000ms
2023-06-16 08:51:15.514 [INFO ] [.transport.mqtt.MqttBrokerConnection] - Starting MQTT broker connection to '10.154.144.159' with clientid e8dcda1b-e909-4a8a-8780-a040485b045a
2023-06-16 08:52:15.515 [INFO ] [.reconnect.PeriodicReconnectStrategy] - Try to restore connection to '10.154.144.159'. Next attempt in 60000ms
2023-06-16 08:52:15.518 [INFO ] [.transport.mqtt.MqttBrokerConnection] - Starting MQTT broker connection to '10.154.144.159' with clientid e8dcda1b-e909-4a8a-8780-a040485b045a
2023-06-16 08:53:15.520 [INFO ] [.reconnect.PeriodicReconnectStrategy] - Try to restore connection to '10.154.144.159'. Next attempt in 60000ms
2023-06-16 08:53:15.524 [INFO ] [.transport.mqtt.MqttBrokerConnection] - Starting MQTT broker connection to '10.154.144.159' with clientid e8dcda1b-e909-4a8a-8780-a040485b045a
2023-06-16 08:54:15.524 [INFO ] [.reconnect.PeriodicReconnectStrategy] - Try to restore connection to '10.154.144.159'. Next attempt in 60000ms
2023-06-16 08:54:15.532 [INFO ] [.transport.mqtt.MqttBrokerConnection] - Starting MQTT broker connection to '10.154.144.159' with clientid e8dcda1b-e909-4a8a-8780-a040485b045a
2023-06-16 08:55:15.534 [INFO ] [.reconnect.PeriodicReconnectStrategy] - Try to restore connection to '10.154.144.159'. Next attempt in 60000ms
2023-06-16 08:55:15.539 [INFO ] [.transport.mqtt.MqttBrokerConnection] - Starting MQTT broker connection to '10.154.144.159' with clientid e8dcda1b-e909-4a8a-8780-a040485b045a
2023-06-16 08:56:15.540 [INFO ] [.reconnect.PeriodicReconnectStrategy] - Try to restore connection to '10.154.144.159'. Next attempt in 60000ms
2023-06-16 08:56:15.543 [INFO ] [.transport.mqtt.MqttBrokerConnection] - Starting MQTT broker connection to '10.154.144.159' with clientid e8dcda1b-e909-4a8a-8780-a040485b045a
2023-06-16 08:57:15.545 [INFO ] [.reconnect.PeriodicReconnectStrategy] - Try to restore connection to '10.154.144.159'. Next attempt in 60000ms
2023-06-16 08:57:15.549 [INFO ] [.transport.mqtt.MqttBrokerConnection] - Starting MQTT broker connection to '10.154.144.159' with clientid e8dcda1b-e909-4a8a-8780-a040485b045a
2023-06-16 08:58:15.552 [INFO ] [.reconnect.PeriodicReconnectStrategy] - Try to restore connection to '10.154.144.159'. Next attempt in 60000ms
2023-06-16 08:58:15.556 [INFO ] [.transport.mqtt.MqttBrokerConnection] - Starting MQTT broker connection to '10.154.144.159' with clientid e8dcda1b-e909-4a8a-8780-a040485b045a
2023-06-16 08:59:15.557 [INFO ] [.reconnect.PeriodicReconnectStrategy] - Try to restore connection to '10.154.144.159'. Next attempt in 60000ms
2023-06-16 08:59:15.560 [INFO ] [.transport.mqtt.MqttBrokerConnection] - Starting MQTT broker connection to '10.154.144.159' with clientid e8dcda1b-e909-4a8a-8780-a040485b045a
2023-06-16 09:00:15.561 [INFO ] [.reconnect.PeriodicReconnectStrategy] - Try to restore connection to '10.154.144.159'. Next attempt in 60000ms
2023-06-16 09:00:15.565 [INFO ] [.transport.mqtt.MqttBrokerConnection] - Starting MQTT broker connection to '10.154.144.159' with clientid e8dcda1b-e909-4a8a-8780-a040485b045a
2023-06-16 09:01:15.566 [INFO ] [.reconnect.PeriodicReconnectStrategy] - Try to restore connection to '10.154.144.159'. Next attempt in 60000ms
2023-06-16 09:01:15.571 [INFO ] [.transport.mqtt.MqttBrokerConnection] - Starting MQTT broker connection to '10.154.144.159' with clientid e8dcda1b-e909-4a8a-8780-a040485b045a
2023-06-16 09:02:15.573 [INFO ] [.reconnect.PeriodicReconnectStrategy] - Try to restore connection to '10.154.144.159'. Next attempt in 60000ms
2023-06-16 09:02:15.576 [INFO ] [.transport.mqtt.MqttBrokerConnection] - Starting MQTT broker connection to '10.154.144.159' with clientid e8dcda1b-e909-4a8a-8780-a040485b045a
2023-06-16 09:03:15.578 [INFO ] [.reconnect.PeriodicReconnectStrategy] - Try to restore connection to '10.154.144.159'. Next attempt in 60000ms
2023-06-16 09:03:15.586 [INFO ] [.transport.mqtt.MqttBrokerConnection] - Starting MQTT broker connection to '10.154.144.159' with clientid e8dcda1b-e909-4a8a-8780-a040485b045a
2023-06-16 09:04:15.589 [INFO ] [.reconnect.PeriodicReconnectStrategy] - Try to restore connection to '10.154.144.159'. Next attempt in 60000ms
2023-06-16 09:04:15.592 [INFO ] [.transport.mqtt.MqttBrokerConnection] - Starting MQTT broker connection to '10.154.144.159' with clientid e8dcda1b-e909-4a8a-8780-a040485b045a
2023-06-16 09:04:23.177 [INFO ] [.transport.mqtt.MqttBrokerConnection] - Starting MQTT broker connection to '172.19.208.1' with clientid 5709a3d3-9ba2-49f0-bae9-da34709311bf
2023-06-16 09:26:58.459 [WARN ] [e.internal.SseItemStatesEventBuilder] - Attempting to send a state update of an item which doesn't exist: undefined
2023-06-16 09:27:36.492 [WARN ] [e.internal.SseItemStatesEventBuilder] - Attempting to send a state update of an item which doesn't exist: undefined
2023-06-16 09:30:27.609 [WARN ] [e.internal.SseItemStatesEventBuilder] - Attempting to send a state update of an item which doesn't exist: undefined
2023-06-16 09:30:30.803 [WARN ] [e.internal.SseItemStatesEventBuilder] - Attempting to send a state update of an item which doesn't exist: undefined
2023-06-16 09:38:23.839 [ERROR] [b.automation.script.javascript.stack] - Failed to execute script:
org.graalvm.polyglot.PolyglotException: TypeError: undefined has no such function "sendNotification"
	at <js>.:program(<eval>:5) ~[?:?]
	at org.graalvm.polyglot.Context.eval(Context.java:399) ~[?:?]
	at com.oracle.truffle.js.scriptengine.GraalJSScriptEngine.eval(GraalJSScriptEngine.java:458) ~[?:?]
	at com.oracle.truffle.js.scriptengine.GraalJSScriptEngine.eval(GraalJSScriptEngine.java:426) ~[?:?]
	at javax.script.AbstractScriptEngine.eval(AbstractScriptEngine.java:262) ~[java.scripting:?]
	at org.openhab.automation.jsscripting.internal.scriptengine.DelegatingScriptEngineWithInvocableAndAutocloseable.eval(DelegatingScriptEngineWithInvocableAndAutocloseable.java:53) ~[?:?]
	at org.openhab.automation.jsscripting.internal.scriptengine.InvocationInterceptingScriptEngineWithInvocableAndAutoCloseable.eval(InvocationInterceptingScriptEngineWithInvocableAndAutoCloseable.java:78) ~[?:?]
	at org.openhab.automation.jsscripting.internal.scriptengine.DelegatingScriptEngineWithInvocableAndAutocloseable.eval(DelegatingScriptEngineWithInvocableAndAutocloseable.java:53) ~[?:?]
	at org.openhab.automation.jsscripting.internal.scriptengine.InvocationInterceptingScriptEngineWithInvocableAndAutoCloseable.eval(InvocationInterceptingScriptEngineWithInvocableAndAutoCloseable.java:78) ~[?:?]
	at org.openhab.core.automation.module.script.internal.handler.ScriptActionHandler.lambda$0(ScriptActionHandler.java:71) ~[?:?]
	at java.util.Optional.ifPresent(Optional.java:178) ~[?:?]
	at org.openhab.core.automation.module.script.internal.handler.ScriptActionHandler.execute(ScriptActionHandler.java:68) ~[?:?]
	at org.openhab.core.automation.internal.RuleEngineImpl.executeActions(RuleEngineImpl.java:1180) ~[?:?]
	at org.openhab.core.automation.internal.RuleEngineImpl.runRule(RuleEngineImpl.java:989) ~[?:?]
	at org.openhab.core.automation.internal.TriggerHandlerCallbackImpl$TriggerData.run(TriggerHandlerCallbackImpl.java:87) ~[?:?]
	at java.util.concurrent.Executors$RunnableAdapter.call(Executors.java:539) ~[?:?]
	at java.util.concurrent.FutureTask.run(FutureTask.java:264) ~[?:?]
	at java.util.concurrent.ScheduledThreadPoolExecutor$ScheduledFutureTask.run(ScheduledThreadPoolExecutor.java:304) ~[?:?]
	at java.util.concurrent.ThreadPoolExecutor.runWorker(ThreadPoolExecutor.java:1136) ~[?:?]
	at java.util.concurrent.ThreadPoolExecutor$Worker.run(ThreadPoolExecutor.java:635) ~[?:?]
	at java.lang.Thread.run(Thread.java:833) ~[?:?]
2023-06-16 09:38:23.846 [ERROR] [internal.handler.ScriptActionHandler] - Script execution of rule with UID '3b240af88b' failed: org.graalvm.polyglot.PolyglotException: TypeError: undefined has no such function "sendNotification"
2023-06-16 09:38:30.662 [ERROR] [b.automation.script.javascript.stack] - Failed to execute script:
org.graalvm.polyglot.PolyglotException: TypeError: undefined has no such function "sendNotification"
	at <js>.:program(<eval>:5) ~[?:?]
	at org.graalvm.polyglot.Context.eval(Context.java:399) ~[?:?]
	at com.oracle.truffle.js.scriptengine.GraalJSScriptEngine.eval(GraalJSScriptEngine.java:458) ~[?:?]
	at com.oracle.truffle.js.scriptengine.GraalJSScriptEngine.eval(GraalJSScriptEngine.java:426) ~[?:?]
	at javax.script.AbstractScriptEngine.eval(AbstractScriptEngine.java:262) ~[java.scripting:?]
	at org.openhab.automation.jsscripting.internal.scriptengine.DelegatingScriptEngineWithInvocableAndAutocloseable.eval(DelegatingScriptEngineWithInvocableAndAutocloseable.java:53) ~[?:?]
	at org.openhab.automation.jsscripting.internal.scriptengine.InvocationInterceptingScriptEngineWithInvocableAndAutoCloseable.eval(InvocationInterceptingScriptEngineWithInvocableAndAutoCloseable.java:78) ~[?:?]
	at org.openhab.automation.jsscripting.internal.scriptengine.DelegatingScriptEngineWithInvocableAndAutocloseable.eval(DelegatingScriptEngineWithInvocableAndAutocloseable.java:53) ~[?:?]
	at org.openhab.automation.jsscripting.internal.scriptengine.InvocationInterceptingScriptEngineWithInvocableAndAutoCloseable.eval(InvocationInterceptingScriptEngineWithInvocableAndAutoCloseable.java:78) ~[?:?]
	at org.openhab.core.automation.module.script.internal.handler.ScriptActionHandler.lambda$0(ScriptActionHandler.java:71) ~[?:?]
	at java.util.Optional.ifPresent(Optional.java:178) ~[?:?]
	at org.openhab.core.automation.module.script.internal.handler.ScriptActionHandler.execute(ScriptActionHandler.java:68) ~[?:?]
	at org.openhab.core.automation.internal.RuleEngineImpl.executeActions(RuleEngineImpl.java:1180) ~[?:?]
	at org.openhab.core.automation.internal.RuleEngineImpl.runRule(RuleEngineImpl.java:989) ~[?:?]
	at org.openhab.core.automation.internal.TriggerHandlerCallbackImpl$TriggerData.run(TriggerHandlerCallbackImpl.java:87) ~[?:?]
	at java.util.concurrent.Executors$RunnableAdapter.call(Executors.java:539) ~[?:?]
	at java.util.concurrent.FutureTask.run(FutureTask.java:264) ~[?:?]
	at java.util.concurrent.ScheduledThreadPoolExecutor$ScheduledFutureTask.run(ScheduledThreadPoolExecutor.java:304) ~[?:?]
	at java.util.concurrent.ThreadPoolExecutor.runWorker(ThreadPoolExecutor.java:1136) ~[?:?]
	at java.util.concurrent.ThreadPoolExecutor$Worker.run(ThreadPoolExecutor.java:635) ~[?:?]
	at java.lang.Thread.run(Thread.java:833) ~[?:?]
2023-06-16 09:38:30.664 [ERROR] [internal.handler.ScriptActionHandler] - Script execution of rule with UID '3b240af88b' failed: org.graalvm.polyglot.PolyglotException: TypeError: undefined has no such function "sendNotification"
2023-06-16 09:38:39.664 [ERROR] [b.automation.script.javascript.stack] - Failed to execute script:
org.graalvm.polyglot.PolyglotException: TypeError: undefined has no such function "sendNotification"
	at <js>.:program(<eval>:5) ~[?:?]
	at org.graalvm.polyglot.Context.eval(Context.java:399) ~[?:?]
	at com.oracle.truffle.js.scriptengine.GraalJSScriptEngine.eval(GraalJSScriptEngine.java:458) ~[?:?]
	at com.oracle.truffle.js.scriptengine.GraalJSScriptEngine.eval(GraalJSScriptEngine.java:426) ~[?:?]
	at javax.script.AbstractScriptEngine.eval(AbstractScriptEngine.java:262) ~[java.scripting:?]
	at org.openhab.automation.jsscripting.internal.scriptengine.DelegatingScriptEngineWithInvocableAndAutocloseable.eval(DelegatingScriptEngineWithInvocableAndAutocloseable.java:53) ~[?:?]
	at org.openhab.automation.jsscripting.internal.scriptengine.InvocationInterceptingScriptEngineWithInvocableAndAutoCloseable.eval(InvocationInterceptingScriptEngineWithInvocableAndAutoCloseable.java:78) ~[?:?]
	at org.openhab.automation.jsscripting.internal.scriptengine.DelegatingScriptEngineWithInvocableAndAutocloseable.eval(DelegatingScriptEngineWithInvocableAndAutocloseable.java:53) ~[?:?]
	at org.openhab.automation.jsscripting.internal.scriptengine.InvocationInterceptingScriptEngineWithInvocableAndAutoCloseable.eval(InvocationInterceptingScriptEngineWithInvocableAndAutoCloseable.java:78) ~[?:?]
	at org.openhab.core.automation.module.script.internal.handler.ScriptActionHandler.lambda$0(ScriptActionHandler.java:71) ~[?:?]
	at java.util.Optional.ifPresent(Optional.java:178) ~[?:?]
	at org.openhab.core.automation.module.script.internal.handler.ScriptActionHandler.execute(ScriptActionHandler.java:68) ~[?:?]
	at org.openhab.core.automation.internal.RuleEngineImpl.executeActions(RuleEngineImpl.java:1180) ~[?:?]
	at org.openhab.core.automation.internal.RuleEngineImpl.runRule(RuleEngineImpl.java:989) ~[?:?]
	at org.openhab.core.automation.internal.TriggerHandlerCallbackImpl$TriggerData.run(TriggerHandlerCallbackImpl.java:87) ~[?:?]
	at java.util.concurrent.Executors$RunnableAdapter.call(Executors.java:539) ~[?:?]
	at java.util.concurrent.FutureTask.run(FutureTask.java:264) ~[?:?]
	at java.util.concurrent.ScheduledThreadPoolExecutor$ScheduledFutureTask.run(ScheduledThreadPoolExecutor.java:304) ~[?:?]
	at java.util.concurrent.ThreadPoolExecutor.runWorker(ThreadPoolExecutor.java:1136) ~[?:?]
	at java.util.concurrent.ThreadPoolExecutor$Worker.run(ThreadPoolExecutor.java:635) ~[?:?]
	at java.lang.Thread.run(Thread.java:833) ~[?:?]
2023-06-16 09:38:39.666 [ERROR] [internal.handler.ScriptActionHandler] - Script execution of rule with UID '3b240af88b' failed: org.graalvm.polyglot.PolyglotException: TypeError: undefined has no such function "sendNotification"
2023-06-16 09:38:49.673 [ERROR] [b.automation.script.javascript.stack] - Failed to execute script:
org.graalvm.polyglot.PolyglotException: TypeError: undefined has no such function "sendNotification"
	at <js>.:program(<eval>:5) ~[?:?]
	at org.graalvm.polyglot.Context.eval(Context.java:399) ~[?:?]
	at com.oracle.truffle.js.scriptengine.GraalJSScriptEngine.eval(GraalJSScriptEngine.java:458) ~[?:?]
	at com.oracle.truffle.js.scriptengine.GraalJSScriptEngine.eval(GraalJSScriptEngine.java:426) ~[?:?]
	at javax.script.AbstractScriptEngine.eval(AbstractScriptEngine.java:262) ~[java.scripting:?]
	at org.openhab.automation.jsscripting.internal.scriptengine.DelegatingScriptEngineWithInvocableAndAutocloseable.eval(DelegatingScriptEngineWithInvocableAndAutocloseable.java:53) ~[?:?]
	at org.openhab.automation.jsscripting.internal.scriptengine.InvocationInterceptingScriptEngineWithInvocableAndAutoCloseable.eval(InvocationInterceptingScriptEngineWithInvocableAndAutoCloseable.java:78) ~[?:?]
	at org.openhab.automation.jsscripting.internal.scriptengine.DelegatingScriptEngineWithInvocableAndAutocloseable.eval(DelegatingScriptEngineWithInvocableAndAutocloseable.java:53) ~[?:?]
	at org.openhab.automation.jsscripting.internal.scriptengine.InvocationInterceptingScriptEngineWithInvocableAndAutoCloseable.eval(InvocationInterceptingScriptEngineWithInvocableAndAutoCloseable.java:78) ~[?:?]
	at org.openhab.core.automation.module.script.internal.handler.ScriptActionHandler.lambda$0(ScriptActionHandler.java:71) ~[?:?]
	at java.util.Optional.ifPresent(Optional.java:178) ~[?:?]
	at org.openhab.core.automation.module.script.internal.handler.ScriptActionHandler.execute(ScriptActionHandler.java:68) ~[?:?]
	at org.openhab.core.automation.internal.RuleEngineImpl.executeActions(RuleEngineImpl.java:1180) ~[?:?]
	at org.openhab.core.automation.internal.RuleEngineImpl.runRule(RuleEngineImpl.java:989) ~[?:?]
	at org.openhab.core.automation.internal.TriggerHandlerCallbackImpl$TriggerData.run(TriggerHandlerCallbackImpl.java:87) ~[?:?]
	at java.util.concurrent.Executors$RunnableAdapter.call(Executors.java:539) ~[?:?]
	at java.util.concurrent.FutureTask.run(FutureTask.java:264) ~[?:?]
	at java.util.concurrent.ScheduledThreadPoolExecutor$ScheduledFutureTask.run(ScheduledThreadPoolExecutor.java:304) ~[?:?]
	at java.util.concurrent.ThreadPoolExecutor.runWorker(ThreadPoolExecutor.java:1136) ~[?:?]
	at java.util.concurrent.ThreadPoolExecutor$Worker.run(ThreadPoolExecutor.java:635) ~[?:?]
	at java.lang.Thread.run(Thread.java:833) ~[?:?]
2023-06-16 09:38:49.675 [ERROR] [internal.handler.ScriptActionHandler] - Script execution of rule with UID '3b240af88b' failed: org.graalvm.polyglot.PolyglotException: TypeError: undefined has no such function "sendNotification"
2023-06-16 09:38:58.678 [ERROR] [b.automation.script.javascript.stack] - Failed to execute script:
org.graalvm.polyglot.PolyglotException: TypeError: undefined has no such function "sendNotification"
	at <js>.:program(<eval>:5) ~[?:?]
	at org.graalvm.polyglot.Context.eval(Context.java:399) ~[?:?]
	at com.oracle.truffle.js.scriptengine.GraalJSScriptEngine.eval(GraalJSScriptEngine.java:458) ~[?:?]
	at com.oracle.truffle.js.scriptengine.GraalJSScriptEngine.eval(GraalJSScriptEngine.java:426) ~[?:?]
	at javax.script.AbstractScriptEngine.eval(AbstractScriptEngine.java:262) ~[java.scripting:?]
	at org.openhab.automation.jsscripting.internal.scriptengine.DelegatingScriptEngineWithInvocableAndAutocloseable.eval(DelegatingScriptEngineWithInvocableAndAutocloseable.java:53) ~[?:?]
	at org.openhab.automation.jsscripting.internal.scriptengine.InvocationInterceptingScriptEngineWithInvocableAndAutoCloseable.eval(InvocationInterceptingScriptEngineWithInvocableAndAutoCloseable.java:78) ~[?:?]
	at org.openhab.automation.jsscripting.internal.scriptengine.DelegatingScriptEngineWithInvocableAndAutocloseable.eval(DelegatingScriptEngineWithInvocableAndAutocloseable.java:53) ~[?:?]
	at org.openhab.automation.jsscripting.internal.scriptengine.InvocationInterceptingScriptEngineWithInvocableAndAutoCloseable.eval(InvocationInterceptingScriptEngineWithInvocableAndAutoCloseable.java:78) ~[?:?]
	at org.openhab.core.automation.module.script.internal.handler.ScriptActionHandler.lambda$0(ScriptActionHandler.java:71) ~[?:?]
	at java.util.Optional.ifPresent(Optional.java:178) ~[?:?]
	at org.openhab.core.automation.module.script.internal.handler.ScriptActionHandler.execute(ScriptActionHandler.java:68) ~[?:?]
	at org.openhab.core.automation.internal.RuleEngineImpl.executeActions(RuleEngineImpl.java:1180) ~[?:?]
	at org.openhab.core.automation.internal.RuleEngineImpl.runRule(RuleEngineImpl.java:989) ~[?:?]
	at org.openhab.core.automation.internal.TriggerHandlerCallbackImpl$TriggerData.run(TriggerHandlerCallbackImpl.java:87) ~[?:?]
	at java.util.concurrent.Executors$RunnableAdapter.call(Executors.java:539) ~[?:?]
	at java.util.concurrent.FutureTask.run(FutureTask.java:264) ~[?:?]
	at java.util.concurrent.ScheduledThreadPoolExecutor$ScheduledFutureTask.run(ScheduledThreadPoolExecutor.java:304) ~[?:?]
	at java.util.concurrent.ThreadPoolExecutor.runWorker(ThreadPoolExecutor.java:1136) ~[?:?]
	at java.util.concurrent.ThreadPoolExecutor$Worker.run(ThreadPoolExecutor.java:635) ~[?:?]
	at java.lang.Thread.run(Thread.java:833) ~[?:?]
2023-06-16 09:38:58.680 [ERROR] [internal.handler.ScriptActionHandler] - Script execution of rule with UID '3b240af88b' failed: org.graalvm.polyglot.PolyglotException: TypeError: undefined has no such function "sendNotification"
2023-06-16 09:39:05.693 [ERROR] [b.automation.script.javascript.stack] - Failed to execute script:
org.graalvm.polyglot.PolyglotException: TypeError: undefined has no such function "sendNotification"
	at <js>.:program(<eval>:5) ~[?:?]
	at org.graalvm.polyglot.Context.eval(Context.java:399) ~[?:?]
	at com.oracle.truffle.js.scriptengine.GraalJSScriptEngine.eval(GraalJSScriptEngine.java:458) ~[?:?]
	at com.oracle.truffle.js.scriptengine.GraalJSScriptEngine.eval(GraalJSScriptEngine.java:426) ~[?:?]
	at javax.script.AbstractScriptEngine.eval(AbstractScriptEngine.java:262) ~[java.scripting:?]
	at org.openhab.automation.jsscripting.internal.scriptengine.DelegatingScriptEngineWithInvocableAndAutocloseable.eval(DelegatingScriptEngineWithInvocableAndAutocloseable.java:53) ~[?:?]
	at org.openhab.automation.jsscripting.internal.scriptengine.InvocationInterceptingScriptEngineWithInvocableAndAutoCloseable.eval(InvocationInterceptingScriptEngineWithInvocableAndAutoCloseable.java:78) ~[?:?]
	at org.openhab.automation.jsscripting.internal.scriptengine.DelegatingScriptEngineWithInvocableAndAutocloseable.eval(DelegatingScriptEngineWithInvocableAndAutocloseable.java:53) ~[?:?]
	at org.openhab.automation.jsscripting.internal.scriptengine.InvocationInterceptingScriptEngineWithInvocableAndAutoCloseable.eval(InvocationInterceptingScriptEngineWithInvocableAndAutoCloseable.java:78) ~[?:?]
	at org.openhab.core.automation.module.script.internal.handler.ScriptActionHandler.lambda$0(ScriptActionHandler.java:71) ~[?:?]
	at java.util.Optional.ifPresent(Optional.java:178) ~[?:?]
	at org.openhab.core.automation.module.script.internal.handler.ScriptActionHandler.execute(ScriptActionHandler.java:68) ~[?:?]
	at org.openhab.core.automation.internal.RuleEngineImpl.executeActions(RuleEngineImpl.java:1180) ~[?:?]
	at org.openhab.core.automation.internal.RuleEngineImpl.runRule(RuleEngineImpl.java:989) ~[?:?]
	at org.openhab.core.automation.internal.TriggerHandlerCallbackImpl$TriggerData.run(TriggerHandlerCallbackImpl.java:87) ~[?:?]
	at java.util.concurrent.Executors$RunnableAdapter.call(Executors.java:539) ~[?:?]
	at java.util.concurrent.FutureTask.run(FutureTask.java:264) ~[?:?]
	at java.util.concurrent.ScheduledThreadPoolExecutor$ScheduledFutureTask.run(ScheduledThreadPoolExecutor.java:304) ~[?:?]
	at java.util.concurrent.ThreadPoolExecutor.runWorker(ThreadPoolExecutor.java:1136) ~[?:?]
	at java.util.concurrent.ThreadPoolExecutor$Worker.run(ThreadPoolExecutor.java:635) ~[?:?]
	at java.lang.Thread.run(Thread.java:833) ~[?:?]
2023-06-16 09:39:05.695 [ERROR] [internal.handler.ScriptActionHandler] - Script execution of rule with UID '3b240af88b' failed: org.graalvm.polyglot.PolyglotException: TypeError: undefined has no such function "sendNotification"
2023-06-16 09:39:11.703 [ERROR] [b.automation.script.javascript.stack] - Failed to execute script:
org.graalvm.polyglot.PolyglotException: TypeError: undefined has no such function "sendNotification"
	at <js>.:program(<eval>:5) ~[?:?]
	at org.graalvm.polyglot.Context.eval(Context.java:399) ~[?:?]
	at com.oracle.truffle.js.scriptengine.GraalJSScriptEngine.eval(GraalJSScriptEngine.java:458) ~[?:?]
	at com.oracle.truffle.js.scriptengine.GraalJSScriptEngine.eval(GraalJSScriptEngine.java:426) ~[?:?]
	at javax.script.AbstractScriptEngine.eval(AbstractScriptEngine.java:262) ~[java.scripting:?]
	at org.openhab.automation.jsscripting.internal.scriptengine.DelegatingScriptEngineWithInvocableAndAutocloseable.eval(DelegatingScriptEngineWithInvocableAndAutocloseable.java:53) ~[?:?]
	at org.openhab.automation.jsscripting.internal.scriptengine.InvocationInterceptingScriptEngineWithInvocableAndAutoCloseable.eval(InvocationInterceptingScriptEngineWithInvocableAndAutoCloseable.java:78) ~[?:?]
	at org.openhab.automation.jsscripting.internal.scriptengine.DelegatingScriptEngineWithInvocableAndAutocloseable.eval(DelegatingScriptEngineWithInvocableAndAutocloseable.java:53) ~[?:?]
	at org.openhab.automation.jsscripting.internal.scriptengine.InvocationInterceptingScriptEngineWithInvocableAndAutoCloseable.eval(InvocationInterceptingScriptEngineWithInvocableAndAutoCloseable.java:78) ~[?:?]
	at org.openhab.core.automation.module.script.internal.handler.ScriptActionHandler.lambda$0(ScriptActionHandler.java:71) ~[?:?]
	at java.util.Optional.ifPresent(Optional.java:178) ~[?:?]
	at org.openhab.core.automation.module.script.internal.handler.ScriptActionHandler.execute(ScriptActionHandler.java:68) ~[?:?]
	at org.openhab.core.automation.internal.RuleEngineImpl.executeActions(RuleEngineImpl.java:1180) ~[?:?]
	at org.openhab.core.automation.internal.RuleEngineImpl.runRule(RuleEngineImpl.java:989) ~[?:?]
	at org.openhab.core.automation.internal.TriggerHandlerCallbackImpl$TriggerData.run(TriggerHandlerCallbackImpl.java:87) ~[?:?]
	at java.util.concurrent.Executors$RunnableAdapter.call(Executors.java:539) ~[?:?]
	at java.util.concurrent.FutureTask.run(FutureTask.java:264) ~[?:?]
	at java.util.concurrent.ScheduledThreadPoolExecutor$ScheduledFutureTask.run(ScheduledThreadPoolExecutor.java:304) ~[?:?]
	at java.util.concurrent.ThreadPoolExecutor.runWorker(ThreadPoolExecutor.java:1136) ~[?:?]
	at java.util.concurrent.ThreadPoolExecutor$Worker.run(ThreadPoolExecutor.java:635) ~[?:?]
	at java.lang.Thread.run(Thread.java:833) ~[?:?]
2023-06-16 09:39:11.704 [ERROR] [internal.handler.ScriptActionHandler] - Script execution of rule with UID '3b240af88b' failed: org.graalvm.polyglot.PolyglotException: TypeError: undefined has no such function "sendNotification"
2023-06-16 09:39:17.704 [ERROR] [b.automation.script.javascript.stack] - Failed to execute script:
org.graalvm.polyglot.PolyglotException: TypeError: undefined has no such function "sendNotification"
	at <js>.:program(<eval>:5) ~[?:?]
	at org.graalvm.polyglot.Context.eval(Context.java:399) ~[?:?]
	at com.oracle.truffle.js.scriptengine.GraalJSScriptEngine.eval(GraalJSScriptEngine.java:458) ~[?:?]
	at com.oracle.truffle.js.scriptengine.GraalJSScriptEngine.eval(GraalJSScriptEngine.java:426) ~[?:?]
	at javax.script.AbstractScriptEngine.eval(AbstractScriptEngine.java:262) ~[java.scripting:?]
	at org.openhab.automation.jsscripting.internal.scriptengine.DelegatingScriptEngineWithInvocableAndAutocloseable.eval(DelegatingScriptEngineWithInvocableAndAutocloseable.java:53) ~[?:?]
	at org.openhab.automation.jsscripting.internal.scriptengine.InvocationInterceptingScriptEngineWithInvocableAndAutoCloseable.eval(InvocationInterceptingScriptEngineWithInvocableAndAutoCloseable.java:78) ~[?:?]
	at org.openhab.automation.jsscripting.internal.scriptengine.DelegatingScriptEngineWithInvocableAndAutocloseable.eval(DelegatingScriptEngineWithInvocableAndAutocloseable.java:53) ~[?:?]
	at org.openhab.automation.jsscripting.internal.scriptengine.InvocationInterceptingScriptEngineWithInvocableAndAutoCloseable.eval(InvocationInterceptingScriptEngineWithInvocableAndAutoCloseable.java:78) ~[?:?]
	at org.openhab.core.automation.module.script.internal.handler.ScriptActionHandler.lambda$0(ScriptActionHandler.java:71) ~[?:?]
	at java.util.Optional.ifPresent(Optional.java:178) ~[?:?]
	at org.openhab.core.automation.module.script.internal.handler.ScriptActionHandler.execute(ScriptActionHandler.java:68) ~[?:?]
	at org.openhab.core.automation.internal.RuleEngineImpl.executeActions(RuleEngineImpl.java:1180) ~[?:?]
	at org.openhab.core.automation.internal.RuleEngineImpl.runRule(RuleEngineImpl.java:989) ~[?:?]
	at org.openhab.core.automation.internal.TriggerHandlerCallbackImpl$TriggerData.run(TriggerHandlerCallbackImpl.java:87) ~[?:?]
	at java.util.concurrent.Executors$RunnableAdapter.call(Executors.java:539) ~[?:?]
	at java.util.concurrent.FutureTask.run(FutureTask.java:264) ~[?:?]
	at java.util.concurrent.ScheduledThreadPoolExecutor$ScheduledFutureTask.run(ScheduledThreadPoolExecutor.java:304) ~[?:?]
	at java.util.concurrent.ThreadPoolExecutor.runWorker(ThreadPoolExecutor.java:1136) ~[?:?]
	at java.util.concurrent.ThreadPoolExecutor$Worker.run(ThreadPoolExecutor.java:635) ~[?:?]
	at java.lang.Thread.run(Thread.java:833) ~[?:?]
2023-06-16 09:39:17.707 [ERROR] [internal.handler.ScriptActionHandler] - Script execution of rule with UID '3b240af88b' failed: org.graalvm.polyglot.PolyglotException: TypeError: undefined has no such function "sendNotification"
2023-06-16 09:39:24.716 [ERROR] [b.automation.script.javascript.stack] - Failed to execute script:
org.graalvm.polyglot.PolyglotException: TypeError: undefined has no such function "sendNotification"
	at <js>.:program(<eval>:5) ~[?:?]
	at org.graalvm.polyglot.Context.eval(Context.java:399) ~[?:?]
	at com.oracle.truffle.js.scriptengine.GraalJSScriptEngine.eval(GraalJSScriptEngine.java:458) ~[?:?]
	at com.oracle.truffle.js.scriptengine.GraalJSScriptEngine.eval(GraalJSScriptEngine.java:426) ~[?:?]
	at javax.script.AbstractScriptEngine.eval(AbstractScriptEngine.java:262) ~[java.scripting:?]
	at org.openhab.automation.jsscripting.internal.scriptengine.DelegatingScriptEngineWithInvocableAndAutocloseable.eval(DelegatingScriptEngineWithInvocableAndAutocloseable.java:53) ~[?:?]
	at org.openhab.automation.jsscripting.internal.scriptengine.InvocationInterceptingScriptEngineWithInvocableAndAutoCloseable.eval(InvocationInterceptingScriptEngineWithInvocableAndAutoCloseable.java:78) ~[?:?]
	at org.openhab.automation.jsscripting.internal.scriptengine.DelegatingScriptEngineWithInvocableAndAutocloseable.eval(DelegatingScriptEngineWithInvocableAndAutocloseable.java:53) ~[?:?]
	at org.openhab.automation.jsscripting.internal.scriptengine.InvocationInterceptingScriptEngineWithInvocableAndAutoCloseable.eval(InvocationInterceptingScriptEngineWithInvocableAndAutoCloseable.java:78) ~[?:?]
	at org.openhab.core.automation.module.script.internal.handler.ScriptActionHandler.lambda$0(ScriptActionHandler.java:71) ~[?:?]
	at java.util.Optional.ifPresent(Optional.java:178) ~[?:?]
	at org.openhab.core.automation.module.script.internal.handler.ScriptActionHandler.execute(ScriptActionHandler.java:68) ~[?:?]
	at org.openhab.core.automation.internal.RuleEngineImpl.executeActions(RuleEngineImpl.java:1180) ~[?:?]
	at org.openhab.core.automation.internal.RuleEngineImpl.runRule(RuleEngineImpl.java:989) ~[?:?]
	at org.openhab.core.automation.internal.TriggerHandlerCallbackImpl$TriggerData.run(TriggerHandlerCallbackImpl.java:87) ~[?:?]
	at java.util.concurrent.Executors$RunnableAdapter.call(Executors.java:539) ~[?:?]
	at java.util.concurrent.FutureTask.run(FutureTask.java:264) ~[?:?]
	at java.util.concurrent.ScheduledThreadPoolExecutor$ScheduledFutureTask.run(ScheduledThreadPoolExecutor.java:304) ~[?:?]
	at java.util.concurrent.ThreadPoolExecutor.runWorker(ThreadPoolExecutor.java:1136) ~[?:?]
	at java.util.concurrent.ThreadPoolExecutor$Worker.run(ThreadPoolExecutor.java:635) ~[?:?]
	at java.lang.Thread.run(Thread.java:833) ~[?:?]
2023-06-16 09:39:24.719 [ERROR] [internal.handler.ScriptActionHandler] - Script execution of rule with UID '3b240af88b' failed: org.graalvm.polyglot.PolyglotException: TypeError: undefined has no such function "sendNotification"
2023-06-16 09:39:27.721 [ERROR] [b.automation.script.javascript.stack] - Failed to execute script:
org.graalvm.polyglot.PolyglotException: TypeError: undefined has no such function "sendNotification"
	at <js>.:program(<eval>:5) ~[?:?]
	at org.graalvm.polyglot.Context.eval(Context.java:399) ~[?:?]
	at com.oracle.truffle.js.scriptengine.GraalJSScriptEngine.eval(GraalJSScriptEngine.java:458) ~[?:?]
	at com.oracle.truffle.js.scriptengine.GraalJSScriptEngine.eval(GraalJSScriptEngine.java:426) ~[?:?]
	at javax.script.AbstractScriptEngine.eval(AbstractScriptEngine.java:262) ~[java.scripting:?]
	at org.openhab.automation.jsscripting.internal.scriptengine.DelegatingScriptEngineWithInvocableAndAutocloseable.eval(DelegatingScriptEngineWithInvocableAndAutocloseable.java:53) ~[?:?]
	at org.openhab.automation.jsscripting.internal.scriptengine.InvocationInterceptingScriptEngineWithInvocableAndAutoCloseable.eval(InvocationInterceptingScriptEngineWithInvocableAndAutoCloseable.java:78) ~[?:?]
	at org.openhab.automation.jsscripting.internal.scriptengine.DelegatingScriptEngineWithInvocableAndAutocloseable.eval(DelegatingScriptEngineWithInvocableAndAutocloseable.java:53) ~[?:?]
	at org.openhab.automation.jsscripting.internal.scriptengine.InvocationInterceptingScriptEngineWithInvocableAndAutoCloseable.eval(InvocationInterceptingScriptEngineWithInvocableAndAutoCloseable.java:78) ~[?:?]
	at org.openhab.core.automation.module.script.internal.handler.ScriptActionHandler.lambda$0(ScriptActionHandler.java:71) ~[?:?]
	at java.util.Optional.ifPresent(Optional.java:178) ~[?:?]
	at org.openhab.core.automation.module.script.internal.handler.ScriptActionHandler.execute(ScriptActionHandler.java:68) ~[?:?]
	at org.openhab.core.automation.internal.RuleEngineImpl.executeActions(RuleEngineImpl.java:1180) ~[?:?]
	at org.openhab.core.automation.internal.RuleEngineImpl.runRule(RuleEngineImpl.java:989) ~[?:?]
	at org.openhab.core.automation.internal.TriggerHandlerCallbackImpl$TriggerData.run(TriggerHandlerCallbackImpl.java:87) ~[?:?]
	at java.util.concurrent.Executors$RunnableAdapter.call(Executors.java:539) ~[?:?]
	at java.util.concurrent.FutureTask.run(FutureTask.java:264) ~[?:?]
	at java.util.concurrent.ScheduledThreadPoolExecutor$ScheduledFutureTask.run(ScheduledThreadPoolExecutor.java:304) ~[?:?]
	at java.util.concurrent.ThreadPoolExecutor.runWorker(ThreadPoolExecutor.java:1136) ~[?:?]
	at java.util.concurrent.ThreadPoolExecutor$Worker.run(ThreadPoolExecutor.java:635) ~[?:?]
	at java.lang.Thread.run(Thread.java:833) ~[?:?]
2023-06-16 09:39:27.723 [ERROR] [internal.handler.ScriptActionHandler] - Script execution of rule with UID '3b240af88b' failed: org.graalvm.polyglot.PolyglotException: TypeError: undefined has no such function "sendNotification"
2023-06-16 09:39:34.405 [ERROR] [b.automation.script.javascript.stack] - Failed to execute script:
org.graalvm.polyglot.PolyglotException: TypeError: undefined has no such function "sendNotification"
	at <js>.:program(<eval>:5) ~[?:?]
	at org.graalvm.polyglot.Context.eval(Context.java:399) ~[?:?]
	at com.oracle.truffle.js.scriptengine.GraalJSScriptEngine.eval(GraalJSScriptEngine.java:458) ~[?:?]
	at com.oracle.truffle.js.scriptengine.GraalJSScriptEngine.eval(GraalJSScriptEngine.java:426) ~[?:?]
	at javax.script.AbstractScriptEngine.eval(AbstractScriptEngine.java:262) ~[java.scripting:?]
	at org.openhab.automation.jsscripting.internal.scriptengine.DelegatingScriptEngineWithInvocableAndAutocloseable.eval(DelegatingScriptEngineWithInvocableAndAutocloseable.java:53) ~[?:?]
	at org.openhab.automation.jsscripting.internal.scriptengine.InvocationInterceptingScriptEngineWithInvocableAndAutoCloseable.eval(InvocationInterceptingScriptEngineWithInvocableAndAutoCloseable.java:78) ~[?:?]
	at org.openhab.automation.jsscripting.internal.scriptengine.DelegatingScriptEngineWithInvocableAndAutocloseable.eval(DelegatingScriptEngineWithInvocableAndAutocloseable.java:53) ~[?:?]
	at org.openhab.automation.jsscripting.internal.scriptengine.InvocationInterceptingScriptEngineWithInvocableAndAutoCloseable.eval(InvocationInterceptingScriptEngineWithInvocableAndAutoCloseable.java:78) ~[?:?]
	at org.openhab.core.automation.module.script.internal.handler.ScriptActionHandler.lambda$0(ScriptActionHandler.java:71) ~[?:?]
	at java.util.Optional.ifPresent(Optional.java:178) ~[?:?]
	at org.openhab.core.automation.module.script.internal.handler.ScriptActionHandler.execute(ScriptActionHandler.java:68) ~[?:?]
	at org.openhab.core.automation.internal.RuleEngineImpl.executeActions(RuleEngineImpl.java:1180) ~[?:?]
	at org.openhab.core.automation.internal.RuleEngineImpl.runNow(RuleEngineImpl.java:1031) ~[?:?]
	at org.openhab.core.automation.rest.internal.RuleResource.runNow(RuleResource.java:334) ~[?:?]
	at org.openhab.core.automation.rest.internal.RuleResource.runNow(RuleResource.java:348) ~[?:?]
	at jdk.internal.reflect.NativeMethodAccessorImpl.invoke0(Native Method) ~[?:?]
	at jdk.internal.reflect.NativeMethodAccessorImpl.invoke(NativeMethodAccessorImpl.java:77) ~[?:?]
	at jdk.internal.reflect.DelegatingMethodAccessorImpl.invoke(DelegatingMethodAccessorImpl.java:43) ~[?:?]
	at java.lang.reflect.Method.invoke(Method.java:568) ~[?:?]
	at org.apache.cxf.service.invoker.AbstractInvoker.performInvocation(AbstractInvoker.java:179) ~[bundleFile:3.4.5]
	at org.apache.cxf.service.invoker.AbstractInvoker.invoke(AbstractInvoker.java:96) ~[bundleFile:3.4.5]
	at org.apache.cxf.jaxrs.JAXRSInvoker.invoke(JAXRSInvoker.java:201) ~[bundleFile:3.4.5]
	at org.apache.cxf.jaxrs.JAXRSInvoker.invoke(JAXRSInvoker.java:104) ~[bundleFile:3.4.5]
	at org.apache.cxf.interceptor.ServiceInvokerInterceptor$1.run(ServiceInvokerInterceptor.java:59) ~[bundleFile:3.4.5]
	at org.apache.cxf.interceptor.ServiceInvokerInterceptor.handleMessage(ServiceInvokerInterceptor.java:96) ~[bundleFile:3.4.5]
	at org.apache.cxf.phase.PhaseInterceptorChain.doIntercept(PhaseInterceptorChain.java:308) ~[bundleFile:3.4.5]
	at org.apache.cxf.transport.ChainInitiationObserver.onMessage(ChainInitiationObserver.java:121) ~[bundleFile:3.4.5]
	at org.apache.cxf.transport.http.AbstractHTTPDestination.invoke(AbstractHTTPDestination.java:265) ~[bundleFile:3.4.5]
	at org.apache.cxf.transport.servlet.ServletController.invokeDestination(ServletController.java:234) ~[bundleFile:3.4.5]
	at org.apache.cxf.transport.servlet.ServletController.invoke(ServletController.java:208) ~[bundleFile:3.4.5]
	at org.apache.cxf.transport.servlet.ServletController.invoke(ServletController.java:160) ~[bundleFile:3.4.5]
	at org.apache.cxf.transport.servlet.CXFNonSpringServlet.invoke(CXFNonSpringServlet.java:225) ~[bundleFile:3.4.5]
	at org.apache.cxf.transport.servlet.AbstractHTTPServlet.handleRequest(AbstractHTTPServlet.java:298) ~[bundleFile:3.4.5]
	at org.apache.cxf.transport.servlet.AbstractHTTPServlet.doPost(AbstractHTTPServlet.java:217) ~[bundleFile:3.4.5]
	at javax.servlet.http.HttpServlet.service(HttpServlet.java:517) ~[bundleFile:4.0.4]
	at org.apache.cxf.transport.servlet.AbstractHTTPServlet.service(AbstractHTTPServlet.java:273) ~[bundleFile:3.4.5]
	at org.ops4j.pax.web.service.spi.servlet.OsgiInitializedServlet.service(OsgiInitializedServlet.java:102) ~[bundleFile:?]
	at org.eclipse.jetty.servlet.ServletHolder.handle(ServletHolder.java:799) ~[bundleFile:9.4.50.v20221201]
	at org.eclipse.jetty.servlet.ServletHandler$ChainEnd.doFilter(ServletHandler.java:1656) ~[bundleFile:9.4.50.v20221201]
	at org.ops4j.pax.web.service.spi.servlet.OsgiFilterChain.doFilter(OsgiFilterChain.java:100) ~[bundleFile:?]
	at org.ops4j.pax.web.service.jetty.internal.PaxWebServletHandler.doHandle(PaxWebServletHandler.java:310) ~[bundleFile:?]
	at org.eclipse.jetty.server.handler.ScopedHandler.handle(ScopedHandler.java:143) ~[bundleFile:9.4.50.v20221201]
	at org.eclipse.jetty.security.SecurityHandler.handle(SecurityHandler.java:600) ~[bundleFile:9.4.50.v20221201]
	at org.eclipse.jetty.server.handler.HandlerWrapper.handle(HandlerWrapper.java:127) ~[bundleFile:9.4.50.v20221201]
	at org.eclipse.jetty.server.handler.ScopedHandler.nextHandle(ScopedHandler.java:235) ~[bundleFile:9.4.50.v20221201]
	at org.eclipse.jetty.server.session.SessionHandler.doHandle(SessionHandler.java:1624) ~[bundleFile:9.4.50.v20221201]
	at org.eclipse.jetty.server.handler.ScopedHandler.nextHandle(ScopedHandler.java:233) ~[bundleFile:9.4.50.v20221201]
	at org.eclipse.jetty.server.handler.ContextHandler.doHandle(ContextHandler.java:1440) ~[bundleFile:9.4.50.v20221201]
	at org.eclipse.jetty.server.handler.ScopedHandler.nextScope(ScopedHandler.java:188) ~[bundleFile:9.4.50.v20221201]
	at org.eclipse.jetty.servlet.ServletHandler.doScope(ServletHandler.java:505) ~[bundleFile:9.4.50.v20221201]
	at org.eclipse.jetty.server.session.SessionHandler.doScope(SessionHandler.java:1594) ~[bundleFile:9.4.50.v20221201]
	at org.eclipse.jetty.server.handler.ScopedHandler.nextScope(ScopedHandler.java:186) ~[bundleFile:9.4.50.v20221201]
	at org.eclipse.jetty.server.handler.ContextHandler.doScope(ContextHandler.java:1355) ~[bundleFile:9.4.50.v20221201]
	at org.eclipse.jetty.server.handler.ScopedHandler.handle(ScopedHandler.java:141) ~[bundleFile:9.4.50.v20221201]
	at org.eclipse.jetty.server.handler.ContextHandlerCollection.handle(ContextHandlerCollection.java:234) ~[bundleFile:9.4.50.v20221201]
	at org.ops4j.pax.web.service.jetty.internal.PrioritizedHandlerCollection.handle(PrioritizedHandlerCollection.java:96) ~[bundleFile:?]
	at org.eclipse.jetty.server.handler.gzip.GzipHandler.handle(GzipHandler.java:722) ~[bundleFile:9.4.50.v20221201]
	at org.eclipse.jetty.server.handler.HandlerWrapper.handle(HandlerWrapper.java:127) ~[bundleFile:9.4.50.v20221201]
	at org.eclipse.jetty.server.Server.handle(Server.java:516) ~[bundleFile:9.4.50.v20221201]
	at org.eclipse.jetty.server.HttpChannel.lambda$handle$1(HttpChannel.java:487) ~[bundleFile:9.4.50.v20221201]
	at org.eclipse.jetty.server.HttpChannel.dispatch(HttpChannel.java:732) ~[bundleFile:9.4.50.v20221201]
	at org.eclipse.jetty.server.HttpChannel.handle(HttpChannel.java:479) ~[bundleFile:9.4.50.v20221201]
	at org.eclipse.jetty.server.HttpConnection.onFillable(HttpConnection.java:277) ~[bundleFile:9.4.50.v20221201]
	at org.eclipse.jetty.io.AbstractConnection$ReadCallback.succeeded(AbstractConnection.java:311) ~[bundleFile:9.4.50.v20221201]
	at org.eclipse.jetty.io.FillInterest.fillable(FillInterest.java:105) ~[bundleFile:9.4.50.v20221201]
	at org.eclipse.jetty.io.ChannelEndPoint$1.run(ChannelEndPoint.java:104) ~[bundleFile:9.4.50.v20221201]
	at org.eclipse.jetty.util.thread.strategy.EatWhatYouKill.runTask(EatWhatYouKill.java:338) ~[bundleFile:9.4.50.v20221201]
	at org.eclipse.jetty.util.thread.strategy.EatWhatYouKill.doProduce(EatWhatYouKill.java:315) ~[bundleFile:9.4.50.v20221201]
	at org.eclipse.jetty.util.thread.strategy.EatWhatYouKill.tryProduce(EatWhatYouKill.java:173) ~[bundleFile:9.4.50.v20221201]
	at org.eclipse.jetty.util.thread.strategy.EatWhatYouKill.run(EatWhatYouKill.java:131) ~[bundleFile:9.4.50.v20221201]
	at org.eclipse.jetty.util.thread.ReservedThreadExecutor$ReservedThread.run(ReservedThreadExecutor.java:409) ~[bundleFile:9.4.50.v20221201]
	at org.eclipse.jetty.util.thread.QueuedThreadPool.runJob(QueuedThreadPool.java:883) ~[bundleFile:9.4.50.v20221201]
	at org.eclipse.jetty.util.thread.QueuedThreadPool$Runner.run(QueuedThreadPool.java:1034) ~[bundleFile:9.4.50.v20221201]
	at java.lang.Thread.run(Thread.java:833) ~[?:?]
2023-06-16 09:39:34.412 [ERROR] [internal.handler.ScriptActionHandler] - Script execution of rule with UID '3b240af88b' failed: org.graalvm.polyglot.PolyglotException: TypeError: undefined has no such function "sendNotification"
2023-06-16 09:39:36.730 [ERROR] [b.automation.script.javascript.stack] - Failed to execute script:
org.graalvm.polyglot.PolyglotException: TypeError: undefined has no such function "sendNotification"
	at <js>.:program(<eval>:5) ~[?:?]
	at org.graalvm.polyglot.Context.eval(Context.java:399) ~[?:?]
	at com.oracle.truffle.js.scriptengine.GraalJSScriptEngine.eval(GraalJSScriptEngine.java:458) ~[?:?]
	at com.oracle.truffle.js.scriptengine.GraalJSScriptEngine.eval(GraalJSScriptEngine.java:426) ~[?:?]
	at javax.script.AbstractScriptEngine.eval(AbstractScriptEngine.java:262) ~[java.scripting:?]
	at org.openhab.automation.jsscripting.internal.scriptengine.DelegatingScriptEngineWithInvocableAndAutocloseable.eval(DelegatingScriptEngineWithInvocableAndAutocloseable.java:53) ~[?:?]
	at org.openhab.automation.jsscripting.internal.scriptengine.InvocationInterceptingScriptEngineWithInvocableAndAutoCloseable.eval(InvocationInterceptingScriptEngineWithInvocableAndAutoCloseable.java:78) ~[?:?]
	at org.openhab.automation.jsscripting.internal.scriptengine.DelegatingScriptEngineWithInvocableAndAutocloseable.eval(DelegatingScriptEngineWithInvocableAndAutocloseable.java:53) ~[?:?]
	at org.openhab.automation.jsscripting.internal.scriptengine.InvocationInterceptingScriptEngineWithInvocableAndAutoCloseable.eval(InvocationInterceptingScriptEngineWithInvocableAndAutoCloseable.java:78) ~[?:?]
	at org.openhab.core.automation.module.script.internal.handler.ScriptActionHandler.lambda$0(ScriptActionHandler.java:71) ~[?:?]
	at java.util.Optional.ifPresent(Optional.java:178) ~[?:?]
	at org.openhab.core.automation.module.script.internal.handler.ScriptActionHandler.execute(ScriptActionHandler.java:68) ~[?:?]
	at org.openhab.core.automation.internal.RuleEngineImpl.executeActions(RuleEngineImpl.java:1180) ~[?:?]
	at org.openhab.core.automation.internal.RuleEngineImpl.runRule(RuleEngineImpl.java:989) ~[?:?]
	at org.openhab.core.automation.internal.TriggerHandlerCallbackImpl$TriggerData.run(TriggerHandlerCallbackImpl.java:87) ~[?:?]
	at java.util.concurrent.Executors$RunnableAdapter.call(Executors.java:539) ~[?:?]
	at java.util.concurrent.FutureTask.run(FutureTask.java:264) ~[?:?]
	at java.util.concurrent.ScheduledThreadPoolExecutor$ScheduledFutureTask.run(ScheduledThreadPoolExecutor.java:304) ~[?:?]
	at java.util.concurrent.ThreadPoolExecutor.runWorker(ThreadPoolExecutor.java:1136) ~[?:?]
	at java.util.concurrent.ThreadPoolExecutor$Worker.run(ThreadPoolExecutor.java:635) ~[?:?]
	at java.lang.Thread.run(Thread.java:833) ~[?:?]
2023-06-16 09:39:36.732 [ERROR] [internal.handler.ScriptActionHandler] - Script execution of rule with UID '3b240af88b' failed: org.graalvm.polyglot.PolyglotException: TypeError: undefined has no such function "sendNotification"
2023-06-16 09:39:45.738 [ERROR] [b.automation.script.javascript.stack] - Failed to execute script:
org.graalvm.polyglot.PolyglotException: TypeError: undefined has no such function "sendNotification"
	at <js>.:program(<eval>:5) ~[?:?]
	at org.graalvm.polyglot.Context.eval(Context.java:399) ~[?:?]
	at com.oracle.truffle.js.scriptengine.GraalJSScriptEngine.eval(GraalJSScriptEngine.java:458) ~[?:?]
	at com.oracle.truffle.js.scriptengine.GraalJSScriptEngine.eval(GraalJSScriptEngine.java:426) ~[?:?]
	at javax.script.AbstractScriptEngine.eval(AbstractScriptEngine.java:262) ~[java.scripting:?]
	at org.openhab.automation.jsscripting.internal.scriptengine.DelegatingScriptEngineWithInvocableAndAutocloseable.eval(DelegatingScriptEngineWithInvocableAndAutocloseable.java:53) ~[?:?]
	at org.openhab.automation.jsscripting.internal.scriptengine.InvocationInterceptingScriptEngineWithInvocableAndAutoCloseable.eval(InvocationInterceptingScriptEngineWithInvocableAndAutoCloseable.java:78) ~[?:?]
	at org.openhab.automation.jsscripting.internal.scriptengine.DelegatingScriptEngineWithInvocableAndAutocloseable.eval(DelegatingScriptEngineWithInvocableAndAutocloseable.java:53) ~[?:?]
	at org.openhab.automation.jsscripting.internal.scriptengine.InvocationInterceptingScriptEngineWithInvocableAndAutoCloseable.eval(InvocationInterceptingScriptEngineWithInvocableAndAutoCloseable.java:78) ~[?:?]
	at org.openhab.core.automation.module.script.internal.handler.ScriptActionHandler.lambda$0(ScriptActionHandler.java:71) ~[?:?]
	at java.util.Optional.ifPresent(Optional.java:178) ~[?:?]
	at org.openhab.core.automation.module.script.internal.handler.ScriptActionHandler.execute(ScriptActionHandler.java:68) ~[?:?]
	at org.openhab.core.automation.internal.RuleEngineImpl.executeActions(RuleEngineImpl.java:1180) ~[?:?]
	at org.openhab.core.automation.internal.RuleEngineImpl.runRule(RuleEngineImpl.java:989) ~[?:?]
	at org.openhab.core.automation.internal.TriggerHandlerCallbackImpl$TriggerData.run(TriggerHandlerCallbackImpl.java:87) ~[?:?]
	at java.util.concurrent.Executors$RunnableAdapter.call(Executors.java:539) ~[?:?]
	at java.util.concurrent.FutureTask.run(FutureTask.java:264) ~[?:?]
	at java.util.concurrent.ScheduledThreadPoolExecutor$ScheduledFutureTask.run(ScheduledThreadPoolExecutor.java:304) ~[?:?]
	at java.util.concurrent.ThreadPoolExecutor.runWorker(ThreadPoolExecutor.java:1136) ~[?:?]
	at java.util.concurrent.ThreadPoolExecutor$Worker.run(ThreadPoolExecutor.java:635) ~[?:?]
	at java.lang.Thread.run(Thread.java:833) ~[?:?]
2023-06-16 09:39:45.740 [ERROR] [internal.handler.ScriptActionHandler] - Script execution of rule with UID '3b240af88b' failed: org.graalvm.polyglot.PolyglotException: TypeError: undefined has no such function "sendNotification"
2023-06-16 09:40:00.750 [ERROR] [b.automation.script.javascript.stack] - Failed to execute script:
org.graalvm.polyglot.PolyglotException: TypeError: undefined has no such function "sendNotification"
	at <js>.:program(<eval>:5) ~[?:?]
	at org.graalvm.polyglot.Context.eval(Context.java:399) ~[?:?]
	at com.oracle.truffle.js.scriptengine.GraalJSScriptEngine.eval(GraalJSScriptEngine.java:458) ~[?:?]
	at com.oracle.truffle.js.scriptengine.GraalJSScriptEngine.eval(GraalJSScriptEngine.java:426) ~[?:?]
	at javax.script.AbstractScriptEngine.eval(AbstractScriptEngine.java:262) ~[java.scripting:?]
	at org.openhab.automation.jsscripting.internal.scriptengine.DelegatingScriptEngineWithInvocableAndAutocloseable.eval(DelegatingScriptEngineWithInvocableAndAutocloseable.java:53) ~[?:?]
	at org.openhab.automation.jsscripting.internal.scriptengine.InvocationInterceptingScriptEngineWithInvocableAndAutoCloseable.eval(InvocationInterceptingScriptEngineWithInvocableAndAutoCloseable.java:78) ~[?:?]
	at org.openhab.automation.jsscripting.internal.scriptengine.DelegatingScriptEngineWithInvocableAndAutocloseable.eval(DelegatingScriptEngineWithInvocableAndAutocloseable.java:53) ~[?:?]
	at org.openhab.automation.jsscripting.internal.scriptengine.InvocationInterceptingScriptEngineWithInvocableAndAutoCloseable.eval(InvocationInterceptingScriptEngineWithInvocableAndAutoCloseable.java:78) ~[?:?]
	at org.openhab.core.automation.module.script.internal.handler.ScriptActionHandler.lambda$0(ScriptActionHandler.java:71) ~[?:?]
	at java.util.Optional.ifPresent(Optional.java:178) ~[?:?]
	at org.openhab.core.automation.module.script.internal.handler.ScriptActionHandler.execute(ScriptActionHandler.java:68) ~[?:?]
	at org.openhab.core.automation.internal.RuleEngineImpl.executeActions(RuleEngineImpl.java:1180) ~[?:?]
	at org.openhab.core.automation.internal.RuleEngineImpl.runRule(RuleEngineImpl.java:989) ~[?:?]
	at org.openhab.core.automation.internal.TriggerHandlerCallbackImpl$TriggerData.run(TriggerHandlerCallbackImpl.java:87) ~[?:?]
	at java.util.concurrent.Executors$RunnableAdapter.call(Executors.java:539) ~[?:?]
	at java.util.concurrent.FutureTask.run(FutureTask.java:264) ~[?:?]
	at java.util.concurrent.ScheduledThreadPoolExecutor$ScheduledFutureTask.run(ScheduledThreadPoolExecutor.java:304) ~[?:?]
	at java.util.concurrent.ThreadPoolExecutor.runWorker(ThreadPoolExecutor.java:1136) ~[?:?]
	at java.util.concurrent.ThreadPoolExecutor$Worker.run(ThreadPoolExecutor.java:635) ~[?:?]
	at java.lang.Thread.run(Thread.java:833) ~[?:?]
2023-06-16 09:40:00.752 [ERROR] [internal.handler.ScriptActionHandler] - Script execution of rule with UID '3b240af88b' failed: org.graalvm.polyglot.PolyglotException: TypeError: undefined has no such function "sendNotification"
2023-06-16 09:40:06.764 [ERROR] [b.automation.script.javascript.stack] - Failed to execute script:
org.graalvm.polyglot.PolyglotException: TypeError: undefined has no such function "sendNotification"
	at <js>.:program(<eval>:5) ~[?:?]
	at org.graalvm.polyglot.Context.eval(Context.java:399) ~[?:?]
	at com.oracle.truffle.js.scriptengine.GraalJSScriptEngine.eval(GraalJSScriptEngine.java:458) ~[?:?]
	at com.oracle.truffle.js.scriptengine.GraalJSScriptEngine.eval(GraalJSScriptEngine.java:426) ~[?:?]
	at javax.script.AbstractScriptEngine.eval(AbstractScriptEngine.java:262) ~[java.scripting:?]
	at org.openhab.automation.jsscripting.internal.scriptengine.DelegatingScriptEngineWithInvocableAndAutocloseable.eval(DelegatingScriptEngineWithInvocableAndAutocloseable.java:53) ~[?:?]
	at org.openhab.automation.jsscripting.internal.scriptengine.InvocationInterceptingScriptEngineWithInvocableAndAutoCloseable.eval(InvocationInterceptingScriptEngineWithInvocableAndAutoCloseable.java:78) ~[?:?]
	at org.openhab.automation.jsscripting.internal.scriptengine.DelegatingScriptEngineWithInvocableAndAutocloseable.eval(DelegatingScriptEngineWithInvocableAndAutocloseable.java:53) ~[?:?]
	at org.openhab.automation.jsscripting.internal.scriptengine.InvocationInterceptingScriptEngineWithInvocableAndAutoCloseable.eval(InvocationInterceptingScriptEngineWithInvocableAndAutoCloseable.java:78) ~[?:?]
	at org.openhab.core.automation.module.script.internal.handler.ScriptActionHandler.lambda$0(ScriptActionHandler.java:71) ~[?:?]
	at java.util.Optional.ifPresent(Optional.java:178) ~[?:?]
	at org.openhab.core.automation.module.script.internal.handler.ScriptActionHandler.execute(ScriptActionHandler.java:68) ~[?:?]
	at org.openhab.core.automation.internal.RuleEngineImpl.executeActions(RuleEngineImpl.java:1180) ~[?:?]
	at org.openhab.core.automation.internal.RuleEngineImpl.runRule(RuleEngineImpl.java:989) ~[?:?]
	at org.openhab.core.automation.internal.TriggerHandlerCallbackImpl$TriggerData.run(TriggerHandlerCallbackImpl.java:87) ~[?:?]
	at java.util.concurrent.Executors$RunnableAdapter.call(Executors.java:539) ~[?:?]
	at java.util.concurrent.FutureTask.run(FutureTask.java:264) ~[?:?]
	at java.util.concurrent.ScheduledThreadPoolExecutor$ScheduledFutureTask.run(ScheduledThreadPoolExecutor.java:304) ~[?:?]
	at java.util.concurrent.ThreadPoolExecutor.runWorker(ThreadPoolExecutor.java:1136) ~[?:?]
	at java.util.concurrent.ThreadPoolExecutor$Worker.run(ThreadPoolExecutor.java:635) ~[?:?]
	at java.lang.Thread.run(Thread.java:833) ~[?:?]
2023-06-16 09:40:06.765 [ERROR] [internal.handler.ScriptActionHandler] - Script execution of rule with UID '3b240af88b' failed: org.graalvm.polyglot.PolyglotException: TypeError: undefined has no such function "sendNotification"
2023-06-16 09:40:11.764 [ERROR] [b.automation.script.javascript.stack] - Failed to execute script:
org.graalvm.polyglot.PolyglotException: TypeError: undefined has no such function "sendNotification"
	at <js>.:program(<eval>:5) ~[?:?]
	at org.graalvm.polyglot.Context.eval(Context.java:399) ~[?:?]
	at com.oracle.truffle.js.scriptengine.GraalJSScriptEngine.eval(GraalJSScriptEngine.java:458) ~[?:?]
	at com.oracle.truffle.js.scriptengine.GraalJSScriptEngine.eval(GraalJSScriptEngine.java:426) ~[?:?]
	at javax.script.AbstractScriptEngine.eval(AbstractScriptEngine.java:262) ~[java.scripting:?]
	at org.openhab.automation.jsscripting.internal.scriptengine.DelegatingScriptEngineWithInvocableAndAutocloseable.eval(DelegatingScriptEngineWithInvocableAndAutocloseable.java:53) ~[?:?]
	at org.openhab.automation.jsscripting.internal.scriptengine.InvocationInterceptingScriptEngineWithInvocableAndAutoCloseable.eval(InvocationInterceptingScriptEngineWithInvocableAndAutoCloseable.java:78) ~[?:?]
	at org.openhab.automation.jsscripting.internal.scriptengine.DelegatingScriptEngineWithInvocableAndAutocloseable.eval(DelegatingScriptEngineWithInvocableAndAutocloseable.java:53) ~[?:?]
	at org.openhab.automation.jsscripting.internal.scriptengine.InvocationInterceptingScriptEngineWithInvocableAndAutoCloseable.eval(InvocationInterceptingScriptEngineWithInvocableAndAutoCloseable.java:78) ~[?:?]
	at org.openhab.core.automation.module.script.internal.handler.ScriptActionHandler.lambda$0(ScriptActionHandler.java:71) ~[?:?]
	at java.util.Optional.ifPresent(Optional.java:178) ~[?:?]
	at org.openhab.core.automation.module.script.internal.handler.ScriptActionHandler.execute(ScriptActionHandler.java:68) ~[?:?]
	at org.openhab.core.automation.internal.RuleEngineImpl.executeActions(RuleEngineImpl.java:1180) ~[?:?]
	at org.openhab.core.automation.internal.RuleEngineImpl.runRule(RuleEngineImpl.java:989) ~[?:?]
	at org.openhab.core.automation.internal.TriggerHandlerCallbackImpl$TriggerData.run(TriggerHandlerCallbackImpl.java:87) ~[?:?]
	at java.util.concurrent.Executors$RunnableAdapter.call(Executors.java:539) ~[?:?]
	at java.util.concurrent.FutureTask.run(FutureTask.java:264) ~[?:?]
	at java.util.concurrent.ScheduledThreadPoolExecutor$ScheduledFutureTask.run(ScheduledThreadPoolExecutor.java:304) ~[?:?]
	at java.util.concurrent.ThreadPoolExecutor.runWorker(ThreadPoolExecutor.java:1136) ~[?:?]
	at java.util.concurrent.ThreadPoolExecutor$Worker.run(ThreadPoolExecutor.java:635) ~[?:?]
	at java.lang.Thread.run(Thread.java:833) ~[?:?]
2023-06-16 09:40:11.767 [ERROR] [internal.handler.ScriptActionHandler] - Script execution of rule with UID '3b240af88b' failed: org.graalvm.polyglot.PolyglotException: TypeError: undefined has no such function "sendNotification"
2023-06-16 09:40:18.774 [ERROR] [b.automation.script.javascript.stack] - Failed to execute script:
org.graalvm.polyglot.PolyglotException: TypeError: undefined has no such function "sendNotification"
	at <js>.:program(<eval>:5) ~[?:?]
	at org.graalvm.polyglot.Context.eval(Context.java:399) ~[?:?]
	at com.oracle.truffle.js.scriptengine.GraalJSScriptEngine.eval(GraalJSScriptEngine.java:458) ~[?:?]
	at com.oracle.truffle.js.scriptengine.GraalJSScriptEngine.eval(GraalJSScriptEngine.java:426) ~[?:?]
	at javax.script.AbstractScriptEngine.eval(AbstractScriptEngine.java:262) ~[java.scripting:?]
	at org.openhab.automation.jsscripting.internal.scriptengine.DelegatingScriptEngineWithInvocableAndAutocloseable.eval(DelegatingScriptEngineWithInvocableAndAutocloseable.java:53) ~[?:?]
	at org.openhab.automation.jsscripting.internal.scriptengine.InvocationInterceptingScriptEngineWithInvocableAndAutoCloseable.eval(InvocationInterceptingScriptEngineWithInvocableAndAutoCloseable.java:78) ~[?:?]
	at org.openhab.automation.jsscripting.internal.scriptengine.DelegatingScriptEngineWithInvocableAndAutocloseable.eval(DelegatingScriptEngineWithInvocableAndAutocloseable.java:53) ~[?:?]
	at org.openhab.automation.jsscripting.internal.scriptengine.InvocationInterceptingScriptEngineWithInvocableAndAutoCloseable.eval(InvocationInterceptingScriptEngineWithInvocableAndAutoCloseable.java:78) ~[?:?]
	at org.openhab.core.automation.module.script.internal.handler.ScriptActionHandler.lambda$0(ScriptActionHandler.java:71) ~[?:?]
	at java.util.Optional.ifPresent(Optional.java:178) ~[?:?]
	at org.openhab.core.automation.module.script.internal.handler.ScriptActionHandler.execute(ScriptActionHandler.java:68) ~[?:?]
	at org.openhab.core.automation.internal.RuleEngineImpl.executeActions(RuleEngineImpl.java:1180) ~[?:?]
	at org.openhab.core.automation.internal.RuleEngineImpl.runRule(RuleEngineImpl.java:989) ~[?:?]
	at org.openhab.core.automation.internal.TriggerHandlerCallbackImpl$TriggerData.run(TriggerHandlerCallbackImpl.java:87) ~[?:?]
	at java.util.concurrent.Executors$RunnableAdapter.call(Executors.java:539) ~[?:?]
	at java.util.concurrent.FutureTask.run(FutureTask.java:264) ~[?:?]
	at java.util.concurrent.ScheduledThreadPoolExecutor$ScheduledFutureTask.run(ScheduledThreadPoolExecutor.java:304) ~[?:?]
	at java.util.concurrent.ThreadPoolExecutor.runWorker(ThreadPoolExecutor.java:1136) ~[?:?]
	at java.util.concurrent.ThreadPoolExecutor$Worker.run(ThreadPoolExecutor.java:635) ~[?:?]
	at java.lang.Thread.run(Thread.java:833) ~[?:?]
2023-06-16 09:40:18.776 [ERROR] [internal.handler.ScriptActionHandler] - Script execution of rule with UID '3b240af88b' failed: org.graalvm.polyglot.PolyglotException: TypeError: undefined has no such function "sendNotification"
2023-06-16 09:40:26.788 [ERROR] [b.automation.script.javascript.stack] - Failed to execute script:
org.graalvm.polyglot.PolyglotException: TypeError: undefined has no such function "sendNotification"
	at <js>.:program(<eval>:5) ~[?:?]
	at org.graalvm.polyglot.Context.eval(Context.java:399) ~[?:?]
	at com.oracle.truffle.js.scriptengine.GraalJSScriptEngine.eval(GraalJSScriptEngine.java:458) ~[?:?]
	at com.oracle.truffle.js.scriptengine.GraalJSScriptEngine.eval(GraalJSScriptEngine.java:426) ~[?:?]
	at javax.script.AbstractScriptEngine.eval(AbstractScriptEngine.java:262) ~[java.scripting:?]
	at org.openhab.automation.jsscripting.internal.scriptengine.DelegatingScriptEngineWithInvocableAndAutocloseable.eval(DelegatingScriptEngineWithInvocableAndAutocloseable.java:53) ~[?:?]
	at org.openhab.automation.jsscripting.internal.scriptengine.InvocationInterceptingScriptEngineWithInvocableAndAutoCloseable.eval(InvocationInterceptingScriptEngineWithInvocableAndAutoCloseable.java:78) ~[?:?]
	at org.openhab.automation.jsscripting.internal.scriptengine.DelegatingScriptEngineWithInvocableAndAutocloseable.eval(DelegatingScriptEngineWithInvocableAndAutocloseable.java:53) ~[?:?]
	at org.openhab.automation.jsscripting.internal.scriptengine.InvocationInterceptingScriptEngineWithInvocableAndAutoCloseable.eval(InvocationInterceptingScriptEngineWithInvocableAndAutoCloseable.java:78) ~[?:?]
	at org.openhab.core.automation.module.script.internal.handler.ScriptActionHandler.lambda$0(ScriptActionHandler.java:71) ~[?:?]
	at java.util.Optional.ifPresent(Optional.java:178) ~[?:?]
	at org.openhab.core.automation.module.script.internal.handler.ScriptActionHandler.execute(ScriptActionHandler.java:68) ~[?:?]
	at org.openhab.core.automation.internal.RuleEngineImpl.executeActions(RuleEngineImpl.java:1180) ~[?:?]
	at org.openhab.core.automation.internal.RuleEngineImpl.runRule(RuleEngineImpl.java:989) ~[?:?]
	at org.openhab.core.automation.internal.TriggerHandlerCallbackImpl$TriggerData.run(TriggerHandlerCallbackImpl.java:87) ~[?:?]
	at java.util.concurrent.Executors$RunnableAdapter.call(Executors.java:539) ~[?:?]
	at java.util.concurrent.FutureTask.run(FutureTask.java:264) ~[?:?]
	at java.util.concurrent.ScheduledThreadPoolExecutor$ScheduledFutureTask.run(ScheduledThreadPoolExecutor.java:304) ~[?:?]
	at java.util.concurrent.ThreadPoolExecutor.runWorker(ThreadPoolExecutor.java:1136) ~[?:?]
	at java.util.concurrent.ThreadPoolExecutor$Worker.run(ThreadPoolExecutor.java:635) ~[?:?]
	at java.lang.Thread.run(Thread.java:833) ~[?:?]
2023-06-16 09:40:26.790 [ERROR] [internal.handler.ScriptActionHandler] - Script execution of rule with UID '3b240af88b' failed: org.graalvm.polyglot.PolyglotException: TypeError: undefined has no such function "sendNotification"
2023-06-16 09:40:31.789 [ERROR] [b.automation.script.javascript.stack] - Failed to execute script:
org.graalvm.polyglot.PolyglotException: TypeError: undefined has no such function "sendNotification"
	at <js>.:program(<eval>:5) ~[?:?]
	at org.graalvm.polyglot.Context.eval(Context.java:399) ~[?:?]
	at com.oracle.truffle.js.scriptengine.GraalJSScriptEngine.eval(GraalJSScriptEngine.java:458) ~[?:?]
	at com.oracle.truffle.js.scriptengine.GraalJSScriptEngine.eval(GraalJSScriptEngine.java:426) ~[?:?]
	at javax.script.AbstractScriptEngine.eval(AbstractScriptEngine.java:262) ~[java.scripting:?]
	at org.openhab.automation.jsscripting.internal.scriptengine.DelegatingScriptEngineWithInvocableAndAutocloseable.eval(DelegatingScriptEngineWithInvocableAndAutocloseable.java:53) ~[?:?]
	at org.openhab.automation.jsscripting.internal.scriptengine.InvocationInterceptingScriptEngineWithInvocableAndAutoCloseable.eval(InvocationInterceptingScriptEngineWithInvocableAndAutoCloseable.java:78) ~[?:?]
	at org.openhab.automation.jsscripting.internal.scriptengine.DelegatingScriptEngineWithInvocableAndAutocloseable.eval(DelegatingScriptEngineWithInvocableAndAutocloseable.java:53) ~[?:?]
	at org.openhab.automation.jsscripting.internal.scriptengine.InvocationInterceptingScriptEngineWithInvocableAndAutoCloseable.eval(InvocationInterceptingScriptEngineWithInvocableAndAutoCloseable.java:78) ~[?:?]
	at org.openhab.core.automation.module.script.internal.handler.ScriptActionHandler.lambda$0(ScriptActionHandler.java:71) ~[?:?]
	at java.util.Optional.ifPresent(Optional.java:178) ~[?:?]
	at org.openhab.core.automation.module.script.internal.handler.ScriptActionHandler.execute(ScriptActionHandler.java:68) ~[?:?]
	at org.openhab.core.automation.internal.RuleEngineImpl.executeActions(RuleEngineImpl.java:1180) ~[?:?]
	at org.openhab.core.automation.internal.RuleEngineImpl.runRule(RuleEngineImpl.java:989) ~[?:?]
	at org.openhab.core.automation.internal.TriggerHandlerCallbackImpl$TriggerData.run(TriggerHandlerCallbackImpl.java:87) ~[?:?]
	at java.util.concurrent.Executors$RunnableAdapter.call(Executors.java:539) ~[?:?]
	at java.util.concurrent.FutureTask.run(FutureTask.java:264) ~[?:?]
	at java.util.concurrent.ScheduledThreadPoolExecutor$ScheduledFutureTask.run(ScheduledThreadPoolExecutor.java:304) ~[?:?]
	at java.util.concurrent.ThreadPoolExecutor.runWorker(ThreadPoolExecutor.java:1136) ~[?:?]
	at java.util.concurrent.ThreadPoolExecutor$Worker.run(ThreadPoolExecutor.java:635) ~[?:?]
	at java.lang.Thread.run(Thread.java:833) ~[?:?]
2023-06-16 09:40:31.791 [ERROR] [internal.handler.ScriptActionHandler] - Script execution of rule with UID '3b240af88b' failed: org.graalvm.polyglot.PolyglotException: TypeError: undefined has no such function "sendNotification"
2023-06-16 09:40:41.791 [ERROR] [b.automation.script.javascript.stack] - Failed to execute script:
org.graalvm.polyglot.PolyglotException: TypeError: undefined has no such function "sendNotification"
	at <js>.:program(<eval>:5) ~[?:?]
	at org.graalvm.polyglot.Context.eval(Context.java:399) ~[?:?]
	at com.oracle.truffle.js.scriptengine.GraalJSScriptEngine.eval(GraalJSScriptEngine.java:458) ~[?:?]
	at com.oracle.truffle.js.scriptengine.GraalJSScriptEngine.eval(GraalJSScriptEngine.java:426) ~[?:?]
	at javax.script.AbstractScriptEngine.eval(AbstractScriptEngine.java:262) ~[java.scripting:?]
	at org.openhab.automation.jsscripting.internal.scriptengine.DelegatingScriptEngineWithInvocableAndAutocloseable.eval(DelegatingScriptEngineWithInvocableAndAutocloseable.java:53) ~[?:?]
	at org.openhab.automation.jsscripting.internal.scriptengine.InvocationInterceptingScriptEngineWithInvocableAndAutoCloseable.eval(InvocationInterceptingScriptEngineWithInvocableAndAutoCloseable.java:78) ~[?:?]
	at org.openhab.automation.jsscripting.internal.scriptengine.DelegatingScriptEngineWithInvocableAndAutocloseable.eval(DelegatingScriptEngineWithInvocableAndAutocloseable.java:53) ~[?:?]
	at org.openhab.automation.jsscripting.internal.scriptengine.InvocationInterceptingScriptEngineWithInvocableAndAutoCloseable.eval(InvocationInterceptingScriptEngineWithInvocableAndAutoCloseable.java:78) ~[?:?]
	at org.openhab.core.automation.module.script.internal.handler.ScriptActionHandler.lambda$0(ScriptActionHandler.java:71) ~[?:?]
	at java.util.Optional.ifPresent(Optional.java:178) ~[?:?]
	at org.openhab.core.automation.module.script.internal.handler.ScriptActionHandler.execute(ScriptActionHandler.java:68) ~[?:?]
	at org.openhab.core.automation.internal.RuleEngineImpl.executeActions(RuleEngineImpl.java:1180) ~[?:?]
	at org.openhab.core.automation.internal.RuleEngineImpl.runRule(RuleEngineImpl.java:989) ~[?:?]
	at org.openhab.core.automation.internal.TriggerHandlerCallbackImpl$TriggerData.run(TriggerHandlerCallbackImpl.java:87) ~[?:?]
	at java.util.concurrent.Executors$RunnableAdapter.call(Executors.java:539) ~[?:?]
	at java.util.concurrent.FutureTask.run(FutureTask.java:264) ~[?:?]
	at java.util.concurrent.ScheduledThreadPoolExecutor$ScheduledFutureTask.run(ScheduledThreadPoolExecutor.java:304) ~[?:?]
	at java.util.concurrent.ThreadPoolExecutor.runWorker(ThreadPoolExecutor.java:1136) ~[?:?]
	at java.util.concurrent.ThreadPoolExecutor$Worker.run(ThreadPoolExecutor.java:635) ~[?:?]
	at java.lang.Thread.run(Thread.java:833) ~[?:?]
2023-06-16 09:40:41.793 [ERROR] [internal.handler.ScriptActionHandler] - Script execution of rule with UID '3b240af88b' failed: org.graalvm.polyglot.PolyglotException: TypeError: undefined has no such function "sendNotification"
2023-06-16 09:40:46.804 [ERROR] [b.automation.script.javascript.stack] - Failed to execute script:
org.graalvm.polyglot.PolyglotException: TypeError: undefined has no such function "sendNotification"
	at <js>.:program(<eval>:5) ~[?:?]
	at org.graalvm.polyglot.Context.eval(Context.java:399) ~[?:?]
	at com.oracle.truffle.js.scriptengine.GraalJSScriptEngine.eval(GraalJSScriptEngine.java:458) ~[?:?]
	at com.oracle.truffle.js.scriptengine.GraalJSScriptEngine.eval(GraalJSScriptEngine.java:426) ~[?:?]
	at javax.script.AbstractScriptEngine.eval(AbstractScriptEngine.java:262) ~[java.scripting:?]
	at org.openhab.automation.jsscripting.internal.scriptengine.DelegatingScriptEngineWithInvocableAndAutocloseable.eval(DelegatingScriptEngineWithInvocableAndAutocloseable.java:53) ~[?:?]
	at org.openhab.automation.jsscripting.internal.scriptengine.InvocationInterceptingScriptEngineWithInvocableAndAutoCloseable.eval(InvocationInterceptingScriptEngineWithInvocableAndAutoCloseable.java:78) ~[?:?]
	at org.openhab.automation.jsscripting.internal.scriptengine.DelegatingScriptEngineWithInvocableAndAutocloseable.eval(DelegatingScriptEngineWithInvocableAndAutocloseable.java:53) ~[?:?]
	at org.openhab.automation.jsscripting.internal.scriptengine.InvocationInterceptingScriptEngineWithInvocableAndAutoCloseable.eval(InvocationInterceptingScriptEngineWithInvocableAndAutoCloseable.java:78) ~[?:?]
	at org.openhab.core.automation.module.script.internal.handler.ScriptActionHandler.lambda$0(ScriptActionHandler.java:71) ~[?:?]
	at java.util.Optional.ifPresent(Optional.java:178) ~[?:?]
	at org.openhab.core.automation.module.script.internal.handler.ScriptActionHandler.execute(ScriptActionHandler.java:68) ~[?:?]
	at org.openhab.core.automation.internal.RuleEngineImpl.executeActions(RuleEngineImpl.java:1180) ~[?:?]
	at org.openhab.core.automation.internal.RuleEngineImpl.runRule(RuleEngineImpl.java:989) ~[?:?]
	at org.openhab.core.automation.internal.TriggerHandlerCallbackImpl$TriggerData.run(TriggerHandlerCallbackImpl.java:87) ~[?:?]
	at java.util.concurrent.Executors$RunnableAdapter.call(Executors.java:539) ~[?:?]
	at java.util.concurrent.FutureTask.run(FutureTask.java:264) ~[?:?]
	at java.util.concurrent.ScheduledThreadPoolExecutor$ScheduledFutureTask.run(ScheduledThreadPoolExecutor.java:304) ~[?:?]
	at java.util.concurrent.ThreadPoolExecutor.runWorker(ThreadPoolExecutor.java:1136) ~[?:?]
	at java.util.concurrent.ThreadPoolExecutor$Worker.run(ThreadPoolExecutor.java:635) ~[?:?]
	at java.lang.Thread.run(Thread.java:833) ~[?:?]
2023-06-16 09:40:46.805 [ERROR] [internal.handler.ScriptActionHandler] - Script execution of rule with UID '3b240af88b' failed: org.graalvm.polyglot.PolyglotException: TypeError: undefined has no such function "sendNotification"
2023-06-16 09:40:52.809 [ERROR] [b.automation.script.javascript.stack] - Failed to execute script:
org.graalvm.polyglot.PolyglotException: TypeError: undefined has no such function "sendNotification"
	at <js>.:program(<eval>:5) ~[?:?]
	at org.graalvm.polyglot.Context.eval(Context.java:399) ~[?:?]
	at com.oracle.truffle.js.scriptengine.GraalJSScriptEngine.eval(GraalJSScriptEngine.java:458) ~[?:?]
	at com.oracle.truffle.js.scriptengine.GraalJSScriptEngine.eval(GraalJSScriptEngine.java:426) ~[?:?]
	at javax.script.AbstractScriptEngine.eval(AbstractScriptEngine.java:262) ~[java.scripting:?]
	at org.openhab.automation.jsscripting.internal.scriptengine.DelegatingScriptEngineWithInvocableAndAutocloseable.eval(DelegatingScriptEngineWithInvocableAndAutocloseable.java:53) ~[?:?]
	at org.openhab.automation.jsscripting.internal.scriptengine.InvocationInterceptingScriptEngineWithInvocableAndAutoCloseable.eval(InvocationInterceptingScriptEngineWithInvocableAndAutoCloseable.java:78) ~[?:?]
	at org.openhab.automation.jsscripting.internal.scriptengine.DelegatingScriptEngineWithInvocableAndAutocloseable.eval(DelegatingScriptEngineWithInvocableAndAutocloseable.java:53) ~[?:?]
	at org.openhab.automation.jsscripting.internal.scriptengine.InvocationInterceptingScriptEngineWithInvocableAndAutoCloseable.eval(InvocationInterceptingScriptEngineWithInvocableAndAutoCloseable.java:78) ~[?:?]
	at org.openhab.core.automation.module.script.internal.handler.ScriptActionHandler.lambda$0(ScriptActionHandler.java:71) ~[?:?]
	at java.util.Optional.ifPresent(Optional.java:178) ~[?:?]
	at org.openhab.core.automation.module.script.internal.handler.ScriptActionHandler.execute(ScriptActionHandler.java:68) ~[?:?]
	at org.openhab.core.automation.internal.RuleEngineImpl.executeActions(RuleEngineImpl.java:1180) ~[?:?]
	at org.openhab.core.automation.internal.RuleEngineImpl.runRule(RuleEngineImpl.java:989) ~[?:?]
	at org.openhab.core.automation.internal.TriggerHandlerCallbackImpl$TriggerData.run(TriggerHandlerCallbackImpl.java:87) ~[?:?]
	at java.util.concurrent.Executors$RunnableAdapter.call(Executors.java:539) ~[?:?]
	at java.util.concurrent.FutureTask.run(FutureTask.java:264) ~[?:?]
	at java.util.concurrent.ScheduledThreadPoolExecutor$ScheduledFutureTask.run(ScheduledThreadPoolExecutor.java:304) ~[?:?]
	at java.util.concurrent.ThreadPoolExecutor.runWorker(ThreadPoolExecutor.java:1136) ~[?:?]
	at java.util.concurrent.ThreadPoolExecutor$Worker.run(ThreadPoolExecutor.java:635) ~[?:?]
	at java.lang.Thread.run(Thread.java:833) ~[?:?]
2023-06-16 09:40:52.811 [ERROR] [internal.handler.ScriptActionHandler] - Script execution of rule with UID '3b240af88b' failed: org.graalvm.polyglot.PolyglotException: TypeError: undefined has no such function "sendNotification"
2023-06-16 09:41:05.822 [ERROR] [b.automation.script.javascript.stack] - Failed to execute script:
org.graalvm.polyglot.PolyglotException: TypeError: undefined has no such function "sendNotification"
	at <js>.:program(<eval>:5) ~[?:?]
	at org.graalvm.polyglot.Context.eval(Context.java:399) ~[?:?]
	at com.oracle.truffle.js.scriptengine.GraalJSScriptEngine.eval(GraalJSScriptEngine.java:458) ~[?:?]
	at com.oracle.truffle.js.scriptengine.GraalJSScriptEngine.eval(GraalJSScriptEngine.java:426) ~[?:?]
	at javax.script.AbstractScriptEngine.eval(AbstractScriptEngine.java:262) ~[java.scripting:?]
	at org.openhab.automation.jsscripting.internal.scriptengine.DelegatingScriptEngineWithInvocableAndAutocloseable.eval(DelegatingScriptEngineWithInvocableAndAutocloseable.java:53) ~[?:?]
	at org.openhab.automation.jsscripting.internal.scriptengine.InvocationInterceptingScriptEngineWithInvocableAndAutoCloseable.eval(InvocationInterceptingScriptEngineWithInvocableAndAutoCloseable.java:78) ~[?:?]
	at org.openhab.automation.jsscripting.internal.scriptengine.DelegatingScriptEngineWithInvocableAndAutocloseable.eval(DelegatingScriptEngineWithInvocableAndAutocloseable.java:53) ~[?:?]
	at org.openhab.automation.jsscripting.internal.scriptengine.InvocationInterceptingScriptEngineWithInvocableAndAutoCloseable.eval(InvocationInterceptingScriptEngineWithInvocableAndAutoCloseable.java:78) ~[?:?]
	at org.openhab.core.automation.module.script.internal.handler.ScriptActionHandler.lambda$0(ScriptActionHandler.java:71) ~[?:?]
	at java.util.Optional.ifPresent(Optional.java:178) ~[?:?]
	at org.openhab.core.automation.module.script.internal.handler.ScriptActionHandler.execute(ScriptActionHandler.java:68) ~[?:?]
	at org.openhab.core.automation.internal.RuleEngineImpl.executeActions(RuleEngineImpl.java:1180) ~[?:?]
	at org.openhab.core.automation.internal.RuleEngineImpl.runRule(RuleEngineImpl.java:989) ~[?:?]
	at org.openhab.core.automation.internal.TriggerHandlerCallbackImpl$TriggerData.run(TriggerHandlerCallbackImpl.java:87) ~[?:?]
	at java.util.concurrent.Executors$RunnableAdapter.call(Executors.java:539) ~[?:?]
	at java.util.concurrent.FutureTask.run(FutureTask.java:264) ~[?:?]
	at java.util.concurrent.ScheduledThreadPoolExecutor$ScheduledFutureTask.run(ScheduledThreadPoolExecutor.java:304) ~[?:?]
	at java.util.concurrent.ThreadPoolExecutor.runWorker(ThreadPoolExecutor.java:1136) ~[?:?]
	at java.util.concurrent.ThreadPoolExecutor$Worker.run(ThreadPoolExecutor.java:635) ~[?:?]
	at java.lang.Thread.run(Thread.java:833) ~[?:?]
2023-06-16 09:41:05.824 [ERROR] [internal.handler.ScriptActionHandler] - Script execution of rule with UID '3b240af88b' failed: org.graalvm.polyglot.PolyglotException: TypeError: undefined has no such function "sendNotification"
2023-06-16 09:41:15.828 [ERROR] [b.automation.script.javascript.stack] - Failed to execute script:
org.graalvm.polyglot.PolyglotException: TypeError: undefined has no such function "sendNotification"
	at <js>.:program(<eval>:5) ~[?:?]
	at org.graalvm.polyglot.Context.eval(Context.java:399) ~[?:?]
	at com.oracle.truffle.js.scriptengine.GraalJSScriptEngine.eval(GraalJSScriptEngine.java:458) ~[?:?]
	at com.oracle.truffle.js.scriptengine.GraalJSScriptEngine.eval(GraalJSScriptEngine.java:426) ~[?:?]
	at javax.script.AbstractScriptEngine.eval(AbstractScriptEngine.java:262) ~[java.scripting:?]
	at org.openhab.automation.jsscripting.internal.scriptengine.DelegatingScriptEngineWithInvocableAndAutocloseable.eval(DelegatingScriptEngineWithInvocableAndAutocloseable.java:53) ~[?:?]
	at org.openhab.automation.jsscripting.internal.scriptengine.InvocationInterceptingScriptEngineWithInvocableAndAutoCloseable.eval(InvocationInterceptingScriptEngineWithInvocableAndAutoCloseable.java:78) ~[?:?]
	at org.openhab.automation.jsscripting.internal.scriptengine.DelegatingScriptEngineWithInvocableAndAutocloseable.eval(DelegatingScriptEngineWithInvocableAndAutocloseable.java:53) ~[?:?]
	at org.openhab.automation.jsscripting.internal.scriptengine.InvocationInterceptingScriptEngineWithInvocableAndAutoCloseable.eval(InvocationInterceptingScriptEngineWithInvocableAndAutoCloseable.java:78) ~[?:?]
	at org.openhab.core.automation.module.script.internal.handler.ScriptActionHandler.lambda$0(ScriptActionHandler.java:71) ~[?:?]
	at java.util.Optional.ifPresent(Optional.java:178) ~[?:?]
	at org.openhab.core.automation.module.script.internal.handler.ScriptActionHandler.execute(ScriptActionHandler.java:68) ~[?:?]
	at org.openhab.core.automation.internal.RuleEngineImpl.executeActions(RuleEngineImpl.java:1180) ~[?:?]
	at org.openhab.core.automation.internal.RuleEngineImpl.runRule(RuleEngineImpl.java:989) ~[?:?]
	at org.openhab.core.automation.internal.TriggerHandlerCallbackImpl$TriggerData.run(TriggerHandlerCallbackImpl.java:87) ~[?:?]
	at java.util.concurrent.Executors$RunnableAdapter.call(Executors.java:539) ~[?:?]
	at java.util.concurrent.FutureTask.run(FutureTask.java:264) ~[?:?]
	at java.util.concurrent.ScheduledThreadPoolExecutor$ScheduledFutureTask.run(ScheduledThreadPoolExecutor.java:304) ~[?:?]
	at java.util.concurrent.ThreadPoolExecutor.runWorker(ThreadPoolExecutor.java:1136) ~[?:?]
	at java.util.concurrent.ThreadPoolExecutor$Worker.run(ThreadPoolExecutor.java:635) ~[?:?]
	at java.lang.Thread.run(Thread.java:833) ~[?:?]
2023-06-16 09:41:15.829 [ERROR] [internal.handler.ScriptActionHandler] - Script execution of rule with UID '3b240af88b' failed: org.graalvm.polyglot.PolyglotException: TypeError: undefined has no such function "sendNotification"
2023-06-16 09:41:24.835 [ERROR] [b.automation.script.javascript.stack] - Failed to execute script:
org.graalvm.polyglot.PolyglotException: TypeError: undefined has no such function "sendNotification"
	at <js>.:program(<eval>:5) ~[?:?]
	at org.graalvm.polyglot.Context.eval(Context.java:399) ~[?:?]
	at com.oracle.truffle.js.scriptengine.GraalJSScriptEngine.eval(GraalJSScriptEngine.java:458) ~[?:?]
	at com.oracle.truffle.js.scriptengine.GraalJSScriptEngine.eval(GraalJSScriptEngine.java:426) ~[?:?]
	at javax.script.AbstractScriptEngine.eval(AbstractScriptEngine.java:262) ~[java.scripting:?]
	at org.openhab.automation.jsscripting.internal.scriptengine.DelegatingScriptEngineWithInvocableAndAutocloseable.eval(DelegatingScriptEngineWithInvocableAndAutocloseable.java:53) ~[?:?]
	at org.openhab.automation.jsscripting.internal.scriptengine.InvocationInterceptingScriptEngineWithInvocableAndAutoCloseable.eval(InvocationInterceptingScriptEngineWithInvocableAndAutoCloseable.java:78) ~[?:?]
	at org.openhab.automation.jsscripting.internal.scriptengine.DelegatingScriptEngineWithInvocableAndAutocloseable.eval(DelegatingScriptEngineWithInvocableAndAutocloseable.java:53) ~[?:?]
	at org.openhab.automation.jsscripting.internal.scriptengine.InvocationInterceptingScriptEngineWithInvocableAndAutoCloseable.eval(InvocationInterceptingScriptEngineWithInvocableAndAutoCloseable.java:78) ~[?:?]
	at org.openhab.core.automation.module.script.internal.handler.ScriptActionHandler.lambda$0(ScriptActionHandler.java:71) ~[?:?]
	at java.util.Optional.ifPresent(Optional.java:178) ~[?:?]
	at org.openhab.core.automation.module.script.internal.handler.ScriptActionHandler.execute(ScriptActionHandler.java:68) ~[?:?]
	at org.openhab.core.automation.internal.RuleEngineImpl.executeActions(RuleEngineImpl.java:1180) ~[?:?]
	at org.openhab.core.automation.internal.RuleEngineImpl.runRule(RuleEngineImpl.java:989) ~[?:?]
	at org.openhab.core.automation.internal.TriggerHandlerCallbackImpl$TriggerData.run(TriggerHandlerCallbackImpl.java:87) ~[?:?]
	at java.util.concurrent.Executors$RunnableAdapter.call(Executors.java:539) ~[?:?]
	at java.util.concurrent.FutureTask.run(FutureTask.java:264) ~[?:?]
	at java.util.concurrent.ScheduledThreadPoolExecutor$ScheduledFutureTask.run(ScheduledThreadPoolExecutor.java:304) ~[?:?]
	at java.util.concurrent.ThreadPoolExecutor.runWorker(ThreadPoolExecutor.java:1136) ~[?:?]
	at java.util.concurrent.ThreadPoolExecutor$Worker.run(ThreadPoolExecutor.java:635) ~[?:?]
	at java.lang.Thread.run(Thread.java:833) ~[?:?]
2023-06-16 09:41:24.836 [ERROR] [internal.handler.ScriptActionHandler] - Script execution of rule with UID '3b240af88b' failed: org.graalvm.polyglot.PolyglotException: TypeError: undefined has no such function "sendNotification"
2023-06-16 09:41:27.839 [ERROR] [b.automation.script.javascript.stack] - Failed to execute script:
org.graalvm.polyglot.PolyglotException: TypeError: undefined has no such function "sendNotification"
	at <js>.:program(<eval>:5) ~[?:?]
	at org.graalvm.polyglot.Context.eval(Context.java:399) ~[?:?]
	at com.oracle.truffle.js.scriptengine.GraalJSScriptEngine.eval(GraalJSScriptEngine.java:458) ~[?:?]
	at com.oracle.truffle.js.scriptengine.GraalJSScriptEngine.eval(GraalJSScriptEngine.java:426) ~[?:?]
	at javax.script.AbstractScriptEngine.eval(AbstractScriptEngine.java:262) ~[java.scripting:?]
	at org.openhab.automation.jsscripting.internal.scriptengine.DelegatingScriptEngineWithInvocableAndAutocloseable.eval(DelegatingScriptEngineWithInvocableAndAutocloseable.java:53) ~[?:?]
	at org.openhab.automation.jsscripting.internal.scriptengine.InvocationInterceptingScriptEngineWithInvocableAndAutoCloseable.eval(InvocationInterceptingScriptEngineWithInvocableAndAutoCloseable.java:78) ~[?:?]
	at org.openhab.automation.jsscripting.internal.scriptengine.DelegatingScriptEngineWithInvocableAndAutocloseable.eval(DelegatingScriptEngineWithInvocableAndAutocloseable.java:53) ~[?:?]
	at org.openhab.automation.jsscripting.internal.scriptengine.InvocationInterceptingScriptEngineWithInvocableAndAutoCloseable.eval(InvocationInterceptingScriptEngineWithInvocableAndAutoCloseable.java:78) ~[?:?]
	at org.openhab.core.automation.module.script.internal.handler.ScriptActionHandler.lambda$0(ScriptActionHandler.java:71) ~[?:?]
	at java.util.Optional.ifPresent(Optional.java:178) ~[?:?]
	at org.openhab.core.automation.module.script.internal.handler.ScriptActionHandler.execute(ScriptActionHandler.java:68) ~[?:?]
	at org.openhab.core.automation.internal.RuleEngineImpl.executeActions(RuleEngineImpl.java:1180) ~[?:?]
	at org.openhab.core.automation.internal.RuleEngineImpl.runRule(RuleEngineImpl.java:989) ~[?:?]
	at org.openhab.core.automation.internal.TriggerHandlerCallbackImpl$TriggerData.run(TriggerHandlerCallbackImpl.java:87) ~[?:?]
	at java.util.concurrent.Executors$RunnableAdapter.call(Executors.java:539) ~[?:?]
	at java.util.concurrent.FutureTask.run(FutureTask.java:264) ~[?:?]
	at java.util.concurrent.ScheduledThreadPoolExecutor$ScheduledFutureTask.run(ScheduledThreadPoolExecutor.java:304) ~[?:?]
	at java.util.concurrent.ThreadPoolExecutor.runWorker(ThreadPoolExecutor.java:1136) ~[?:?]
	at java.util.concurrent.ThreadPoolExecutor$Worker.run(ThreadPoolExecutor.java:635) ~[?:?]
	at java.lang.Thread.run(Thread.java:833) ~[?:?]
2023-06-16 09:41:27.841 [ERROR] [internal.handler.ScriptActionHandler] - Script execution of rule with UID '3b240af88b' failed: org.graalvm.polyglot.PolyglotException: TypeError: undefined has no such function "sendNotification"
2023-06-16 09:41:29.847 [ERROR] [b.automation.script.javascript.stack] - Failed to execute script:
org.graalvm.polyglot.PolyglotException: TypeError: undefined has no such function "sendNotification"
	at <js>.:program(<eval>:5) ~[?:?]
	at org.graalvm.polyglot.Context.eval(Context.java:399) ~[?:?]
	at com.oracle.truffle.js.scriptengine.GraalJSScriptEngine.eval(GraalJSScriptEngine.java:458) ~[?:?]
	at com.oracle.truffle.js.scriptengine.GraalJSScriptEngine.eval(GraalJSScriptEngine.java:426) ~[?:?]
	at javax.script.AbstractScriptEngine.eval(AbstractScriptEngine.java:262) ~[java.scripting:?]
	at org.openhab.automation.jsscripting.internal.scriptengine.DelegatingScriptEngineWithInvocableAndAutocloseable.eval(DelegatingScriptEngineWithInvocableAndAutocloseable.java:53) ~[?:?]
	at org.openhab.automation.jsscripting.internal.scriptengine.InvocationInterceptingScriptEngineWithInvocableAndAutoCloseable.eval(InvocationInterceptingScriptEngineWithInvocableAndAutoCloseable.java:78) ~[?:?]
	at org.openhab.automation.jsscripting.internal.scriptengine.DelegatingScriptEngineWithInvocableAndAutocloseable.eval(DelegatingScriptEngineWithInvocableAndAutocloseable.java:53) ~[?:?]
	at org.openhab.automation.jsscripting.internal.scriptengine.InvocationInterceptingScriptEngineWithInvocableAndAutoCloseable.eval(InvocationInterceptingScriptEngineWithInvocableAndAutoCloseable.java:78) ~[?:?]
	at org.openhab.core.automation.module.script.internal.handler.ScriptActionHandler.lambda$0(ScriptActionHandler.java:71) ~[?:?]
	at java.util.Optional.ifPresent(Optional.java:178) ~[?:?]
	at org.openhab.core.automation.module.script.internal.handler.ScriptActionHandler.execute(ScriptActionHandler.java:68) ~[?:?]
	at org.openhab.core.automation.internal.RuleEngineImpl.executeActions(RuleEngineImpl.java:1180) ~[?:?]
	at org.openhab.core.automation.internal.RuleEngineImpl.runRule(RuleEngineImpl.java:989) ~[?:?]
	at org.openhab.core.automation.internal.TriggerHandlerCallbackImpl$TriggerData.run(TriggerHandlerCallbackImpl.java:87) ~[?:?]
	at java.util.concurrent.Executors$RunnableAdapter.call(Executors.java:539) ~[?:?]
	at java.util.concurrent.FutureTask.run(FutureTask.java:264) ~[?:?]
	at java.util.concurrent.ScheduledThreadPoolExecutor$ScheduledFutureTask.run(ScheduledThreadPoolExecutor.java:304) ~[?:?]
	at java.util.concurrent.ThreadPoolExecutor.runWorker(ThreadPoolExecutor.java:1136) ~[?:?]
	at java.util.concurrent.ThreadPoolExecutor$Worker.run(ThreadPoolExecutor.java:635) ~[?:?]
	at java.lang.Thread.run(Thread.java:833) ~[?:?]
2023-06-16 09:41:29.848 [ERROR] [internal.handler.ScriptActionHandler] - Script execution of rule with UID '3b240af88b' failed: org.graalvm.polyglot.PolyglotException: TypeError: undefined has no such function "sendNotification"
2023-06-16 09:41:36.849 [ERROR] [b.automation.script.javascript.stack] - Failed to execute script:
org.graalvm.polyglot.PolyglotException: TypeError: undefined has no such function "sendNotification"
	at <js>.:program(<eval>:5) ~[?:?]
	at org.graalvm.polyglot.Context.eval(Context.java:399) ~[?:?]
	at com.oracle.truffle.js.scriptengine.GraalJSScriptEngine.eval(GraalJSScriptEngine.java:458) ~[?:?]
	at com.oracle.truffle.js.scriptengine.GraalJSScriptEngine.eval(GraalJSScriptEngine.java:426) ~[?:?]
	at javax.script.AbstractScriptEngine.eval(AbstractScriptEngine.java:262) ~[java.scripting:?]
	at org.openhab.automation.jsscripting.internal.scriptengine.DelegatingScriptEngineWithInvocableAndAutocloseable.eval(DelegatingScriptEngineWithInvocableAndAutocloseable.java:53) ~[?:?]
	at org.openhab.automation.jsscripting.internal.scriptengine.InvocationInterceptingScriptEngineWithInvocableAndAutoCloseable.eval(InvocationInterceptingScriptEngineWithInvocableAndAutoCloseable.java:78) ~[?:?]
	at org.openhab.automation.jsscripting.internal.scriptengine.DelegatingScriptEngineWithInvocableAndAutocloseable.eval(DelegatingScriptEngineWithInvocableAndAutocloseable.java:53) ~[?:?]
	at org.openhab.automation.jsscripting.internal.scriptengine.InvocationInterceptingScriptEngineWithInvocableAndAutoCloseable.eval(InvocationInterceptingScriptEngineWithInvocableAndAutoCloseable.java:78) ~[?:?]
	at org.openhab.core.automation.module.script.internal.handler.ScriptActionHandler.lambda$0(ScriptActionHandler.java:71) ~[?:?]
	at java.util.Optional.ifPresent(Optional.java:178) ~[?:?]
	at org.openhab.core.automation.module.script.internal.handler.ScriptActionHandler.execute(ScriptActionHandler.java:68) ~[?:?]
	at org.openhab.core.automation.internal.RuleEngineImpl.executeActions(RuleEngineImpl.java:1180) ~[?:?]
	at org.openhab.core.automation.internal.RuleEngineImpl.runRule(RuleEngineImpl.java:989) ~[?:?]
	at org.openhab.core.automation.internal.TriggerHandlerCallbackImpl$TriggerData.run(TriggerHandlerCallbackImpl.java:87) ~[?:?]
	at java.util.concurrent.Executors$RunnableAdapter.call(Executors.java:539) ~[?:?]
	at java.util.concurrent.FutureTask.run(FutureTask.java:264) ~[?:?]
	at java.util.concurrent.ScheduledThreadPoolExecutor$ScheduledFutureTask.run(ScheduledThreadPoolExecutor.java:304) ~[?:?]
	at java.util.concurrent.ThreadPoolExecutor.runWorker(ThreadPoolExecutor.java:1136) ~[?:?]
	at java.util.concurrent.ThreadPoolExecutor$Worker.run(ThreadPoolExecutor.java:635) ~[?:?]
	at java.lang.Thread.run(Thread.java:833) ~[?:?]
2023-06-16 09:41:36.851 [ERROR] [internal.handler.ScriptActionHandler] - Script execution of rule with UID '3b240af88b' failed: org.graalvm.polyglot.PolyglotException: TypeError: undefined has no such function "sendNotification"
