0 verbose cli /usr/local/bin/node /usr/local/bin/npm
1 info using npm@8.19.4
2 info using node@v16.20.0
3 timing npm:load:whichnode Completed in 0ms
4 timing config:load:defaults Completed in 2ms
5 timing config:load:file:/usr/local/lib/node_modules/npm/npmrc Completed in 1ms
6 timing config:load:builtin Completed in 2ms
7 warn config production Use `--omit=dev` instead.
8 timing config:load:cli Completed in 5ms
9 timing config:load:env Completed in 1ms
10 timing config:load:file:/data/.npmrc Completed in 4ms
11 timing config:load:project Completed in 9ms
12 timing config:load:file:/usr/src/node-red/.npmrc Completed in 1ms
13 timing config:load:user Completed in 1ms
14 timing config:load:file:/usr/local/etc/npmrc Completed in 2ms
15 timing config:load:global Completed in 2ms
16 timing config:load:validate Completed in 0ms
17 timing config:load:credentials Completed in 1ms
18 timing config:load:setEnvs Completed in 2ms
19 timing config:load Completed in 25ms
20 timing npm:load:configload Completed in 25ms
21 timing npm:load:mkdirpcache Completed in 4ms
22 timing npm:load:mkdirplogs Completed in 4ms
23 verbose title npm install node-red-contrib-telegrambot@15.1.1
24 verbose argv "install" "--no-audit" "--no-update-notifier" "--no-fund" "--save" "--save-prefix" "~" "--production" "--engine-strict" "node-red-contrib-telegrambot@15.1.1"
25 timing npm:load:setTitle Completed in 2ms
26 timing config:load:flatten Completed in 7ms
27 timing npm:load:display Completed in 10ms
28 verbose logfile logs-max:10 dir:/data/.npm/_logs
29 verbose logfile /data/.npm/_logs/2023-06-16T10_12_00_165Z-debug-0.log
30 timing npm:load:logFile Completed in 35ms
31 timing npm:load:timers Completed in 0ms
32 timing npm:load:configScope Completed in 0ms
33 timing npm:load Completed in 85ms
34 timing arborist:ctor Completed in 0ms
35 silly logfile done cleaning log files
36 timing idealTree:init Completed in 86ms
37 timing idealTree:userRequests Completed in 2ms
38 silly idealTree buildDeps
39 silly fetch manifest node-red-contrib-telegrambot@15.1.1
40 timing arborist:ctor Completed in 0ms
41 http fetch GET 200 https://registry.npmjs.org/node-red-contrib-telegrambot 941ms (cache miss)
42 silly placeDep ROOT node-red-contrib-telegrambot@15.1.1 OK for: node-red-project@0.0.1 want: 15.1.1
43 silly fetch manifest bluebird@^3.7.2
44 silly fetch manifest node-telegram-bot-api@^0.61.0
45 silly fetch manifest request-promise@^4.2.2
46 silly fetch manifest socks-proxy-agent@^7.0.0
47 http fetch GET 200 https://registry.npmjs.org/bluebird 164ms (cache miss)
48 http fetch GET 200 https://registry.npmjs.org/socks-proxy-agent 323ms (cache miss)
49 http fetch GET 200 https://registry.npmjs.org/request-promise 844ms (cache miss)
50 http fetch GET 200 https://registry.npmjs.org/node-telegram-bot-api 877ms (cache miss)
51 timing idealTree:#root Completed in 1832ms
52 silly fetch manifest request@^2.83.0
53 http fetch GET 200 https://registry.npmjs.org/request 45ms (cache hit)
54 silly placeDep ROOT bluebird@3.7.2 OK for: node-red-contrib-telegrambot@15.1.1 want: ^3.7.2
55 silly placeDep ROOT node-telegram-bot-api@0.61.0 OK for: node-red-contrib-telegrambot@15.1.1 want: ^0.61.0
56 silly placeDep ROOT request-promise@4.2.6 OK for: node-red-contrib-telegrambot@15.1.1 want: ^4.2.2
57 silly placeDep ROOT socks-proxy-agent@7.0.0 OK for: node-red-contrib-telegrambot@15.1.1 want: ^7.0.0
58 silly fetch manifest array.prototype.findindex@^2.0.2
59 silly fetch manifest bl@^1.2.3
60 silly fetch manifest debug@^3.2.7
61 silly fetch manifest eventemitter3@^3.0.0
62 silly fetch manifest file-type@^3.9.0
63 silly fetch manifest mime@^1.6.0
64 silly fetch manifest pump@^2.0.0
65 silly fetch manifest request-promise-core@1.1.4
66 silly fetch manifest stealthy-require@^1.1.1
67 silly fetch manifest agent-base@^6.0.2
68 silly fetch manifest socks@^2.6.2
69 http fetch GET 200 https://registry.npmjs.org/debug 90ms (cache hit)
70 http fetch GET 200 https://registry.npmjs.org/eventemitter3 142ms (cache miss)
71 http fetch GET 200 https://registry.npmjs.org/bl 151ms (cache miss)
72 http fetch GET 200 https://registry.npmjs.org/pump 157ms (cache miss)
73 http fetch GET 200 https://registry.npmjs.org/mime 865ms (cache miss)
74 http fetch GET 200 https://registry.npmjs.org/array.prototype.findindex 878ms (cache miss)
75 http fetch GET 200 https://registry.npmjs.org/stealthy-require 925ms (cache miss)
76 http fetch GET 200 https://registry.npmjs.org/agent-base 947ms (cache miss)
77 http fetch GET 200 https://registry.npmjs.org/request-promise-core 969ms (cache miss)
78 http fetch GET 200 https://registry.npmjs.org/socks 976ms (cache miss)
79 http fetch GET 200 https://registry.npmjs.org/file-type 999ms (cache miss)
80 timing idealTree:node_modules/node-red-contrib-telegrambot Completed in 1064ms
81 timing idealTree:node_modules/bluebird Completed in 0ms
82 silly placeDep ROOT array.prototype.findindex@2.2.1 OK for: node-telegram-bot-api@0.61.0 want: ^2.0.2
83 silly placeDep ROOT bl@1.2.3 OK for: node-telegram-bot-api@0.61.0 want: ^1.2.3
84 silly placeDep node_modules/node-telegram-bot-api debug@3.2.7 OK for: node-telegram-bot-api@0.61.0 want: ^3.2.7
85 silly placeDep ROOT eventemitter3@3.1.2 OK for: node-telegram-bot-api@0.61.0 want: ^3.0.0
86 silly placeDep ROOT file-type@3.9.0 OK for: node-telegram-bot-api@0.61.0 want: ^3.9.0
87 silly placeDep ROOT mime@1.6.0 OK for: node-telegram-bot-api@0.61.0 want: ^1.6.0
88 silly placeDep ROOT pump@2.0.1 OK for: node-telegram-bot-api@0.61.0 want: ^2.0.0
89 silly fetch manifest call-bind@^1.0.2
90 silly fetch manifest define-properties@^1.1.4
91 silly fetch manifest es-abstract@^1.20.4
92 silly fetch manifest es-shim-unscopables@^1.0.0
93 silly fetch manifest readable-stream@^2.3.5
94 silly fetch manifest end-of-stream@^1.1.0
95 silly fetch manifest once@^1.3.1
96 http fetch GET 200 https://registry.npmjs.org/readable-stream 140ms (cache miss)
97 http fetch GET 200 https://registry.npmjs.org/once 172ms (cache miss)
98 http fetch GET 200 https://registry.npmjs.org/end-of-stream 187ms (cache miss)
99 http fetch GET 200 https://registry.npmjs.org/es-shim-unscopables 296ms (cache miss)
100 http fetch GET 200 https://registry.npmjs.org/call-bind 303ms (cache miss)
101 http fetch GET 200 https://registry.npmjs.org/define-properties 835ms (cache miss)
102 http fetch GET 200 https://registry.npmjs.org/es-abstract 873ms (cache miss)
103 timing idealTree:node_modules/node-telegram-bot-api Completed in 894ms
104 silly placeDep ROOT call-bind@1.0.2 OK for: array.prototype.findindex@2.2.1 want: ^1.0.2
105 silly placeDep ROOT define-properties@1.2.0 OK for: array.prototype.findindex@2.2.1 want: ^1.1.4
106 silly placeDep ROOT es-abstract@1.21.2 OK for: array.prototype.findindex@2.2.1 want: ^1.20.4
107 silly placeDep ROOT es-shim-unscopables@1.0.0 OK for: array.prototype.findindex@2.2.1 want: ^1.0.0
108 silly fetch manifest function-bind@^1.1.1
109 silly fetch manifest get-intrinsic@^1.0.2
110 silly fetch manifest has-property-descriptors@^1.0.0
111 silly fetch manifest object-keys@^1.1.1
112 silly fetch manifest array-buffer-byte-length@^1.0.0
113 silly fetch manifest available-typed-arrays@^1.0.5
114 silly fetch manifest es-set-tostringtag@^2.0.1
115 silly fetch manifest es-to-primitive@^1.2.1
116 silly fetch manifest function.prototype.name@^1.1.5
117 silly fetch manifest get-intrinsic@^1.2.0
118 silly fetch manifest get-symbol-description@^1.0.0
119 silly fetch manifest globalthis@^1.0.3
120 silly fetch manifest gopd@^1.0.1
121 silly fetch manifest has@^1.0.3
122 silly fetch manifest has-proto@^1.0.1
123 silly fetch manifest has-symbols@^1.0.3
124 silly fetch manifest internal-slot@^1.0.5
125 silly fetch manifest is-array-buffer@^3.0.2
126 silly fetch manifest is-callable@^1.2.7
127 silly fetch manifest is-negative-zero@^2.0.2
128 silly fetch manifest is-regex@^1.1.4
129 silly fetch manifest is-shared-array-buffer@^1.0.2
130 silly fetch manifest is-string@^1.0.7
131 silly fetch manifest is-typed-array@^1.1.10
132 silly fetch manifest is-weakref@^1.0.2
133 silly fetch manifest object-inspect@^1.12.3
134 silly fetch manifest object.assign@^4.1.4
135 silly fetch manifest regexp.prototype.flags@^1.4.3
136 silly fetch manifest safe-regex-test@^1.0.0
137 silly fetch manifest string.prototype.trim@^1.2.7
138 silly fetch manifest string.prototype.trimend@^1.0.6
139 silly fetch manifest string.prototype.trimstart@^1.0.6
140 silly fetch manifest typed-array-length@^1.0.4
141 silly fetch manifest unbox-primitive@^1.0.2
142 silly fetch manifest which-typed-array@^1.1.9
143 http fetch GET 200 https://registry.npmjs.org/has-property-descriptors 412ms (cache miss)
144 http fetch GET 200 https://registry.npmjs.org/es-set-tostringtag 411ms (cache miss)
145 http fetch GET 200 https://registry.npmjs.org/object-keys 441ms (cache miss)
146 http fetch GET 200 https://registry.npmjs.org/es-to-primitive 440ms (cache miss)
147 http fetch GET 200 https://registry.npmjs.org/get-intrinsic 441ms (cache miss)
148 http fetch GET 200 https://registry.npmjs.org/get-intrinsic 453ms (cache miss)
149 http fetch GET 200 https://registry.npmjs.org/available-typed-arrays 452ms (cache miss)
150 http fetch GET 200 https://registry.npmjs.org/array-buffer-byte-length 469ms (cache miss)
151 http fetch GET 200 https://registry.npmjs.org/has-symbols 466ms (cache miss)
152 http fetch GET 200 https://registry.npmjs.org/gopd 473ms (cache miss)
153 http fetch GET 200 https://registry.npmjs.org/function.prototype.name 499ms (cache miss)
154 http fetch GET 200 https://registry.npmjs.org/internal-slot 627ms (cache miss)
155 http fetch GET 200 https://registry.npmjs.org/has-proto 637ms (cache miss)
156 http fetch GET 200 https://registry.npmjs.org/is-shared-array-buffer 675ms (cache miss)
157 http fetch GET 200 https://registry.npmjs.org/is-array-buffer 683ms (cache miss)
158 http fetch GET 200 https://registry.npmjs.org/is-regex 696ms (cache miss)
159 http fetch GET 200 https://registry.npmjs.org/is-typed-array 699ms (cache miss)
160 http fetch GET 200 https://registry.npmjs.org/is-string 707ms (cache miss)
161 http fetch GET 200 https://registry.npmjs.org/is-callable 711ms (cache miss)
162 http fetch GET 200 https://registry.npmjs.org/is-negative-zero 735ms (cache miss)
163 http fetch GET 200 https://registry.npmjs.org/safe-regex-test 829ms (cache miss)
164 http fetch GET 200 https://registry.npmjs.org/string.prototype.trimend 836ms (cache miss)
165 http fetch GET 200 https://registry.npmjs.org/regexp.prototype.flags 857ms (cache miss)
166 http fetch GET 200 https://registry.npmjs.org/string.prototype.trimstart 862ms (cache miss)
167 http fetch GET 200 https://registry.npmjs.org/typed-array-length 867ms (cache miss)
168 http fetch GET 200 https://registry.npmjs.org/function-bind 970ms (cache miss)
169 http fetch GET 200 https://registry.npmjs.org/has 967ms (cache miss)
170 http fetch GET 200 https://registry.npmjs.org/which-typed-array 953ms (cache miss)
171 http fetch GET 200 https://registry.npmjs.org/get-symbol-description 980ms (cache miss)
172 http fetch GET 200 https://registry.npmjs.org/globalthis 994ms (cache miss)
173 http fetch GET 200 https://registry.npmjs.org/object.assign 1120ms (cache miss)
174 http fetch GET 200 https://registry.npmjs.org/object-inspect 1136ms (cache miss)
175 http fetch GET 200 https://registry.npmjs.org/is-weakref 1307ms (cache miss)
176 http fetch GET 200 https://registry.npmjs.org/string.prototype.trim 1305ms (cache miss)
177 http fetch GET 200 https://registry.npmjs.org/unbox-primitive 1345ms (cache miss)
178 timing idealTree:node_modules/array.prototype.findindex Completed in 1388ms
179 silly placeDep ROOT readable-stream@2.3.8 OK for: bl@1.2.3 want: ^2.3.5
180 silly fetch manifest inherits@~2.0.3
181 silly fetch manifest isarray@~1.0.0
182 silly fetch manifest process-nextick-args@~2.0.0
183 silly fetch manifest safe-buffer@~5.1.1
184 silly fetch manifest string_decoder@~1.1.1
185 silly fetch manifest util-deprecate@~1.0.1
186 http fetch GET 200 https://registry.npmjs.org/safe-buffer 57ms (cache hit)
187 http fetch GET 200 https://registry.npmjs.org/inherits 152ms (cache miss)
188 http fetch GET 200 https://registry.npmjs.org/process-nextick-args 183ms (cache miss)
189 http fetch GET 200 https://registry.npmjs.org/util-deprecate 197ms (cache miss)
190 http fetch GET 200 https://registry.npmjs.org/string_decoder 216ms (cache miss)
191 http fetch GET 200 https://registry.npmjs.org/isarray 225ms (cache miss)
192 timing idealTree:node_modules/bl Completed in 230ms
193 silly placeDep ROOT function-bind@1.1.1 OK for: call-bind@1.0.2 want: ^1.1.1
194 silly placeDep ROOT get-intrinsic@1.2.1 OK for: call-bind@1.0.2 want: ^1.0.2
195 timing idealTree:node_modules/call-bind Completed in 4ms
196 silly placeDep ROOT has-property-descriptors@1.0.0 OK for: define-properties@1.2.0 want: ^1.0.0
197 silly placeDep ROOT object-keys@1.1.1 OK for: define-properties@1.2.0 want: ^1.1.1
198 timing idealTree:node_modules/define-properties Completed in 5ms
199 silly placeDep ROOT array-buffer-byte-length@1.0.0 OK for: es-abstract@1.21.2 want: ^1.0.0
200 silly placeDep ROOT available-typed-arrays@1.0.5 OK for: es-abstract@1.21.2 want: ^1.0.5
201 silly placeDep ROOT es-set-tostringtag@2.0.1 OK for: es-abstract@1.21.2 want: ^2.0.1
202 silly placeDep ROOT es-to-primitive@1.2.1 OK for: es-abstract@1.21.2 want: ^1.2.1
203 silly placeDep ROOT function.prototype.name@1.1.5 OK for: es-abstract@1.21.2 want: ^1.1.5
204 silly placeDep ROOT get-symbol-description@1.0.0 OK for: es-abstract@1.21.2 want: ^1.0.0
205 silly placeDep ROOT globalthis@1.0.3 OK for: es-abstract@1.21.2 want: ^1.0.3
206 silly placeDep ROOT gopd@1.0.1 OK for: es-abstract@1.21.2 want: ^1.0.1
207 silly placeDep ROOT has@1.0.3 OK for: es-abstract@1.21.2 want: ^1.0.3
208 silly placeDep ROOT has-proto@1.0.1 OK for: es-abstract@1.21.2 want: ^1.0.1
209 silly placeDep ROOT has-symbols@1.0.3 OK for: es-abstract@1.21.2 want: ^1.0.3
210 silly placeDep ROOT internal-slot@1.0.5 OK for: es-abstract@1.21.2 want: ^1.0.5
211 silly placeDep ROOT is-array-buffer@3.0.2 OK for: es-abstract@1.21.2 want: ^3.0.2
212 silly placeDep ROOT is-callable@1.2.7 OK for: es-abstract@1.21.2 want: ^1.2.7
213 silly placeDep ROOT is-negative-zero@2.0.2 OK for: es-abstract@1.21.2 want: ^2.0.2
214 silly placeDep ROOT is-regex@1.1.4 OK for: es-abstract@1.21.2 want: ^1.1.4
215 silly placeDep ROOT is-shared-array-buffer@1.0.2 OK for: es-abstract@1.21.2 want: ^1.0.2
216 silly placeDep ROOT is-string@1.0.7 OK for: es-abstract@1.21.2 want: ^1.0.7
217 silly placeDep ROOT is-typed-array@1.1.10 OK for: es-abstract@1.21.2 want: ^1.1.10
218 silly placeDep ROOT is-weakref@1.0.2 OK for: es-abstract@1.21.2 want: ^1.0.2
219 silly placeDep ROOT object-inspect@1.12.3 OK for: es-abstract@1.21.2 want: ^1.12.3
220 silly placeDep ROOT object.assign@4.1.4 OK for: es-abstract@1.21.2 want: ^4.1.4
221 silly placeDep ROOT regexp.prototype.flags@1.5.0 OK for: es-abstract@1.21.2 want: ^1.4.3
222 silly placeDep ROOT safe-regex-test@1.0.0 OK for: es-abstract@1.21.2 want: ^1.0.0
223 silly placeDep ROOT string.prototype.trim@1.2.7 OK for: es-abstract@1.21.2 want: ^1.2.7
224 silly placeDep ROOT string.prototype.trimend@1.0.6 OK for: es-abstract@1.21.2 want: ^1.0.6
225 silly placeDep ROOT string.prototype.trimstart@1.0.6 OK for: es-abstract@1.21.2 want: ^1.0.6
226 silly placeDep ROOT typed-array-length@1.0.4 OK for: es-abstract@1.21.2 want: ^1.0.4
227 silly placeDep ROOT unbox-primitive@1.0.2 OK for: es-abstract@1.21.2 want: ^1.0.2
228 silly placeDep ROOT which-typed-array@1.1.9 OK for: es-abstract@1.21.2 want: ^1.1.9
229 silly fetch manifest has-tostringtag@^1.0.0
230 silly fetch manifest is-date-object@^1.0.1
231 silly fetch manifest is-symbol@^1.0.2
232 silly fetch manifest functions-have-names@^1.2.2
233 silly fetch manifest side-channel@^1.0.4
234 silly fetch manifest for-each@^0.3.3
235 silly fetch manifest functions-have-names@^1.2.3
236 silly fetch manifest has-bigints@^1.0.2
237 silly fetch manifest which-boxed-primitive@^1.0.2
238 http fetch GET 200 https://registry.npmjs.org/is-symbol 400ms (cache miss)
239 http fetch GET 200 https://registry.npmjs.org/functions-have-names 402ms (cache miss)
240 http fetch GET 200 https://registry.npmjs.org/functions-have-names 403ms (cache miss)
241 http fetch GET 200 https://registry.npmjs.org/is-date-object 410ms (cache miss)
242 http fetch GET 200 https://registry.npmjs.org/has-tostringtag 415ms (cache miss)
243 http fetch GET 200 https://registry.npmjs.org/which-boxed-primitive 410ms (cache miss)
244 http fetch GET 200 https://registry.npmjs.org/has-bigints 423ms (cache miss)
245 http fetch GET 200 https://registry.npmjs.org/side-channel 432ms (cache miss)
246 http fetch GET 200 https://registry.npmjs.org/for-each 862ms (cache miss)
247 timing idealTree:node_modules/es-abstract Completed in 921ms
248 timing idealTree:node_modules/array-buffer-byte-length Completed in 0ms
249 timing idealTree:node_modules/available-typed-arrays Completed in 0ms
250 silly placeDep ROOT has-tostringtag@1.0.0 OK for: es-set-tostringtag@2.0.1 want: ^1.0.0
251 timing idealTree:node_modules/es-set-tostringtag Completed in 3ms
252 timing idealTree:node_modules/es-shim-unscopables Completed in 0ms
253 silly placeDep ROOT is-date-object@1.0.5 OK for: es-to-primitive@1.2.1 want: ^1.0.1
254 silly placeDep ROOT is-symbol@1.0.4 OK for: es-to-primitive@1.2.1 want: ^1.0.2
255 timing idealTree:node_modules/es-to-primitive Completed in 7ms
256 timing idealTree:node_modules/eventemitter3 Completed in 0ms
257 timing idealTree:node_modules/file-type Completed in 0ms
258 timing idealTree:node_modules/function-bind Completed in 0ms
259 silly placeDep ROOT functions-have-names@1.2.3 OK for: function.prototype.name@1.1.5 want: ^1.2.2
260 timing idealTree:node_modules/function.prototype.name Completed in 2ms
261 timing idealTree:node_modules/functions-have-names Completed in 0ms
262 timing idealTree:node_modules/get-intrinsic Completed in 0ms
263 timing idealTree:node_modules/get-symbol-description Completed in 0ms
264 timing idealTree:node_modules/globalthis Completed in 0ms
265 timing idealTree:node_modules/gopd Completed in 0ms
266 timing idealTree:node_modules/has Completed in 0ms
267 timing idealTree:node_modules/has-property-descriptors Completed in 0ms
268 timing idealTree:node_modules/has-proto Completed in 0ms
269 timing idealTree:node_modules/has-symbols Completed in 0ms
270 timing idealTree:node_modules/has-tostringtag Completed in 0ms
271 silly placeDep ROOT side-channel@1.0.4 OK for: internal-slot@1.0.5 want: ^1.0.4
272 timing idealTree:node_modules/internal-slot Completed in 2ms
273 timing idealTree:node_modules/is-array-buffer Completed in 0ms
274 timing idealTree:node_modules/is-callable Completed in 0ms
275 timing idealTree:node_modules/is-date-object Completed in 0ms
276 timing idealTree:node_modules/is-negative-zero Completed in 0ms
277 timing idealTree:node_modules/is-regex Completed in 0ms
278 timing idealTree:node_modules/is-shared-array-buffer Completed in 0ms
279 timing idealTree:node_modules/is-string Completed in 0ms
280 timing idealTree:node_modules/is-symbol Completed in 0ms
281 silly placeDep ROOT for-each@0.3.3 OK for: is-typed-array@1.1.10 want: ^0.3.3
282 timing idealTree:node_modules/is-typed-array Completed in 1ms
283 timing idealTree:node_modules/for-each Completed in 0ms
284 timing idealTree:node_modules/is-weakref Completed in 0ms
285 timing idealTree:node_modules/mime Completed in 0ms
286 timing idealTree:node_modules/object-inspect Completed in 0ms
287 timing idealTree:node_modules/object-keys Completed in 0ms
288 timing idealTree:node_modules/object.assign Completed in 0ms
289 silly placeDep ROOT end-of-stream@1.4.4 OK for: pump@2.0.1 want: ^1.1.0
290 silly placeDep ROOT once@1.4.0 OK for: pump@2.0.1 want: ^1.3.1
291 silly fetch manifest wrappy@1
292 http fetch GET 200 https://registry.npmjs.org/wrappy 278ms (cache miss)
293 timing idealTree:node_modules/pump Completed in 281ms
294 timing idealTree:node_modules/end-of-stream Completed in 0ms
295 silly placeDep ROOT wrappy@1.0.2 OK for: once@1.4.0 want: 1
296 timing idealTree:node_modules/once Completed in 1ms
297 silly placeDep ROOT inherits@2.0.4 OK for: readable-stream@2.3.8 want: ~2.0.3
298 silly placeDep ROOT isarray@1.0.0 OK for: readable-stream@2.3.8 want: ~1.0.0
299 silly placeDep ROOT process-nextick-args@2.0.1 OK for: readable-stream@2.3.8 want: ~2.0.0
300 silly placeDep node_modules/readable-stream safe-buffer@5.1.2 OK for: readable-stream@2.3.8 want: ~5.1.1
301 silly placeDep ROOT string_decoder@1.1.1 OK for: readable-stream@2.3.8 want: ~1.1.1
302 silly placeDep ROOT util-deprecate@1.0.2 OK for: readable-stream@2.3.8 want: ~1.0.1
303 silly fetch manifest safe-buffer@~5.1.0
304 timing idealTree:node_modules/readable-stream Completed in 8ms
305 timing idealTree:node_modules/inherits Completed in 0ms
306 timing idealTree:node_modules/isarray Completed in 0ms
307 timing idealTree:node_modules/process-nextick-args Completed in 0ms
308 timing idealTree:node_modules/regexp.prototype.flags Completed in 0ms
309 silly fetch manifest request@^2.34
310 silly placeDep ROOT request-promise-core@1.1.4 OK for: request-promise@4.2.6 want: 1.1.4
311 silly placeDep ROOT stealthy-require@1.1.1 OK for: request-promise@4.2.6 want: ^1.1.1
312 timing idealTree:node_modules/request-promise Completed in 4ms
313 timing idealTree:node_modules/request-promise-core Completed in 0ms
314 timing idealTree:node_modules/safe-regex-test Completed in 0ms
315 timing idealTree:node_modules/side-channel Completed in 0ms
316 silly placeDep ROOT agent-base@6.0.2 OK for: socks-proxy-agent@7.0.0 want: ^6.0.2
317 silly placeDep ROOT socks@2.7.1 OK for: socks-proxy-agent@7.0.0 want: ^2.6.2
318 silly fetch manifest ip@^2.0.0
319 silly fetch manifest smart-buffer@^4.2.0
320 http fetch GET 200 https://registry.npmjs.org/ip 271ms (cache miss)
321 http fetch GET 200 https://registry.npmjs.org/smart-buffer 282ms (cache miss)
322 timing idealTree:node_modules/socks-proxy-agent Completed in 289ms
323 timing idealTree:node_modules/agent-base Completed in 0ms
324 silly placeDep ROOT ip@2.0.0 OK for: socks@2.7.1 want: ^2.0.0
325 silly placeDep ROOT smart-buffer@4.2.0 OK for: socks@2.7.1 want: ^4.2.0
326 timing idealTree:node_modules/socks Completed in 5ms
327 timing idealTree:node_modules/ip Completed in 0ms
328 timing idealTree:node_modules/smart-buffer Completed in 0ms
329 timing idealTree:node_modules/stealthy-require Completed in 0ms
330 silly placeDep node_modules/string_decoder safe-buffer@5.1.2 OK for: string_decoder@1.1.1 want: ~5.1.0
331 timing idealTree:node_modules/string_decoder Completed in 1ms
332 timing idealTree:node_modules/string.prototype.trim Completed in 0ms
333 timing idealTree:node_modules/string.prototype.trimend Completed in 0ms
334 timing idealTree:node_modules/string.prototype.trimstart Completed in 0ms
335 timing idealTree:node_modules/typed-array-length Completed in 0ms
336 silly placeDep ROOT has-bigints@1.0.2 OK for: unbox-primitive@1.0.2 want: ^1.0.2
337 silly placeDep ROOT which-boxed-primitive@1.0.2 OK for: unbox-primitive@1.0.2 want: ^1.0.2
338 silly fetch manifest is-bigint@^1.0.1
339 silly fetch manifest is-boolean-object@^1.1.0
340 silly fetch manifest is-number-object@^1.0.4
341 http fetch GET 200 https://registry.npmjs.org/is-boolean-object 285ms (cache miss)
342 http fetch GET 200 https://registry.npmjs.org/is-number-object 301ms (cache miss)
343 http fetch GET 200 https://registry.npmjs.org/is-bigint 318ms (cache miss)
344 timing idealTree:node_modules/unbox-primitive Completed in 323ms
345 timing idealTree:node_modules/has-bigints Completed in 0ms
346 timing idealTree:node_modules/util-deprecate Completed in 0ms
347 silly placeDep ROOT is-bigint@1.0.4 OK for: which-boxed-primitive@1.0.2 want: ^1.0.1
348 silly placeDep ROOT is-boolean-object@1.1.2 OK for: which-boxed-primitive@1.0.2 want: ^1.1.0
349 silly placeDep ROOT is-number-object@1.0.7 OK for: which-boxed-primitive@1.0.2 want: ^1.0.4
350 timing idealTree:node_modules/which-boxed-primitive Completed in 4ms
351 timing idealTree:node_modules/is-bigint Completed in 0ms
352 timing idealTree:node_modules/is-boolean-object Completed in 0ms
353 timing idealTree:node_modules/is-number-object Completed in 1ms
354 timing idealTree:node_modules/which-typed-array Completed in 0ms
355 timing idealTree:node_modules/wrappy Completed in 0ms
356 timing idealTree:node_modules/node-telegram-bot-api/node_modules/debug Completed in 0ms
357 timing idealTree:node_modules/readable-stream/node_modules/safe-buffer Completed in 0ms
358 timing idealTree:node_modules/string_decoder/node_modules/safe-buffer Completed in 0ms
359 timing idealTree:buildDeps Completed in 7312ms
360 timing idealTree:fixDepFlags Completed in 2ms
361 timing idealTree Completed in 7410ms
362 timing reify:loadTrees Completed in 7412ms
363 timing reify:diffTrees Completed in 20ms
364 silly reify moves {}
365 timing reify:retireShallow Completed in 1ms
366 timing reify:createSparse Completed in 534ms
367 timing reify:trashOmits Completed in 0ms
368 timing reify:loadBundles Completed in 0ms
369 silly tarball no local data for is-boolean-object@https://registry.npmjs.org/is-boolean-object/-/is-boolean-object-1.1.2.tgz. Extracting by manifest.
370 silly tarball no local data for is-bigint@https://registry.npmjs.org/is-bigint/-/is-bigint-1.0.4.tgz. Extracting by manifest.
371 silly tarball no local data for smart-buffer@https://registry.npmjs.org/smart-buffer/-/smart-buffer-4.2.0.tgz. Extracting by manifest.
372 silly tarball no local data for is-number-object@https://registry.npmjs.org/is-number-object/-/is-number-object-1.0.7.tgz. Extracting by manifest.
373 silly tarball no local data for ip@https://registry.npmjs.org/ip/-/ip-2.0.0.tgz. Extracting by manifest.
374 silly tarball no local data for which-boxed-primitive@https://registry.npmjs.org/which-boxed-primitive/-/which-boxed-primitive-1.0.2.tgz. Extracting by manifest.
375 silly tarball no local data for socks@https://registry.npmjs.org/socks/-/socks-2.7.1.tgz. Extracting by manifest.
376 silly tarball no local data for has-bigints@https://registry.npmjs.org/has-bigints/-/has-bigints-1.0.2.tgz. Extracting by manifest.
377 silly tarball no local data for stealthy-require@https://registry.npmjs.org/stealthy-require/-/stealthy-require-1.1.1.tgz. Extracting by manifest.
378 silly tarball no local data for agent-base@https://registry.npmjs.org/agent-base/-/agent-base-6.0.2.tgz. Extracting by manifest.
379 silly tarball no local data for request-promise-core@https://registry.npmjs.org/request-promise-core/-/request-promise-core-1.1.4.tgz. Extracting by manifest.
380 silly tarball no local data for isarray@https://registry.npmjs.org/isarray/-/isarray-1.0.0.tgz. Extracting by manifest.
381 silly tarball no local data for util-deprecate@https://registry.npmjs.org/util-deprecate/-/util-deprecate-1.0.2.tgz. Extracting by manifest.
382 silly tarball no local data for inherits@https://registry.npmjs.org/inherits/-/inherits-2.0.4.tgz. Extracting by manifest.
383 silly tarball no local data for process-nextick-args@https://registry.npmjs.org/process-nextick-args/-/process-nextick-args-2.0.1.tgz. Extracting by manifest.
384 silly tarball no local data for end-of-stream@https://registry.npmjs.org/end-of-stream/-/end-of-stream-1.4.4.tgz. Extracting by manifest.
385 silly tarball no local data for once@https://registry.npmjs.org/once/-/once-1.4.0.tgz. Extracting by manifest.
386 silly tarball no local data for wrappy@https://registry.npmjs.org/wrappy/-/wrappy-1.0.2.tgz. Extracting by manifest.
387 silly tarball no local data for string_decoder@https://registry.npmjs.org/string_decoder/-/string_decoder-1.1.1.tgz. Extracting by manifest.
388 silly tarball no local data for side-channel@https://registry.npmjs.org/side-channel/-/side-channel-1.0.4.tgz. Extracting by manifest.
389 silly tarball no local data for for-each@https://registry.npmjs.org/for-each/-/for-each-0.3.3.tgz. Extracting by manifest.
390 silly tarball no local data for functions-have-names@https://registry.npmjs.org/functions-have-names/-/functions-have-names-1.2.3.tgz. Extracting by manifest.
391 silly tarball no local data for is-date-object@https://registry.npmjs.org/is-date-object/-/is-date-object-1.0.5.tgz. Extracting by manifest.
392 silly tarball no local data for is-symbol@https://registry.npmjs.org/is-symbol/-/is-symbol-1.0.4.tgz. Extracting by manifest.
393 silly tarball no local data for which-typed-array@https://registry.npmjs.org/which-typed-array/-/which-typed-array-1.1.9.tgz. Extracting by manifest.
394 silly tarball no local data for has-tostringtag@https://registry.npmjs.org/has-tostringtag/-/has-tostringtag-1.0.0.tgz. Extracting by manifest.
395 silly tarball no local data for unbox-primitive@https://registry.npmjs.org/unbox-primitive/-/unbox-primitive-1.0.2.tgz. Extracting by manifest.
396 silly tarball no local data for typed-array-length@https://registry.npmjs.org/typed-array-length/-/typed-array-length-1.0.4.tgz. Extracting by manifest.
397 silly tarball no local data for string.prototype.trimend@https://registry.npmjs.org/string.prototype.trimend/-/string.prototype.trimend-1.0.6.tgz. Extracting by manifest.
398 silly tarball no local data for safe-regex-test@https://registry.npmjs.org/safe-regex-test/-/safe-regex-test-1.0.0.tgz. Extracting by manifest.
399 silly tarball no local data for string.prototype.trimstart@https://registry.npmjs.org/string.prototype.trimstart/-/string.prototype.trimstart-1.0.6.tgz. Extracting by manifest.
400 silly tarball no local data for object.assign@https://registry.npmjs.org/object.assign/-/object.assign-4.1.4.tgz. Extracting by manifest.
401 silly tarball no local data for regexp.prototype.flags@https://registry.npmjs.org/regexp.prototype.flags/-/regexp.prototype.flags-1.5.0.tgz. Extracting by manifest.
402 silly tarball no local data for string.prototype.trim@https://registry.npmjs.org/string.prototype.trim/-/string.prototype.trim-1.2.7.tgz. Extracting by manifest.
403 silly tarball no local data for object-inspect@https://registry.npmjs.org/object-inspect/-/object-inspect-1.12.3.tgz. Extracting by manifest.
404 silly tarball no local data for is-typed-array@https://registry.npmjs.org/is-typed-array/-/is-typed-array-1.1.10.tgz. Extracting by manifest.
405 silly tarball no local data for is-string@https://registry.npmjs.org/is-string/-/is-string-1.0.7.tgz. Extracting by manifest.
406 silly tarball no local data for is-weakref@https://registry.npmjs.org/is-weakref/-/is-weakref-1.0.2.tgz. Extracting by manifest.
407 silly tarball no local data for is-shared-array-buffer@https://registry.npmjs.org/is-shared-array-buffer/-/is-shared-array-buffer-1.0.2.tgz. Extracting by manifest.
408 silly tarball no local data for is-negative-zero@https://registry.npmjs.org/is-negative-zero/-/is-negative-zero-2.0.2.tgz. Extracting by manifest.
409 silly tarball no local data for is-array-buffer@https://registry.npmjs.org/is-array-buffer/-/is-array-buffer-3.0.2.tgz. Extracting by manifest.
410 silly tarball no local data for is-regex@https://registry.npmjs.org/is-regex/-/is-regex-1.1.4.tgz. Extracting by manifest.
411 silly tarball no local data for has-symbols@https://registry.npmjs.org/has-symbols/-/has-symbols-1.0.3.tgz. Extracting by manifest.
412 silly tarball no local data for has-proto@https://registry.npmjs.org/has-proto/-/has-proto-1.0.1.tgz. Extracting by manifest.
413 silly tarball no local data for is-callable@https://registry.npmjs.org/is-callable/-/is-callable-1.2.7.tgz. Extracting by manifest.
414 silly tarball no local data for internal-slot@https://registry.npmjs.org/internal-slot/-/internal-slot-1.0.5.tgz. Extracting by manifest.
415 silly tarball no local data for get-symbol-description@https://registry.npmjs.org/get-symbol-description/-/get-symbol-description-1.0.0.tgz. Extracting by manifest.
416 silly tarball no local data for globalthis@https://registry.npmjs.org/globalthis/-/globalthis-1.0.3.tgz. Extracting by manifest.
417 silly tarball no local data for has@https://registry.npmjs.org/has/-/has-1.0.3.tgz. Extracting by manifest.
418 silly tarball no local data for es-to-primitive@https://registry.npmjs.org/es-to-primitive/-/es-to-primitive-1.2.1.tgz. Extracting by manifest.
419 silly tarball no local data for gopd@https://registry.npmjs.org/gopd/-/gopd-1.0.1.tgz. Extracting by manifest.
420 silly tarball no local data for available-typed-arrays@https://registry.npmjs.org/available-typed-arrays/-/available-typed-arrays-1.0.5.tgz. Extracting by manifest.
421 silly tarball no local data for function.prototype.name@https://registry.npmjs.org/function.prototype.name/-/function.prototype.name-1.1.5.tgz. Extracting by manifest.
422 silly tarball no local data for array-buffer-byte-length@https://registry.npmjs.org/array-buffer-byte-length/-/array-buffer-byte-length-1.0.0.tgz. Extracting by manifest.
423 silly tarball no local data for function-bind@https://registry.npmjs.org/function-bind/-/function-bind-1.1.1.tgz. Extracting by manifest.
424 silly tarball no local data for get-intrinsic@https://registry.npmjs.org/get-intrinsic/-/get-intrinsic-1.2.1.tgz. Extracting by manifest.
425 silly tarball no local data for es-set-tostringtag@https://registry.npmjs.org/es-set-tostringtag/-/es-set-tostringtag-2.0.1.tgz. Extracting by manifest.
426 silly tarball no local data for object-keys@https://registry.npmjs.org/object-keys/-/object-keys-1.1.1.tgz. Extracting by manifest.
427 silly tarball no local data for has-property-descriptors@https://registry.npmjs.org/has-property-descriptors/-/has-property-descriptors-1.0.0.tgz. Extracting by manifest.
428 silly tarball no local data for es-shim-unscopables@https://registry.npmjs.org/es-shim-unscopables/-/es-shim-unscopables-1.0.0.tgz. Extracting by manifest.
429 silly tarball no local data for es-abstract@https://registry.npmjs.org/es-abstract/-/es-abstract-1.21.2.tgz. Extracting by manifest.
430 silly tarball no local data for define-properties@https://registry.npmjs.org/define-properties/-/define-properties-1.2.0.tgz. Extracting by manifest.
431 silly tarball no local data for file-type@https://registry.npmjs.org/file-type/-/file-type-3.9.0.tgz. Extracting by manifest.
432 silly tarball no local data for readable-stream@https://registry.npmjs.org/readable-stream/-/readable-stream-2.3.8.tgz. Extracting by manifest.
433 silly tarball no local data for pump@https://registry.npmjs.org/pump/-/pump-2.0.1.tgz. Extracting by manifest.
434 silly tarball no local data for call-bind@https://registry.npmjs.org/call-bind/-/call-bind-1.0.2.tgz. Extracting by manifest.
435 silly tarball no local data for eventemitter3@https://registry.npmjs.org/eventemitter3/-/eventemitter3-3.1.2.tgz. Extracting by manifest.
436 silly tarball no local data for mime@https://registry.npmjs.org/mime/-/mime-1.6.0.tgz. Extracting by manifest.
437 silly tarball no local data for bl@https://registry.npmjs.org/bl/-/bl-1.2.3.tgz. Extracting by manifest.
438 silly tarball no local data for array.prototype.findindex@https://registry.npmjs.org/array.prototype.findindex/-/array.prototype.findindex-2.2.1.tgz. Extracting by manifest.
439 silly tarball no local data for bluebird@https://registry.npmjs.org/bluebird/-/bluebird-3.7.2.tgz. Extracting by manifest.
440 silly tarball no local data for request-promise@https://registry.npmjs.org/request-promise/-/request-promise-4.2.6.tgz. Extracting by manifest.
441 silly tarball no local data for safe-buffer@https://registry.npmjs.org/safe-buffer/-/safe-buffer-5.1.2.tgz. Extracting by manifest.
442 silly tarball no local data for socks-proxy-agent@https://registry.npmjs.org/socks-proxy-agent/-/socks-proxy-agent-7.0.0.tgz. Extracting by manifest.
443 silly tarball no local data for node-red-contrib-telegrambot@https://registry.npmjs.org/node-red-contrib-telegrambot/-/node-red-contrib-telegrambot-15.1.1.tgz. Extracting by manifest.
444 silly tarball no local data for safe-buffer@https://registry.npmjs.org/safe-buffer/-/safe-buffer-5.1.2.tgz. Extracting by manifest.
445 silly tarball no local data for node-telegram-bot-api@https://registry.npmjs.org/node-telegram-bot-api/-/node-telegram-bot-api-0.61.0.tgz. Extracting by manifest.
446 silly tarball no local data for debug@https://registry.npmjs.org/debug/-/debug-3.2.7.tgz. Extracting by manifest.
447 http fetch GET 200 https://registry.npmjs.org/is-boolean-object/-/is-boolean-object-1.1.2.tgz 3957ms (cache miss)
448 http fetch GET 200 https://registry.npmjs.org/is-bigint/-/is-bigint-1.0.4.tgz 4229ms (cache miss)
449 http fetch GET 200 https://registry.npmjs.org/functions-have-names/-/functions-have-names-1.2.3.tgz 4285ms (cache miss)
450 http fetch GET 200 https://registry.npmjs.org/process-nextick-args/-/process-nextick-args-2.0.1.tgz 4307ms (cache miss)
451 timing reifyNode:node_modules/process-nextick-args Completed in 4470ms
452 timing reifyNode:node_modules/is-bigint Completed in 4473ms
453 http fetch GET 200 https://registry.npmjs.org/has-bigints/-/has-bigints-1.0.2.tgz 4408ms (cache miss)
454 timing reifyNode:node_modules/has-bigints Completed in 4555ms
455 timing reifyNode:node_modules/is-boolean-object Completed in 4728ms
456 http fetch GET 200 https://registry.npmjs.org/which-boxed-primitive/-/which-boxed-primitive-1.0.2.tgz 4623ms (cache miss)
457 timing reifyNode:node_modules/which-boxed-primitive Completed in 4768ms
458 http fetch GET 200 https://registry.npmjs.org/util-deprecate/-/util-deprecate-1.0.2.tgz 4689ms (cache miss)
459 timing reifyNode:node_modules/util-deprecate Completed in 4846ms
460 http fetch GET 200 https://registry.npmjs.org/inherits/-/inherits-2.0.4.tgz 4754ms (cache miss)
461 timing reifyNode:node_modules/inherits Completed in 4913ms
462 timing reifyNode:node_modules/functions-have-names Completed in 4931ms
463 http fetch GET 200 https://registry.npmjs.org/is-symbol/-/is-symbol-1.0.4.tgz 4765ms (cache miss)
464 http fetch GET 200 https://registry.npmjs.org/has/-/has-1.0.3.tgz 4729ms (cache miss)
465 timing reifyNode:node_modules/has Completed in 4961ms
466 http fetch GET 200 https://registry.npmjs.org/es-to-primitive/-/es-to-primitive-1.2.1.tgz 4729ms (cache miss)
467 http fetch GET 200 https://registry.npmjs.org/is-weakref/-/is-weakref-1.0.2.tgz 4844ms (cache miss)
468 http fetch GET 200 https://registry.npmjs.org/object-keys/-/object-keys-1.1.1.tgz 4815ms (cache miss)
469 http fetch GET 200 https://registry.npmjs.org/has-property-descriptors/-/has-property-descriptors-1.0.0.tgz 4826ms (cache miss)
470 timing reifyNode:node_modules/has-property-descriptors Completed in 5084ms
471 http fetch GET 200 https://registry.npmjs.org/es-set-tostringtag/-/es-set-tostringtag-2.0.1.tgz 4886ms (cache miss)
472 timing reifyNode:node_modules/es-set-tostringtag Completed in 5138ms
473 http fetch GET 200 https://registry.npmjs.org/for-each/-/for-each-0.3.3.tgz 4970ms (cache miss)
474 timing reifyNode:node_modules/for-each Completed in 5146ms
475 http fetch GET 200 https://registry.npmjs.org/call-bind/-/call-bind-1.0.2.tgz 4872ms (cache miss)
476 http fetch GET 200 https://registry.npmjs.org/file-type/-/file-type-3.9.0.tgz 4884ms (cache miss)
477 timing reifyNode:node_modules/file-type Completed in 5159ms
478 http fetch GET 200 https://registry.npmjs.org/pump/-/pump-2.0.1.tgz 4896ms (cache miss)
479 timing reifyNode:node_modules/pump Completed in 5170ms
480 timing reifyNode:node_modules/is-symbol Completed in 5185ms
481 http fetch GET 200 https://registry.npmjs.org/stealthy-require/-/stealthy-require-1.1.1.tgz 5043ms (cache miss)
482 timing reifyNode:node_modules/stealthy-require Completed in 5192ms
483 http fetch GET 200 https://registry.npmjs.org/safe-buffer/-/safe-buffer-5.1.2.tgz 4938ms (cache miss)
484 timing reifyNode:node_modules/string_decoder/node_modules/safe-buffer Completed in 5230ms
485 http fetch GET 200 https://registry.npmjs.org/is-regex/-/is-regex-1.1.4.tgz 5018ms (cache miss)
486 timing reifyNode:node_modules/is-regex Completed in 5234ms
487 timing reifyNode:node_modules/is-weakref Completed in 5259ms
488 http fetch GET 200 https://registry.npmjs.org/agent-base/-/agent-base-6.0.2.tgz 5126ms (cache miss)
489 http fetch GET 200 https://registry.npmjs.org/function-bind/-/function-bind-1.1.1.tgz 5030ms (cache miss)
490 timing reifyNode:node_modules/function-bind Completed in 5296ms
491 http fetch GET 200 https://registry.npmjs.org/wrappy/-/wrappy-1.0.2.tgz 5131ms (cache miss)
492 timing reifyNode:node_modules/wrappy Completed in 5300ms
493 http fetch GET 200 https://registry.npmjs.org/string_decoder/-/string_decoder-1.1.1.tgz 5141ms (cache miss)
494 timing reifyNode:node_modules/string_decoder Completed in 5311ms
495 http fetch GET 200 https://registry.npmjs.org/safe-regex-test/-/safe-regex-test-1.0.0.tgz 5126ms (cache miss)
496 timing reifyNode:node_modules/safe-regex-test Completed in 5316ms
497 http fetch GET 200 https://registry.npmjs.org/typed-array-length/-/typed-array-length-1.0.4.tgz 5140ms (cache miss)
498 timing reifyNode:node_modules/typed-array-length Completed in 5327ms
499 http fetch GET 200 https://registry.npmjs.org/request-promise-core/-/request-promise-core-1.1.4.tgz 5177ms (cache miss)
500 timing reifyNode:node_modules/request-promise-core Completed in 5330ms
501 http fetch GET 200 https://registry.npmjs.org/string.prototype.trimend/-/string.prototype.trimend-1.0.6.tgz 5143ms (cache miss)
502 http fetch GET 200 https://registry.npmjs.org/is-callable/-/is-callable-1.2.7.tgz 5119ms (cache miss)
503 timing reifyNode:node_modules/agent-base Completed in 5357ms
504 http fetch GET 200 https://registry.npmjs.org/get-intrinsic/-/get-intrinsic-1.2.1.tgz 5156ms (cache miss)
505 http fetch GET 200 https://registry.npmjs.org/debug/-/debug-3.2.7.tgz 5061ms (cache miss)
506 http fetch GET 200 https://registry.npmjs.org/isarray/-/isarray-1.0.0.tgz 5277ms (cache miss)
507 timing reifyNode:node_modules/isarray Completed in 5432ms
508 http fetch GET 200 https://registry.npmjs.org/end-of-stream/-/end-of-stream-1.4.4.tgz 5278ms (cache miss)
509 timing reifyNode:node_modules/end-of-stream Completed in 5443ms
510 http fetch GET 200 https://registry.npmjs.org/unbox-primitive/-/unbox-primitive-1.0.2.tgz 5290ms (cache miss)
511 timing reifyNode:node_modules/unbox-primitive Completed in 5473ms
512 http fetch GET 200 https://registry.npmjs.org/has-tostringtag/-/has-tostringtag-1.0.0.tgz 5294ms (cache miss)
513 http fetch GET 200 https://registry.npmjs.org/has-proto/-/has-proto-1.0.1.tgz 5263ms (cache miss)
514 timing reifyNode:node_modules/has-proto Completed in 5481ms
515 http fetch GET 200 https://registry.npmjs.org/get-symbol-description/-/get-symbol-description-1.0.0.tgz 5259ms (cache miss)
516 http fetch GET 200 https://registry.npmjs.org/request-promise/-/request-promise-4.2.6.tgz 5203ms (cache miss)
517 warn deprecated request-promise@4.2.6: request-promise has been deprecated because it extends the now deprecated request package, see https://github.com/request/request/issues/3142
518 timing reifyNode:node_modules/request-promise Completed in 5498ms
519 timing reifyNode:node_modules/get-symbol-description Completed in 5506ms
520 http fetch GET 200 https://registry.npmjs.org/is-shared-array-buffer/-/is-shared-array-buffer-1.0.2.tgz 5306ms (cache miss)
521 timing reifyNode:node_modules/is-shared-array-buffer Completed in 5516ms
522 http fetch GET 200 https://registry.npmjs.org/is-string/-/is-string-1.0.7.tgz 5312ms (cache miss)
523 timing reifyNode:node_modules/is-string Completed in 5519ms
524 http fetch GET 200 https://registry.npmjs.org/ip/-/ip-2.0.0.tgz 5388ms (cache miss)
525 timing reifyNode:node_modules/ip Completed in 5534ms
526 http fetch GET 200 https://registry.npmjs.org/gopd/-/gopd-1.0.1.tgz 5299ms (cache miss)
527 timing reifyNode:node_modules/gopd Completed in 5537ms
528 http fetch GET 200 https://registry.npmjs.org/safe-buffer/-/safe-buffer-5.1.2.tgz 5210ms (cache miss)
529 timing reifyNode:node_modules/readable-stream/node_modules/safe-buffer Completed in 5539ms
530 timing reifyNode:node_modules/get-intrinsic Completed in 5541ms
531 timing reifyNode:node_modules/node-telegram-bot-api/node_modules/debug Completed in 5542ms
532 timing reifyNode:node_modules/is-callable Completed in 5576ms
533 http fetch GET 200 https://registry.npmjs.org/array-buffer-byte-length/-/array-buffer-byte-length-1.0.0.tgz 5359ms (cache miss)
534 timing reifyNode:node_modules/array-buffer-byte-length Completed in 5604ms
535 timing reifyNode:node_modules/object-keys Completed in 5606ms
536 http fetch GET 200 https://registry.npmjs.org/es-shim-unscopables/-/es-shim-unscopables-1.0.0.tgz 5349ms (cache miss)
537 timing reifyNode:node_modules/es-shim-unscopables Completed in 5610ms
538 http fetch GET 200 https://registry.npmjs.org/available-typed-arrays/-/available-typed-arrays-1.0.5.tgz 5374ms (cache miss)
539 timing reifyNode:node_modules/available-typed-arrays Completed in 5612ms
540 http fetch GET 200 https://registry.npmjs.org/once/-/once-1.4.0.tgz 5451ms (cache miss)
541 timing reifyNode:node_modules/once Completed in 5619ms
542 http fetch GET 200 https://registry.npmjs.org/is-date-object/-/is-date-object-1.0.5.tgz 5447ms (cache miss)
543 http fetch GET 200 https://registry.npmjs.org/define-properties/-/define-properties-1.2.0.tgz 5361ms (cache miss)
544 timing reifyNode:node_modules/define-properties Completed in 5624ms
545 timing reifyNode:node_modules/call-bind Completed in 5625ms
546 http fetch GET 200 https://registry.npmjs.org/side-channel/-/side-channel-1.0.4.tgz 5460ms (cache miss)
547 timing reifyNode:node_modules/side-channel Completed in 5633ms
548 timing reifyNode:node_modules/is-date-object Completed in 5634ms
549 timing reifyNode:node_modules/string.prototype.trimend Completed in 5657ms
550 http fetch GET 200 https://registry.npmjs.org/is-array-buffer/-/is-array-buffer-3.0.2.tgz 5448ms (cache miss)
551 timing reifyNode:node_modules/is-array-buffer Completed in 5661ms
552 http fetch GET 200 https://registry.npmjs.org/is-negative-zero/-/is-negative-zero-2.0.2.tgz 5452ms (cache miss)
553 timing reifyNode:node_modules/is-negative-zero Completed in 5664ms
554 http fetch GET 200 https://registry.npmjs.org/globalthis/-/globalthis-1.0.3.tgz 5437ms (cache miss)
555 http fetch GET 200 https://registry.npmjs.org/has-symbols/-/has-symbols-1.0.3.tgz 5453ms (cache miss)
556 http fetch GET 200 https://registry.npmjs.org/socks-proxy-agent/-/socks-proxy-agent-7.0.0.tgz 5405ms (cache miss)
557 timing reifyNode:node_modules/socks-proxy-agent Completed in 5698ms
558 timing reifyNode:node_modules/has-tostringtag Completed in 5721ms
559 http fetch GET 200 https://registry.npmjs.org/internal-slot/-/internal-slot-1.0.5.tgz 5506ms (cache miss)
560 timing reifyNode:node_modules/internal-slot Completed in 5730ms
561 http fetch GET 200 https://registry.npmjs.org/array.prototype.findindex/-/array.prototype.findindex-2.2.1.tgz 5462ms (cache miss)
562 http fetch GET 200 https://registry.npmjs.org/which-typed-array/-/which-typed-array-1.1.9.tgz 5574ms (cache miss)
563 timing reifyNode:node_modules/which-typed-array Completed in 5754ms
564 http fetch GET 200 https://registry.npmjs.org/eventemitter3/-/eventemitter3-3.1.2.tgz 5480ms (cache miss)
565 timing reifyNode:node_modules/eventemitter3 Completed in 5759ms
566 http fetch GET 200 https://registry.npmjs.org/string.prototype.trim/-/string.prototype.trim-1.2.7.tgz 5572ms (cache miss)
567 timing reifyNode:node_modules/globalthis Completed in 5776ms
568 http fetch GET 200 https://registry.npmjs.org/mime/-/mime-1.6.0.tgz 5501ms (cache miss)
569 timing reifyNode:node_modules/mime Completed in 5780ms
570 http fetch GET 200 https://registry.npmjs.org/is-number-object/-/is-number-object-1.0.7.tgz 5643ms (cache miss)
571 timing reifyNode:node_modules/is-number-object Completed in 5785ms
572 http fetch GET 200 https://registry.npmjs.org/bl/-/bl-1.2.3.tgz 5535ms (cache miss)
573 timing reifyNode:node_modules/bl Completed in 5816ms
574 timing reifyNode:node_modules/has-symbols Completed in 5817ms
575 http fetch GET 200 https://registry.npmjs.org/is-typed-array/-/is-typed-array-1.1.10.tgz 5616ms (cache miss)
576 timing reifyNode:node_modules/is-typed-array Completed in 5822ms
577 timing reifyNode:node_modules/array.prototype.findindex Completed in 5861ms
578 timing reifyNode:node_modules/string.prototype.trim Completed in 5864ms
579 http fetch GET 200 https://registry.npmjs.org/regexp.prototype.flags/-/regexp.prototype.flags-1.5.0.tgz 5690ms (cache miss)
580 timing reifyNode:node_modules/regexp.prototype.flags Completed in 5886ms
581 timing reifyNode:node_modules/es-to-primitive Completed in 5979ms
582 http fetch GET 200 https://registry.npmjs.org/string.prototype.trimstart/-/string.prototype.trimstart-1.0.6.tgz 5839ms (cache miss)
583 timing reifyNode:node_modules/string.prototype.trimstart Completed in 6032ms
584 http fetch GET 200 https://registry.npmjs.org/function.prototype.name/-/function.prototype.name-1.1.5.tgz 5854ms (cache miss)
585 timing reifyNode:node_modules/function.prototype.name Completed in 6095ms
586 http fetch GET 200 https://registry.npmjs.org/readable-stream/-/readable-stream-2.3.8.tgz 5990ms (cache miss)
587 timing reifyNode:node_modules/readable-stream Completed in 6287ms
588 http fetch GET 200 https://registry.npmjs.org/object-inspect/-/object-inspect-1.12.3.tgz 6174ms (cache miss)
589 http fetch GET 200 https://registry.npmjs.org/smart-buffer/-/smart-buffer-4.2.0.tgz 6264ms (cache miss)
590 timing reifyNode:node_modules/smart-buffer Completed in 6404ms
591 timing reifyNode:node_modules/object-inspect Completed in 6405ms
592 http fetch GET 200 https://registry.npmjs.org/node-telegram-bot-api/-/node-telegram-bot-api-0.61.0.tgz 6264ms (cache miss)
593 timing reifyNode:node_modules/node-telegram-bot-api Completed in 6637ms
594 http fetch GET 200 https://registry.npmjs.org/socks/-/socks-2.7.1.tgz 6638ms (cache miss)
595 timing reifyNode:node_modules/socks Completed in 6783ms
596 http fetch GET 200 https://registry.npmjs.org/object.assign/-/object.assign-4.1.4.tgz 6933ms (cache miss)
597 timing reifyNode:node_modules/object.assign Completed in 7151ms
598 http fetch GET 200 https://registry.npmjs.org/bluebird/-/bluebird-3.7.2.tgz 7009ms (cache miss)
599 timing reifyNode:node_modules/bluebird Completed in 7297ms
600 http fetch GET 200 https://registry.npmjs.org/node-red-contrib-telegrambot/-/node-red-contrib-telegrambot-15.1.1.tgz 8947ms (cache miss)
601 timing reifyNode:node_modules/node-red-contrib-telegrambot Completed in 9241ms
602 http fetch GET 200 https://registry.npmjs.org/es-abstract/-/es-abstract-1.21.2.tgz 13860ms (cache miss)
603 timing reifyNode:node_modules/es-abstract Completed in 14126ms
604 timing reify:unpack Completed in 14129ms
605 timing reify:unretire Completed in 0ms
606 timing build:queue Completed in 38ms
607 timing build:link:node_modules/mime Completed in 27ms
608 timing build:link Completed in 27ms
609 timing build:deps Completed in 67ms
610 timing build Completed in 69ms
611 timing reify:build Completed in 69ms
612 timing reify:trash Completed in 0ms
613 timing reify:save Completed in 37ms
614 timing reify Completed in 22229ms
615 silly ADD node_modules/is-number-object
616 silly ADD node_modules/is-boolean-object
617 silly ADD node_modules/is-bigint
618 silly ADD node_modules/which-boxed-primitive
619 silly ADD node_modules/has-bigints
620 silly ADD node_modules/smart-buffer
621 silly ADD node_modules/ip
622 silly ADD node_modules/socks
623 silly ADD node_modules/agent-base
624 silly ADD node_modules/stealthy-require
625 silly ADD node_modules/request-promise-core
626 silly ADD node_modules/util-deprecate
627 silly ADD node_modules/string_decoder
628 silly ADD node_modules/string_decoder/node_modules/safe-buffer
629 silly ADD node_modules/process-nextick-args
630 silly ADD node_modules/isarray
631 silly ADD node_modules/inherits
632 silly ADD node_modules/wrappy
633 silly ADD node_modules/once
634 silly ADD node_modules/end-of-stream
635 silly ADD node_modules/for-each
636 silly ADD node_modules/side-channel
637 silly ADD node_modules/functions-have-names
638 silly ADD node_modules/is-symbol
639 silly ADD node_modules/is-date-object
640 silly ADD node_modules/has-tostringtag
641 silly ADD node_modules/which-typed-array
642 silly ADD node_modules/unbox-primitive
643 silly ADD node_modules/typed-array-length
644 silly ADD node_modules/string.prototype.trimstart
645 silly ADD node_modules/string.prototype.trimend
646 silly ADD node_modules/string.prototype.trim
647 silly ADD node_modules/safe-regex-test
648 silly ADD node_modules/regexp.prototype.flags
649 silly ADD node_modules/object.assign
650 silly ADD node_modules/object-inspect
651 silly ADD node_modules/is-weakref
652 silly ADD node_modules/is-typed-array
653 silly ADD node_modules/is-string
654 silly ADD node_modules/is-shared-array-buffer
655 silly ADD node_modules/is-regex
656 silly ADD node_modules/is-negative-zero
657 silly ADD node_modules/is-callable
658 silly ADD node_modules/is-array-buffer
659 silly ADD node_modules/internal-slot
660 silly ADD node_modules/has-symbols
661 silly ADD node_modules/has-proto
662 silly ADD node_modules/has
663 silly ADD node_modules/gopd
664 silly ADD node_modules/globalthis
665 silly ADD node_modules/get-symbol-description
666 silly ADD node_modules/function.prototype.name
667 silly ADD node_modules/es-to-primitive
668 silly ADD node_modules/es-set-tostringtag
669 silly ADD node_modules/available-typed-arrays
670 silly ADD node_modules/array-buffer-byte-length
671 silly ADD node_modules/object-keys
672 silly ADD node_modules/has-property-descriptors
673 silly ADD node_modules/get-intrinsic
674 silly ADD node_modules/function-bind
675 silly ADD node_modules/readable-stream
676 silly ADD node_modules/readable-stream/node_modules/safe-buffer
677 silly ADD node_modules/es-shim-unscopables
678 silly ADD node_modules/es-abstract
679 silly ADD node_modules/define-properties
680 silly ADD node_modules/call-bind
681 silly ADD node_modules/pump
682 silly ADD node_modules/mime
683 silly ADD node_modules/file-type
684 silly ADD node_modules/eventemitter3
685 silly ADD node_modules/bl
686 silly ADD node_modules/array.prototype.findindex
687 silly ADD node_modules/socks-proxy-agent
688 silly ADD node_modules/request-promise
689 silly ADD node_modules/node-telegram-bot-api
690 silly ADD node_modules/node-telegram-bot-api/node_modules/debug
691 silly ADD node_modules/bluebird
692 silly ADD node_modules/node-red-contrib-telegrambot
693 timing command:install Completed in 22263ms
694 verbose exit 0
695 timing npm Completed in 22447ms
696 info ok
