0 verbose cli /usr/local/bin/node /usr/local/bin/npm
1 info using npm@8.19.4
2 info using node@v16.20.0
3 timing npm:load:whichnode Completed in 0ms
4 timing config:load:defaults Completed in 2ms
5 timing config:load:file:/usr/local/lib/node_modules/npm/npmrc Completed in 1ms
6 timing config:load:builtin Completed in 2ms
7 warn config production Use `--omit=dev` instead.
8 timing config:load:cli Completed in 2ms
9 timing config:load:env Completed in 0ms
10 timing config:load:file:/data/.npmrc Completed in 5ms
11 timing config:load:project Completed in 7ms
12 timing config:load:file:/usr/src/node-red/.npmrc Completed in 0ms
13 timing config:load:user Completed in 0ms
14 timing config:load:file:/usr/local/etc/npmrc Completed in 1ms
15 timing config:load:global Completed in 1ms
16 timing config:load:validate Completed in 0ms
17 timing config:load:credentials Completed in 1ms
18 timing config:load:setEnvs Completed in 1ms
19 timing config:load Completed in 18ms
20 timing npm:load:configload Completed in 18ms
21 timing npm:load:mkdirpcache Completed in 3ms
22 timing npm:load:mkdirplogs Completed in 2ms
23 verbose title npm install node-red-contrib-ical-events@2.2.2
24 verbose argv "install" "--no-audit" "--no-update-notifier" "--no-fund" "--save" "--save-prefix" "~" "--production" "--engine-strict" "node-red-contrib-ical-events@2.2.2"
25 timing npm:load:setTitle Completed in 2ms
26 timing config:load:flatten Completed in 3ms
27 timing npm:load:display Completed in 5ms
28 verbose logfile logs-max:10 dir:/data/.npm/_logs
29 verbose logfile /data/.npm/_logs/2023-06-16T10_11_24_258Z-debug-0.log
30 timing npm:load:logFile Completed in 24ms
31 timing npm:load:timers Completed in 0ms
32 timing npm:load:configScope Completed in 0ms
33 timing npm:load Completed in 57ms
34 timing arborist:ctor Completed in 1ms
35 silly logfile done cleaning log files
36 timing arborist:ctor Completed in 0ms
37 timing idealTree:init Completed in 21ms
38 timing idealTree:userRequests Completed in 5ms
39 silly idealTree buildDeps
40 silly fetch manifest node-red-contrib-ical-events@2.2.2
41 http fetch GET 200 https://registry.npmjs.org/node-red-contrib-ical-events 1021ms (cache miss)
42 silly placeDep ROOT node-red-contrib-ical-events@2.2.2 OK for: node-red-project@0.0.1 want: 2.2.2
43 silly fetch manifest cron@^1.8.2
44 silly fetch manifest cron-parser@^4.1.0
45 silly fetch manifest crypto-js@^4.1.1
46 silly fetch manifest kalender-events@0.28.1
47 silly fetch manifest luxon@^2.0.2
48 silly fetch manifest moment@^2.29.1
49 silly fetch manifest moment-timezone@^0.5.34
50 silly fetch manifest node-cache@^5.1.2
51 http fetch GET 200 https://registry.npmjs.org/moment-timezone 153ms (cache miss)
52 http fetch GET 200 https://registry.npmjs.org/luxon 185ms (cache miss)
53 http fetch GET 200 https://registry.npmjs.org/crypto-js 318ms (cache miss)
54 http fetch GET 200 https://registry.npmjs.org/cron 905ms (cache miss)
55 http fetch GET 200 https://registry.npmjs.org/node-cache 949ms (cache miss)
56 http fetch GET 200 https://registry.npmjs.org/cron-parser 987ms (cache miss)
57 http fetch GET 200 https://registry.npmjs.org/moment 1002ms (cache miss)
58 http fetch GET 200 https://registry.npmjs.org/kalender-events 1017ms (cache miss)
59 timing idealTree:#root Completed in 2058ms
60 silly placeDep ROOT cron@1.8.2 OK for: node-red-contrib-ical-events@2.2.2 want: ^1.8.2
61 silly placeDep ROOT cron-parser@4.8.1 OK for: node-red-contrib-ical-events@2.2.2 want: ^4.1.0
62 silly placeDep ROOT crypto-js@4.1.1 OK for: node-red-contrib-ical-events@2.2.2 want: ^4.1.1
63 silly placeDep ROOT kalender-events@0.28.1 OK for: node-red-contrib-ical-events@2.2.2 want: 0.28.1
64 silly placeDep ROOT luxon@2.5.2 OK for: node-red-contrib-ical-events@2.2.2 want: ^2.0.2
65 silly placeDep ROOT moment@2.29.4 OK for: node-red-contrib-ical-events@2.2.2 want: ^2.29.1
66 silly placeDep ROOT moment-timezone@0.5.43 OK for: node-red-contrib-ical-events@2.2.2 want: ^0.5.34
67 silly placeDep ROOT node-cache@5.1.2 OK for: node-red-contrib-ical-events@2.2.2 want: ^5.1.2
68 silly fetch manifest luxon@^3.2.1
69 silly fetch manifest @naimo84/dav@^1.9.0
70 silly fetch manifest axios@^0.21.1
71 silly fetch manifest cloneextend@0.0.3
72 silly fetch manifest debug@^4.1.1
73 silly fetch manifest ical-expander@^2.1.0
74 silly fetch manifest lodash@^4.17.15
75 silly fetch manifest rrule@2.6.4
76 silly fetch manifest scrapegoat@1.0.1
77 silly fetch manifest uuid@^8.3.2
78 silly fetch manifest xml-js@^1.6.11
79 silly fetch manifest clone@2.x
80 http fetch GET 200 https://registry.npmjs.org/lodash 176ms (cache miss)
81 http fetch GET 200 https://registry.npmjs.org/debug 195ms (cache miss)
82 http fetch GET 200 https://registry.npmjs.org/uuid 207ms (cache miss)
83 http fetch GET 200 https://registry.npmjs.org/cloneextend 300ms (cache miss)
84 http fetch GET 200 https://registry.npmjs.org/ical-expander 315ms (cache miss)
85 http fetch GET 200 https://registry.npmjs.org/axios 443ms (cache miss)
86 http fetch GET 200 https://registry.npmjs.org/@naimo84%2fdav 568ms (cache miss)
87 http fetch GET 200 https://registry.npmjs.org/scrapegoat 904ms (cache miss)
88 http fetch GET 200 https://registry.npmjs.org/rrule 920ms (cache miss)
89 http fetch GET 200 https://registry.npmjs.org/xml-js 935ms (cache miss)
90 http fetch GET 200 https://registry.npmjs.org/clone 946ms (cache miss)
91 timing idealTree:node_modules/node-red-contrib-ical-events Completed in 984ms
92 timing idealTree:node_modules/cron Completed in 0ms
93 silly placeDep node_modules/cron-parser luxon@3.3.0 OK for: cron-parser@4.8.1 want: ^3.2.1
94 timing idealTree:node_modules/cron-parser Completed in 3ms
95 timing idealTree:node_modules/crypto-js Completed in 0ms
96 silly placeDep ROOT @naimo84/dav@1.9.0 OK for: kalender-events@0.28.1 want: ^1.9.0
97 silly placeDep ROOT axios@0.21.4 OK for: kalender-events@0.28.1 want: ^0.21.1
98 silly placeDep ROOT cloneextend@0.0.3 OK for: kalender-events@0.28.1 want: 0.0.3
99 silly placeDep ROOT debug@4.3.4 OK for: kalender-events@0.28.1 want: ^4.1.1
100 silly placeDep ROOT ical-expander@2.1.0 OK for: kalender-events@0.28.1 want: ^2.1.0
101 silly placeDep ROOT lodash@4.17.21 OK for: kalender-events@0.28.1 want: ^4.17.15
102 silly placeDep ROOT rrule@2.6.4 OK for: kalender-events@0.28.1 want: 2.6.4
103 silly placeDep ROOT scrapegoat@1.0.1 OK for: kalender-events@0.28.1 want: 1.0.1
104 silly placeDep ROOT uuid@8.3.2 OK for: kalender-events@0.28.1 want: ^8.3.2
105 silly placeDep ROOT xml-js@1.6.11 OK for: kalender-events@0.28.1 want: ^1.6.11
106 silly fetch manifest @babel/polyfill@^7.0.0
107 silly fetch manifest co@^4.6.0
108 silly fetch manifest xmldom@^0.1.27
109 silly fetch manifest xmlhttprequest@^1.8.0
110 silly fetch manifest follow-redirects@^1.14.0
111 silly fetch manifest ms@2.1.2
112 silly fetch manifest ical.js@1.2.2
113 silly fetch manifest tslib@^1.10.0
114 silly fetch manifest luxon@^1.21.3
115 silly fetch manifest ejs@^2.3.1
116 silly fetch manifest ical.js@^1.2.2
117 silly fetch manifest request@^2.75.0
118 silly fetch manifest xml2js@^0.4.5
119 silly fetch manifest sax@^1.2.4
120 http fetch GET 200 https://registry.npmjs.org/ms 127ms (cache miss)
121 http fetch GET 200 https://registry.npmjs.org/tslib 139ms (cache miss)
122 http fetch GET 200 https://registry.npmjs.org/request 154ms (cache miss)
123 http fetch GET 200 https://registry.npmjs.org/xmldom 327ms (cache miss)
124 http fetch GET 200 https://registry.npmjs.org/co 344ms (cache miss)
125 http fetch GET 200 https://registry.npmjs.org/ical.js 344ms (cache miss)
126 http fetch GET 200 https://registry.npmjs.org/ejs 359ms (cache miss)
127 http fetch GET 200 https://registry.npmjs.org/@babel%2fpolyfill 530ms (cache miss)
128 http fetch GET 200 https://registry.npmjs.org/ical.js 834ms (cache miss)
129 http fetch GET 200 https://registry.npmjs.org/sax 905ms (cache miss)
130 http fetch GET 200 https://registry.npmjs.org/follow-redirects 923ms (cache miss)
131 http fetch GET 200 https://registry.npmjs.org/xmlhttprequest 940ms (cache miss)
132 http fetch GET 200 https://registry.npmjs.org/xml2js 944ms (cache miss)
133 timing idealTree:node_modules/kalender-events Completed in 984ms
134 silly placeDep ROOT @babel/polyfill@7.12.1 OK for: @naimo84/dav@1.9.0 want: ^7.0.0
135 silly placeDep ROOT co@4.6.0 OK for: @naimo84/dav@1.9.0 want: ^4.6.0
136 silly placeDep ROOT xmldom@0.1.31 OK for: @naimo84/dav@1.9.0 want: ^0.1.27
137 silly placeDep ROOT xmlhttprequest@1.8.0 OK for: @naimo84/dav@1.9.0 want: ^1.8.0
138 silly fetch manifest core-js@^2.6.5
139 silly fetch manifest regenerator-runtime@^0.13.4
140 http fetch GET 200 https://registry.npmjs.org/regenerator-runtime 321ms (cache miss)
141 http fetch GET 200 https://registry.npmjs.org/core-js 341ms (cache miss)
142 timing idealTree:node_modules/@naimo84/dav Completed in 354ms
143 silly placeDep ROOT core-js@2.6.12 OK for: @babel/polyfill@7.12.1 want: ^2.6.5
144 silly placeDep ROOT regenerator-runtime@0.13.11 OK for: @babel/polyfill@7.12.1 want: ^0.13.4
145 timing idealTree:node_modules/@babel/polyfill Completed in 3ms
146 silly placeDep ROOT follow-redirects@1.15.2 OK for: axios@0.21.4 want: ^1.14.0
147 timing idealTree:node_modules/axios Completed in 1ms
148 timing idealTree:node_modules/cloneextend Completed in 0ms
149 timing idealTree:node_modules/co Completed in 0ms
150 timing idealTree:node_modules/core-js Completed in 0ms
151 silly placeDep ROOT ms@2.1.2 OK for: debug@4.3.4 want: 2.1.2
152 timing idealTree:node_modules/debug Completed in 3ms
153 timing idealTree:node_modules/follow-redirects Completed in 0ms
154 silly placeDep ROOT ical.js@1.2.2 OK for: ical-expander@2.1.0 want: 1.2.2
155 timing idealTree:node_modules/ical-expander Completed in 2ms
156 timing idealTree:node_modules/ical.js Completed in 0ms
157 timing idealTree:node_modules/lodash Completed in 0ms
158 timing idealTree:node_modules/luxon Completed in 0ms
159 timing idealTree:node_modules/moment Completed in 0ms
160 timing idealTree:node_modules/moment-timezone Completed in 0ms
161 timing idealTree:node_modules/ms Completed in 0ms
162 silly placeDep ROOT clone@2.1.2 OK for: node-cache@5.1.2 want: 2.x
163 timing idealTree:node_modules/node-cache Completed in 2ms
164 timing idealTree:node_modules/clone Completed in 0ms
165 timing idealTree:node_modules/regenerator-runtime Completed in 0ms
166 silly placeDep node_modules/rrule luxon@1.28.1 OK for: rrule@2.6.4 want: ^1.21.3
167 silly placeDep ROOT tslib@1.14.1 OK for: rrule@2.6.4 want: ^1.10.0
168 timing idealTree:node_modules/rrule Completed in 3ms
169 silly placeDep ROOT ejs@2.7.4 OK for: scrapegoat@1.0.1 want: ^2.3.1
170 silly placeDep ROOT request@2.88.2 OK for: scrapegoat@1.0.1 want: ^2.75.0
171 silly placeDep ROOT xml2js@0.4.23 OK for: scrapegoat@1.0.1 want: ^0.4.5
172 silly fetch manifest aws-sign2@~0.7.0
173 silly fetch manifest aws4@^1.8.0
174 silly fetch manifest caseless@~0.12.0
175 silly fetch manifest combined-stream@~1.0.6
176 silly fetch manifest extend@~3.0.2
177 silly fetch manifest forever-agent@~0.6.1
178 silly fetch manifest form-data@~2.3.2
179 silly fetch manifest har-validator@~5.1.3
180 silly fetch manifest http-signature@~1.2.0
181 silly fetch manifest is-typedarray@~1.0.0
182 silly fetch manifest isstream@~0.1.2
183 silly fetch manifest json-stringify-safe@~5.0.1
184 silly fetch manifest mime-types@~2.1.19
185 silly fetch manifest oauth-sign@~0.9.0
186 silly fetch manifest performance-now@^2.1.0
187 silly fetch manifest qs@~6.5.2
188 silly fetch manifest safe-buffer@^5.1.2
189 silly fetch manifest tough-cookie@~2.5.0
190 silly fetch manifest tunnel-agent@^0.6.0
191 silly fetch manifest uuid@^3.3.2
192 silly fetch manifest sax@>=0.6.0
193 silly fetch manifest xmlbuilder@~11.0.0
194 http fetch GET 200 https://registry.npmjs.org/json-stringify-safe 504ms (cache miss)
195 http fetch GET 200 https://registry.npmjs.org/aws-sign2 525ms (cache miss)
196 http fetch GET 200 https://registry.npmjs.org/isstream 535ms (cache miss)
197 http fetch GET 200 https://registry.npmjs.org/aws4 554ms (cache miss)
198 http fetch GET 200 https://registry.npmjs.org/forever-agent 561ms (cache miss)
199 http fetch GET 200 https://registry.npmjs.org/http-signature 568ms (cache miss)
200 http fetch GET 200 https://registry.npmjs.org/form-data 583ms (cache miss)
201 http fetch GET 200 https://registry.npmjs.org/combined-stream 597ms (cache miss)
202 http fetch GET 200 https://registry.npmjs.org/is-typedarray 598ms (cache miss)
203 http fetch GET 200 https://registry.npmjs.org/extend 609ms (cache miss)
204 http fetch GET 200 https://registry.npmjs.org/caseless 631ms (cache miss)
205 http fetch GET 200 https://registry.npmjs.org/safe-buffer 608ms (cache miss)
206 http fetch GET 200 https://registry.npmjs.org/oauth-sign 650ms (cache miss)
207 http fetch GET 200 https://registry.npmjs.org/mime-types 661ms (cache miss)
208 http fetch GET 200 https://registry.npmjs.org/har-validator 681ms (cache miss)
209 http fetch GET 200 https://registry.npmjs.org/tunnel-agent 669ms (cache miss)
210 http fetch GET 200 https://registry.npmjs.org/performance-now 677ms (cache miss)
211 http fetch GET 200 https://registry.npmjs.org/xmlbuilder 688ms (cache miss)
212 http fetch GET 200 https://registry.npmjs.org/tough-cookie 721ms (cache miss)
213 http fetch GET 200 https://registry.npmjs.org/qs 762ms (cache miss)
214 timing idealTree:node_modules/scrapegoat Completed in 804ms
215 timing idealTree:node_modules/ejs Completed in 0ms
216 silly placeDep ROOT aws-sign2@0.7.0 OK for: request@2.88.2 want: ~0.7.0
217 silly placeDep ROOT aws4@1.12.0 OK for: request@2.88.2 want: ^1.8.0
218 silly placeDep ROOT caseless@0.12.0 OK for: request@2.88.2 want: ~0.12.0
219 silly placeDep ROOT combined-stream@1.0.8 OK for: request@2.88.2 want: ~1.0.6
220 silly placeDep ROOT extend@3.0.2 OK for: request@2.88.2 want: ~3.0.2
221 silly placeDep ROOT forever-agent@0.6.1 OK for: request@2.88.2 want: ~0.6.1
222 silly placeDep ROOT form-data@2.3.3 OK for: request@2.88.2 want: ~2.3.2
223 silly placeDep ROOT har-validator@5.1.5 OK for: request@2.88.2 want: ~5.1.3
224 silly placeDep ROOT http-signature@1.2.0 OK for: request@2.88.2 want: ~1.2.0
225 silly placeDep ROOT is-typedarray@1.0.0 OK for: request@2.88.2 want: ~1.0.0
226 silly placeDep ROOT isstream@0.1.2 OK for: request@2.88.2 want: ~0.1.2
227 silly placeDep ROOT json-stringify-safe@5.0.1 OK for: request@2.88.2 want: ~5.0.1
228 silly placeDep ROOT mime-types@2.1.35 OK for: request@2.88.2 want: ~2.1.19
229 silly placeDep ROOT oauth-sign@0.9.0 OK for: request@2.88.2 want: ~0.9.0
230 silly placeDep ROOT performance-now@2.1.0 OK for: request@2.88.2 want: ^2.1.0
231 silly placeDep ROOT qs@6.5.3 OK for: request@2.88.2 want: ~6.5.2
232 silly placeDep ROOT safe-buffer@5.2.1 OK for: request@2.88.2 want: ^5.1.2
233 silly placeDep ROOT tough-cookie@2.5.0 OK for: request@2.88.2 want: ~2.5.0
234 silly placeDep ROOT tunnel-agent@0.6.0 OK for: request@2.88.2 want: ^0.6.0
235 silly placeDep node_modules/request uuid@3.4.0 OK for: request@2.88.2 want: ^3.3.2
236 silly fetch manifest delayed-stream@~1.0.0
237 silly fetch manifest asynckit@^0.4.0
238 silly fetch manifest ajv@^6.12.3
239 silly fetch manifest har-schema@^2.0.0
240 silly fetch manifest assert-plus@^1.0.0
241 silly fetch manifest jsprim@^1.2.2
242 silly fetch manifest sshpk@^1.7.0
243 silly fetch manifest mime-db@1.52.0
244 silly fetch manifest psl@^1.1.28
245 silly fetch manifest punycode@^2.1.1
246 http fetch GET 200 https://registry.npmjs.org/assert-plus 160ms (cache miss)
247 http fetch GET 200 https://registry.npmjs.org/punycode 184ms (cache miss)
248 http fetch GET 200 https://registry.npmjs.org/ajv 200ms (cache miss)
249 http fetch GET 200 https://registry.npmjs.org/mime-db 209ms (cache miss)
250 http fetch GET 200 https://registry.npmjs.org/asynckit 377ms (cache miss)
251 http fetch GET 200 https://registry.npmjs.org/delayed-stream 388ms (cache miss)
252 http fetch GET 200 https://registry.npmjs.org/jsprim 396ms (cache miss)
253 http fetch GET 200 https://registry.npmjs.org/psl 393ms (cache miss)
254 http fetch GET 200 https://registry.npmjs.org/har-schema 410ms (cache miss)
255 http fetch GET 200 https://registry.npmjs.org/sshpk 461ms (cache miss)
256 timing idealTree:node_modules/request Completed in 545ms
257 timing idealTree:node_modules/aws-sign2 Completed in 0ms
258 timing idealTree:node_modules/aws4 Completed in 0ms
259 timing idealTree:node_modules/caseless Completed in 0ms
260 silly placeDep ROOT delayed-stream@1.0.0 OK for: combined-stream@1.0.8 want: ~1.0.0
261 timing idealTree:node_modules/combined-stream Completed in 2ms
262 timing idealTree:node_modules/delayed-stream Completed in 0ms
263 timing idealTree:node_modules/extend Completed in 0ms
264 timing idealTree:node_modules/forever-agent Completed in 0ms
265 silly placeDep ROOT asynckit@0.4.0 OK for: form-data@2.3.3 want: ^0.4.0
266 timing idealTree:node_modules/form-data Completed in 2ms
267 timing idealTree:node_modules/asynckit Completed in 0ms
268 silly placeDep ROOT ajv@6.12.6 OK for: har-validator@5.1.5 want: ^6.12.3
269 silly placeDep ROOT har-schema@2.0.0 OK for: har-validator@5.1.5 want: ^2.0.0
270 silly fetch manifest fast-deep-equal@^3.1.1
271 silly fetch manifest fast-json-stable-stringify@^2.0.0
272 silly fetch manifest json-schema-traverse@^0.4.1
273 silly fetch manifest uri-js@^4.2.2
274 http fetch GET 200 https://registry.npmjs.org/fast-deep-equal 129ms (cache miss)
275 http fetch GET 200 https://registry.npmjs.org/uri-js 134ms (cache miss)
276 http fetch GET 200 https://registry.npmjs.org/json-schema-traverse 145ms (cache miss)
277 http fetch GET 200 https://registry.npmjs.org/fast-json-stable-stringify 156ms (cache miss)
278 timing idealTree:node_modules/har-validator Completed in 164ms
279 silly placeDep ROOT fast-deep-equal@3.1.3 OK for: ajv@6.12.6 want: ^3.1.1
280 silly placeDep ROOT fast-json-stable-stringify@2.1.0 OK for: ajv@6.12.6 want: ^2.0.0
281 silly placeDep ROOT json-schema-traverse@0.4.1 OK for: ajv@6.12.6 want: ^0.4.1
282 silly placeDep ROOT uri-js@4.4.1 OK for: ajv@6.12.6 want: ^4.2.2
283 silly fetch manifest punycode@^2.1.0
284 timing idealTree:node_modules/ajv Completed in 7ms
285 timing idealTree:node_modules/fast-deep-equal Completed in 0ms
286 timing idealTree:node_modules/fast-json-stable-stringify Completed in 0ms
287 timing idealTree:node_modules/har-schema Completed in 0ms
288 silly placeDep ROOT assert-plus@1.0.0 OK for: http-signature@1.2.0 want: ^1.0.0
289 silly placeDep ROOT jsprim@1.4.2 OK for: http-signature@1.2.0 want: ^1.2.2
290 silly placeDep ROOT sshpk@1.17.0 OK for: http-signature@1.2.0 want: ^1.7.0
291 silly fetch manifest extsprintf@1.3.0
292 silly fetch manifest json-schema@0.4.0
293 silly fetch manifest verror@1.10.0
294 silly fetch manifest asn1@~0.2.3
295 silly fetch manifest dashdash@^1.12.0
296 silly fetch manifest getpass@^0.1.1
297 silly fetch manifest safer-buffer@^2.0.2
298 silly fetch manifest jsbn@~0.1.0
299 silly fetch manifest tweetnacl@~0.14.0
300 silly fetch manifest ecc-jsbn@~0.1.1
301 silly fetch manifest bcrypt-pbkdf@^1.0.0
302 http fetch GET 200 https://registry.npmjs.org/extsprintf 112ms (cache miss)
303 http fetch GET 200 https://registry.npmjs.org/safer-buffer 118ms (cache miss)
304 http fetch GET 200 https://registry.npmjs.org/jsbn 387ms (cache miss)
305 http fetch GET 200 https://registry.npmjs.org/getpass 406ms (cache miss)
306 http fetch GET 200 https://registry.npmjs.org/asn1 413ms (cache miss)
307 http fetch GET 200 https://registry.npmjs.org/json-schema 436ms (cache miss)
308 http fetch GET 200 https://registry.npmjs.org/verror 438ms (cache miss)
309 http fetch GET 200 https://registry.npmjs.org/dashdash 449ms (cache miss)
310 http fetch GET 200 https://registry.npmjs.org/ecc-jsbn 454ms (cache miss)
311 http fetch GET 200 https://registry.npmjs.org/tweetnacl 465ms (cache miss)
312 http fetch GET 200 https://registry.npmjs.org/bcrypt-pbkdf 868ms (cache miss)
313 timing idealTree:node_modules/http-signature Completed in 885ms
314 timing idealTree:node_modules/assert-plus Completed in 0ms
315 timing idealTree:node_modules/is-typedarray Completed in 0ms
316 timing idealTree:node_modules/isstream Completed in 0ms
317 timing idealTree:node_modules/json-schema-traverse Completed in 0ms
318 timing idealTree:node_modules/json-stringify-safe Completed in 0ms
319 silly placeDep ROOT extsprintf@1.3.0 OK for: jsprim@1.4.2 want: 1.3.0
320 silly placeDep ROOT json-schema@0.4.0 OK for: jsprim@1.4.2 want: 0.4.0
321 silly placeDep ROOT verror@1.10.0 OK for: jsprim@1.4.2 want: 1.10.0
322 silly fetch manifest core-util-is@1.0.2
323 http fetch GET 200 https://registry.npmjs.org/core-util-is 102ms (cache miss)
324 timing idealTree:node_modules/jsprim Completed in 112ms
325 timing idealTree:node_modules/extsprintf Completed in 0ms
326 timing idealTree:node_modules/json-schema Completed in 0ms
327 silly placeDep ROOT mime-db@1.52.0 OK for: mime-types@2.1.35 want: 1.52.0
328 timing idealTree:node_modules/mime-types Completed in 1ms
329 timing idealTree:node_modules/mime-db Completed in 0ms
330 timing idealTree:node_modules/oauth-sign Completed in 0ms
331 timing idealTree:node_modules/performance-now Completed in 0ms
332 timing idealTree:node_modules/qs Completed in 0ms
333 timing idealTree:node_modules/safe-buffer Completed in 0ms
334 silly placeDep ROOT asn1@0.2.6 OK for: sshpk@1.17.0 want: ~0.2.3
335 silly placeDep ROOT bcrypt-pbkdf@1.0.2 OK for: sshpk@1.17.0 want: ^1.0.0
336 silly placeDep ROOT dashdash@1.14.1 OK for: sshpk@1.17.0 want: ^1.12.0
337 silly placeDep ROOT ecc-jsbn@0.1.2 OK for: sshpk@1.17.0 want: ~0.1.1
338 silly placeDep ROOT getpass@0.1.7 OK for: sshpk@1.17.0 want: ^0.1.1
339 silly placeDep ROOT jsbn@0.1.1 OK for: sshpk@1.17.0 want: ~0.1.0
340 silly placeDep ROOT safer-buffer@2.1.2 OK for: sshpk@1.17.0 want: ^2.0.2
341 silly placeDep ROOT tweetnacl@0.14.5 OK for: sshpk@1.17.0 want: ~0.14.0
342 timing idealTree:node_modules/sshpk Completed in 10ms
343 timing idealTree:node_modules/asn1 Completed in 1ms
344 timing idealTree:node_modules/bcrypt-pbkdf Completed in 0ms
345 timing idealTree:node_modules/dashdash Completed in 0ms
346 timing idealTree:node_modules/ecc-jsbn Completed in 0ms
347 timing idealTree:node_modules/getpass Completed in 0ms
348 timing idealTree:node_modules/jsbn Completed in 0ms
349 timing idealTree:node_modules/safer-buffer Completed in 0ms
350 silly placeDep ROOT psl@1.9.0 OK for: tough-cookie@2.5.0 want: ^1.1.28
351 silly placeDep ROOT punycode@2.3.0 OK for: tough-cookie@2.5.0 want: ^2.1.1
352 timing idealTree:node_modules/tough-cookie Completed in 2ms
353 timing idealTree:node_modules/psl Completed in 0ms
354 timing idealTree:node_modules/punycode Completed in 0ms
355 timing idealTree:node_modules/tslib Completed in 0ms
356 timing idealTree:node_modules/tunnel-agent Completed in 0ms
357 timing idealTree:node_modules/tweetnacl Completed in 0ms
358 timing idealTree:node_modules/uri-js Completed in 0ms
359 timing idealTree:node_modules/uuid Completed in 0ms
360 silly placeDep ROOT core-util-is@1.0.2 OK for: verror@1.10.0 want: 1.0.2
361 timing idealTree:node_modules/verror Completed in 2ms
362 timing idealTree:node_modules/core-util-is Completed in 0ms
363 silly placeDep ROOT sax@1.2.4 OK for: xml-js@1.6.11 want: ^1.2.4
364 timing idealTree:node_modules/xml-js Completed in 1ms
365 timing idealTree:node_modules/sax Completed in 0ms
366 silly placeDep ROOT xmlbuilder@11.0.1 OK for: xml2js@0.4.23 want: ~11.0.0
367 timing idealTree:node_modules/xml2js Completed in 1ms
368 timing idealTree:node_modules/xmlbuilder Completed in 0ms
369 timing idealTree:node_modules/xmldom Completed in 0ms
370 timing idealTree:node_modules/xmlhttprequest Completed in 0ms
371 timing idealTree:node_modules/cron-parser/node_modules/luxon Completed in 0ms
372 timing idealTree:node_modules/request/node_modules/uuid Completed in 0ms
373 timing idealTree:node_modules/rrule/node_modules/luxon Completed in 0ms
374 timing idealTree:buildDeps Completed in 6972ms
375 timing idealTree:fixDepFlags Completed in 1ms
376 timing idealTree Completed in 7003ms
377 timing reify:loadTrees Completed in 7005ms
378 timing reify:diffTrees Completed in 3ms
379 silly reify moves {}
380 timing reify:retireShallow Completed in 2ms
381 timing reify:createSparse Completed in 562ms
382 timing reify:trashOmits Completed in 1ms
383 timing reify:loadBundles Completed in 0ms
384 silly tarball no local data for xmlbuilder@https://registry.npmjs.org/xmlbuilder/-/xmlbuilder-11.0.1.tgz. Extracting by manifest.
385 silly tarball no local data for sax@https://registry.npmjs.org/sax/-/sax-1.2.4.tgz. Extracting by manifest.
386 silly tarball no local data for punycode@https://registry.npmjs.org/punycode/-/punycode-2.3.0.tgz. Extracting by manifest.
387 silly tarball no local data for core-util-is@https://registry.npmjs.org/core-util-is/-/core-util-is-1.0.2.tgz. Extracting by manifest.
388 silly tarball no local data for psl@https://registry.npmjs.org/psl/-/psl-1.9.0.tgz. Extracting by manifest.
389 silly tarball no local data for tweetnacl@https://registry.npmjs.org/tweetnacl/-/tweetnacl-0.14.5.tgz. Extracting by manifest.
390 silly tarball no local data for jsbn@https://registry.npmjs.org/jsbn/-/jsbn-0.1.1.tgz. Extracting by manifest.
391 silly tarball no local data for safer-buffer@https://registry.npmjs.org/safer-buffer/-/safer-buffer-2.1.2.tgz. Extracting by manifest.
392 silly tarball no local data for getpass@https://registry.npmjs.org/getpass/-/getpass-0.1.7.tgz. Extracting by manifest.
393 silly tarball no local data for bcrypt-pbkdf@https://registry.npmjs.org/bcrypt-pbkdf/-/bcrypt-pbkdf-1.0.2.tgz. Extracting by manifest.
394 silly tarball no local data for dashdash@https://registry.npmjs.org/dashdash/-/dashdash-1.14.1.tgz. Extracting by manifest.
395 silly tarball no local data for ecc-jsbn@https://registry.npmjs.org/ecc-jsbn/-/ecc-jsbn-0.1.2.tgz. Extracting by manifest.
396 silly tarball no local data for asn1@https://registry.npmjs.org/asn1/-/asn1-0.2.6.tgz. Extracting by manifest.
397 silly tarball no local data for mime-db@https://registry.npmjs.org/mime-db/-/mime-db-1.52.0.tgz. Extracting by manifest.
398 silly tarball no local data for extsprintf@https://registry.npmjs.org/extsprintf/-/extsprintf-1.3.0.tgz. Extracting by manifest.
399 silly tarball no local data for verror@https://registry.npmjs.org/verror/-/verror-1.10.0.tgz. Extracting by manifest.
400 silly tarball no local data for json-schema@https://registry.npmjs.org/json-schema/-/json-schema-0.4.0.tgz. Extracting by manifest.
401 silly tarball no local data for jsprim@https://registry.npmjs.org/jsprim/-/jsprim-1.4.2.tgz. Extracting by manifest.
402 silly tarball no local data for uri-js@https://registry.npmjs.org/uri-js/-/uri-js-4.4.1.tgz. Extracting by manifest.
403 silly tarball no local data for assert-plus@https://registry.npmjs.org/assert-plus/-/assert-plus-1.0.0.tgz. Extracting by manifest.
404 silly tarball no local data for json-schema-traverse@https://registry.npmjs.org/json-schema-traverse/-/json-schema-traverse-0.4.1.tgz. Extracting by manifest.
405 silly tarball no local data for sshpk@https://registry.npmjs.org/sshpk/-/sshpk-1.17.0.tgz. Extracting by manifest.
406 silly tarball no local data for fast-json-stable-stringify@https://registry.npmjs.org/fast-json-stable-stringify/-/fast-json-stable-stringify-2.1.0.tgz. Extracting by manifest.
407 silly tarball no local data for har-schema@https://registry.npmjs.org/har-schema/-/har-schema-2.0.0.tgz. Extracting by manifest.
408 silly tarball no local data for fast-deep-equal@https://registry.npmjs.org/fast-deep-equal/-/fast-deep-equal-3.1.3.tgz. Extracting by manifest.
409 silly tarball no local data for ajv@https://registry.npmjs.org/ajv/-/ajv-6.12.6.tgz. Extracting by manifest.
410 silly tarball no local data for delayed-stream@https://registry.npmjs.org/delayed-stream/-/delayed-stream-1.0.0.tgz. Extracting by manifest.
411 silly tarball no local data for asynckit@https://registry.npmjs.org/asynckit/-/asynckit-0.4.0.tgz. Extracting by manifest.
412 silly tarball no local data for tunnel-agent@https://registry.npmjs.org/tunnel-agent/-/tunnel-agent-0.6.0.tgz. Extracting by manifest.
413 silly tarball no local data for performance-now@https://registry.npmjs.org/performance-now/-/performance-now-2.1.0.tgz. Extracting by manifest.
414 silly tarball no local data for safe-buffer@https://registry.npmjs.org/safe-buffer/-/safe-buffer-5.2.1.tgz. Extracting by manifest.
415 silly tarball no local data for tough-cookie@https://registry.npmjs.org/tough-cookie/-/tough-cookie-2.5.0.tgz. Extracting by manifest.
416 silly tarball no local data for oauth-sign@https://registry.npmjs.org/oauth-sign/-/oauth-sign-0.9.0.tgz. Extracting by manifest.
417 silly tarball no local data for mime-types@https://registry.npmjs.org/mime-types/-/mime-types-2.1.35.tgz. Extracting by manifest.
418 silly tarball no local data for qs@https://registry.npmjs.org/qs/-/qs-6.5.3.tgz. Extracting by manifest.
419 silly tarball no local data for http-signature@https://registry.npmjs.org/http-signature/-/http-signature-1.2.0.tgz. Extracting by manifest.
420 silly tarball no local data for form-data@https://registry.npmjs.org/form-data/-/form-data-2.3.3.tgz. Extracting by manifest.
421 silly tarball no local data for is-typedarray@https://registry.npmjs.org/is-typedarray/-/is-typedarray-1.0.0.tgz. Extracting by manifest.
422 silly tarball no local data for isstream@https://registry.npmjs.org/isstream/-/isstream-0.1.2.tgz. Extracting by manifest.
423 silly tarball no local data for json-stringify-safe@https://registry.npmjs.org/json-stringify-safe/-/json-stringify-safe-5.0.1.tgz. Extracting by manifest.
424 silly tarball no local data for extend@https://registry.npmjs.org/extend/-/extend-3.0.2.tgz. Extracting by manifest.
425 silly tarball no local data for forever-agent@https://registry.npmjs.org/forever-agent/-/forever-agent-0.6.1.tgz. Extracting by manifest.
426 silly tarball no local data for combined-stream@https://registry.npmjs.org/combined-stream/-/combined-stream-1.0.8.tgz. Extracting by manifest.
427 silly tarball no local data for har-validator@https://registry.npmjs.org/har-validator/-/har-validator-5.1.5.tgz. Extracting by manifest.
428 silly tarball no local data for aws-sign2@https://registry.npmjs.org/aws-sign2/-/aws-sign2-0.7.0.tgz. Extracting by manifest.
429 silly tarball no local data for caseless@https://registry.npmjs.org/caseless/-/caseless-0.12.0.tgz. Extracting by manifest.
430 silly tarball no local data for xml2js@https://registry.npmjs.org/xml2js/-/xml2js-0.4.23.tgz. Extracting by manifest.
431 silly tarball no local data for aws4@https://registry.npmjs.org/aws4/-/aws4-1.12.0.tgz. Extracting by manifest.
432 silly tarball no local data for ejs@https://registry.npmjs.org/ejs/-/ejs-2.7.4.tgz. Extracting by manifest.
433 silly tarball no local data for tslib@https://registry.npmjs.org/tslib/-/tslib-1.14.1.tgz. Extracting by manifest.
434 silly tarball no local data for clone@https://registry.npmjs.org/clone/-/clone-2.1.2.tgz. Extracting by manifest.
435 silly tarball no local data for ical.js@https://registry.npmjs.org/ical.js/-/ical.js-1.2.2.tgz. Extracting by manifest.
436 silly tarball no local data for ms@https://registry.npmjs.org/ms/-/ms-2.1.2.tgz. Extracting by manifest.
437 silly tarball no local data for follow-redirects@https://registry.npmjs.org/follow-redirects/-/follow-redirects-1.15.2.tgz. Extracting by manifest.
438 silly tarball no local data for request@https://registry.npmjs.org/request/-/request-2.88.2.tgz. Extracting by manifest.
439 silly tarball no local data for regenerator-runtime@https://registry.npmjs.org/regenerator-runtime/-/regenerator-runtime-0.13.11.tgz. Extracting by manifest.
440 silly tarball no local data for xmldom@https://registry.npmjs.org/xmldom/-/xmldom-0.1.31.tgz. Extracting by manifest.
441 silly tarball no local data for core-js@https://registry.npmjs.org/core-js/-/core-js-2.6.12.tgz. Extracting by manifest.
442 silly tarball no local data for co@https://registry.npmjs.org/co/-/co-4.6.0.tgz. Extracting by manifest.
443 silly tarball no local data for xmlhttprequest@https://registry.npmjs.org/xmlhttprequest/-/xmlhttprequest-1.8.0.tgz. Extracting by manifest.
444 silly tarball no local data for uuid@https://registry.npmjs.org/uuid/-/uuid-8.3.2.tgz. Extracting by manifest.
445 silly tarball no local data for @babel/polyfill@https://registry.npmjs.org/@babel/polyfill/-/polyfill-7.12.1.tgz. Extracting by manifest.
446 silly tarball no local data for scrapegoat@https://registry.npmjs.org/scrapegoat/-/scrapegoat-1.0.1.tgz. Extracting by manifest.
447 silly tarball no local data for xml-js@https://registry.npmjs.org/xml-js/-/xml-js-1.6.11.tgz. Extracting by manifest.
448 silly tarball no local data for ical-expander@https://registry.npmjs.org/ical-expander/-/ical-expander-2.1.0.tgz. Extracting by manifest.
449 silly tarball no local data for lodash@https://registry.npmjs.org/lodash/-/lodash-4.17.21.tgz. Extracting by manifest.
450 silly tarball no local data for axios@https://registry.npmjs.org/axios/-/axios-0.21.4.tgz. Extracting by manifest.
451 silly tarball no local data for cloneextend@https://registry.npmjs.org/cloneextend/-/cloneextend-0.0.3.tgz. Extracting by manifest.
452 silly tarball no local data for debug@https://registry.npmjs.org/debug/-/debug-4.3.4.tgz. Extracting by manifest.
453 silly tarball no local data for rrule@https://registry.npmjs.org/rrule/-/rrule-2.6.4.tgz. Extracting by manifest.
454 silly tarball no local data for node-cache@https://registry.npmjs.org/node-cache/-/node-cache-5.1.2.tgz. Extracting by manifest.
455 silly tarball no local data for @naimo84/dav@https://registry.npmjs.org/@naimo84/dav/-/dav-1.9.0.tgz. Extracting by manifest.
456 silly tarball no local data for moment@https://registry.npmjs.org/moment/-/moment-2.29.4.tgz. Extracting by manifest.
457 silly tarball no local data for moment-timezone@https://registry.npmjs.org/moment-timezone/-/moment-timezone-0.5.43.tgz. Extracting by manifest.
458 silly tarball no local data for luxon@https://registry.npmjs.org/luxon/-/luxon-2.5.2.tgz. Extracting by manifest.
459 silly tarball no local data for kalender-events@https://registry.npmjs.org/kalender-events/-/kalender-events-0.28.1.tgz. Extracting by manifest.
460 silly tarball no local data for crypto-js@https://registry.npmjs.org/crypto-js/-/crypto-js-4.1.1.tgz. Extracting by manifest.
461 silly tarball no local data for cron@https://registry.npmjs.org/cron/-/cron-1.8.2.tgz. Extracting by manifest.
462 silly tarball no local data for uuid@https://registry.npmjs.org/uuid/-/uuid-3.4.0.tgz. Extracting by manifest.
463 silly tarball no local data for node-red-contrib-ical-events@https://registry.npmjs.org/node-red-contrib-ical-events/-/node-red-contrib-ical-events-2.2.2.tgz. Extracting by manifest.
464 silly tarball no local data for luxon@https://registry.npmjs.org/luxon/-/luxon-3.3.0.tgz. Extracting by manifest.
465 silly tarball no local data for luxon@https://registry.npmjs.org/luxon/-/luxon-1.28.1.tgz. Extracting by manifest.
466 silly tarball no local data for cron-parser@https://registry.npmjs.org/cron-parser/-/cron-parser-4.8.1.tgz. Extracting by manifest.
467 http fetch GET 200 https://registry.npmjs.org/safer-buffer/-/safer-buffer-2.1.2.tgz 3534ms (cache miss)
468 timing reifyNode:node_modules/safer-buffer Completed in 3722ms
469 http fetch GET 200 https://registry.npmjs.org/core-util-is/-/core-util-is-1.0.2.tgz 3741ms (cache miss)
470 timing reifyNode:node_modules/core-util-is Completed in 3920ms
471 http fetch GET 200 https://registry.npmjs.org/json-schema-traverse/-/json-schema-traverse-0.4.1.tgz 3779ms (cache miss)
472 timing reifyNode:node_modules/json-schema-traverse Completed in 4274ms
473 http fetch GET 200 https://registry.npmjs.org/ecc-jsbn/-/ecc-jsbn-0.1.2.tgz 4198ms (cache miss)
474 timing reifyNode:node_modules/ecc-jsbn Completed in 4393ms
475 http fetch GET 200 https://registry.npmjs.org/json-stringify-safe/-/json-stringify-safe-5.0.1.tgz 4204ms (cache miss)
476 timing reifyNode:node_modules/json-stringify-safe Completed in 4454ms
477 http fetch GET 200 https://registry.npmjs.org/oauth-sign/-/oauth-sign-0.9.0.tgz 4241ms (cache miss)
478 timing reifyNode:node_modules/oauth-sign Completed in 4476ms
479 http fetch GET 200 https://registry.npmjs.org/punycode/-/punycode-2.3.0.tgz 4356ms (cache miss)
480 timing reifyNode:node_modules/punycode Completed in 4534ms
481 http fetch GET 200 https://registry.npmjs.org/asn1/-/asn1-0.2.6.tgz 4351ms (cache miss)
482 timing reifyNode:node_modules/asn1 Completed in 4593ms
483 http fetch GET 200 https://registry.npmjs.org/regenerator-runtime/-/regenerator-runtime-0.13.11.tgz 4302ms (cache miss)
484 timing reifyNode:node_modules/regenerator-runtime Completed in 4597ms
485 http fetch GET 200 https://registry.npmjs.org/extend/-/extend-3.0.2.tgz 4431ms (cache miss)
486 timing reifyNode:node_modules/extend Completed in 4682ms
487 http fetch GET 200 https://registry.npmjs.org/bcrypt-pbkdf/-/bcrypt-pbkdf-1.0.2.tgz 4533ms (cache miss)
488 timing reifyNode:node_modules/bcrypt-pbkdf Completed in 4725ms
489 http fetch GET 200 https://registry.npmjs.org/extsprintf/-/extsprintf-1.3.0.tgz 4559ms (cache miss)
490 timing reifyNode:node_modules/extsprintf Completed in 4761ms
491 http fetch GET 200 https://registry.npmjs.org/json-schema/-/json-schema-0.4.0.tgz 4586ms (cache miss)
492 timing reifyNode:node_modules/json-schema Completed in 4792ms
493 http fetch GET 200 https://registry.npmjs.org/assert-plus/-/assert-plus-1.0.0.tgz 4590ms (cache miss)
494 timing reifyNode:node_modules/assert-plus Completed in 4802ms
495 http fetch GET 200 https://registry.npmjs.org/delayed-stream/-/delayed-stream-1.0.0.tgz 4638ms (cache miss)
496 timing reifyNode:node_modules/delayed-stream Completed in 4861ms
497 http fetch GET 200 https://registry.npmjs.org/cloneextend/-/cloneextend-0.0.3.tgz 4566ms (cache miss)
498 timing reifyNode:node_modules/cloneextend Completed in 4880ms
499 http fetch GET 200 https://registry.npmjs.org/jsbn/-/jsbn-0.1.1.tgz 4715ms (cache miss)
500 timing reifyNode:node_modules/jsbn Completed in 4900ms
501 http fetch GET 200 https://registry.npmjs.org/getpass/-/getpass-0.1.7.tgz 4777ms (cache miss)
502 timing reifyNode:node_modules/getpass Completed in 4968ms
503 http fetch GET 200 https://registry.npmjs.org/sax/-/sax-1.2.4.tgz 4812ms (cache miss)
504 timing reifyNode:node_modules/sax Completed in 4988ms
505 http fetch GET 200 https://registry.npmjs.org/is-typedarray/-/is-typedarray-1.0.0.tgz 4781ms (cache miss)
506 timing reifyNode:node_modules/is-typedarray Completed in 5029ms
507 http fetch GET 200 https://registry.npmjs.org/http-signature/-/http-signature-1.2.0.tgz 4812ms (cache miss)
508 http fetch GET 200 https://registry.npmjs.org/node-cache/-/node-cache-5.1.2.tgz 4757ms (cache miss)
509 http fetch GET 200 https://registry.npmjs.org/ms/-/ms-2.1.2.tgz 4834ms (cache miss)
510 timing reifyNode:node_modules/ms Completed in 5123ms
511 http fetch GET 200 https://registry.npmjs.org/tslib/-/tslib-1.14.1.tgz 4857ms (cache miss)
512 http fetch GET 200 https://registry.npmjs.org/verror/-/verror-1.10.0.tgz 4970ms (cache miss)
513 timing reifyNode:node_modules/verror Completed in 5174ms
514 http fetch GET 200 https://registry.npmjs.org/jsprim/-/jsprim-1.4.2.tgz 4969ms (cache miss)
515 timing reifyNode:node_modules/jsprim Completed in 5177ms
516 http fetch GET 200 https://registry.npmjs.org/xmlhttprequest/-/xmlhttprequest-1.8.0.tgz 4877ms (cache miss)
517 timing reifyNode:node_modules/xmlhttprequest Completed in 5178ms
518 http fetch GET 200 https://registry.npmjs.org/har-validator/-/har-validator-5.1.5.tgz 4956ms (cache miss)
519 warn deprecated har-validator@5.1.5: this library is no longer supported
520 timing reifyNode:node_modules/har-validator Completed in 5220ms
521 http fetch GET 200 https://registry.npmjs.org/mime-types/-/mime-types-2.1.35.tgz 4990ms (cache miss)
522 timing reifyNode:node_modules/mime-types Completed in 5226ms
523 http fetch GET 200 https://registry.npmjs.org/aws-sign2/-/aws-sign2-0.7.0.tgz 4974ms (cache miss)
524 timing reifyNode:node_modules/aws-sign2 Completed in 5239ms
525 http fetch GET 200 https://registry.npmjs.org/caseless/-/caseless-0.12.0.tgz 5007ms (cache miss)
526 timing reifyNode:node_modules/caseless Completed in 5275ms
527 timing reifyNode:node_modules/tslib Completed in 5276ms
528 http fetch GET 200 https://registry.npmjs.org/uuid/-/uuid-3.4.0.tgz 4987ms (cache miss)
529 http fetch GET 200 https://registry.npmjs.org/har-schema/-/har-schema-2.0.0.tgz 5107ms (cache miss)
530 http fetch GET 200 https://registry.npmjs.org/fast-deep-equal/-/fast-deep-equal-3.1.3.tgz 5117ms (cache miss)
531 timing reifyNode:node_modules/fast-deep-equal Completed in 5337ms
532 http fetch GET 200 https://registry.npmjs.org/tunnel-agent/-/tunnel-agent-0.6.0.tgz 5114ms (cache miss)
533 timing reifyNode:node_modules/tunnel-agent Completed in 5340ms
534 http fetch GET 200 https://registry.npmjs.org/aws4/-/aws4-1.12.0.tgz 5102ms (cache miss)
535 timing reifyNode:node_modules/aws4 Completed in 5372ms
536 http fetch GET 200 https://registry.npmjs.org/safe-buffer/-/safe-buffer-5.2.1.tgz 5199ms (cache miss)
537 timing reifyNode:node_modules/safe-buffer Completed in 5428ms
538 http fetch GET 200 https://registry.npmjs.org/tough-cookie/-/tough-cookie-2.5.0.tgz 5207ms (cache miss)
539 timing reifyNode:node_modules/tough-cookie Completed in 5447ms
540 http fetch GET 200 https://registry.npmjs.org/forever-agent/-/forever-agent-0.6.1.tgz 5197ms (cache miss)
541 timing reifyNode:node_modules/forever-agent Completed in 5454ms
542 http fetch GET 200 https://registry.npmjs.org/isstream/-/isstream-0.1.2.tgz 5213ms (cache miss)
543 timing reifyNode:node_modules/isstream Completed in 5461ms
544 timing reifyNode:node_modules/node-cache Completed in 5468ms
545 http fetch GET 200 https://registry.npmjs.org/follow-redirects/-/follow-redirects-1.15.2.tgz 5199ms (cache miss)
546 timing reifyNode:node_modules/follow-redirects Completed in 5490ms
547 http fetch GET 200 https://registry.npmjs.org/xml2js/-/xml2js-0.4.23.tgz 5250ms (cache miss)
548 timing reifyNode:node_modules/xml2js Completed in 5518ms
549 http fetch GET 200 https://registry.npmjs.org/co/-/co-4.6.0.tgz 5230ms (cache miss)
550 timing reifyNode:node_modules/co Completed in 5529ms
551 http fetch GET 200 https://registry.npmjs.org/asynckit/-/asynckit-0.4.0.tgz 5330ms (cache miss)
552 http fetch GET 200 https://registry.npmjs.org/performance-now/-/performance-now-2.1.0.tgz 5333ms (cache miss)
553 timing reifyNode:node_modules/http-signature Completed in 5565ms
554 http fetch GET 200 https://registry.npmjs.org/scrapegoat/-/scrapegoat-1.0.1.tgz 5262ms (cache miss)
555 http fetch GET 200 https://registry.npmjs.org/debug/-/debug-4.3.4.tgz 5251ms (cache miss)
556 timing reifyNode:node_modules/debug Completed in 5569ms
557 http fetch GET 200 https://registry.npmjs.org/ical-expander/-/ical-expander-2.1.0.tgz 5263ms (cache miss)
558 timing reifyNode:node_modules/ical-expander Completed in 5571ms
559 http fetch GET 200 https://registry.npmjs.org/combined-stream/-/combined-stream-1.0.8.tgz 5315ms (cache miss)
560 timing reifyNode:node_modules/combined-stream Completed in 5575ms
561 http fetch GET 200 https://registry.npmjs.org/ejs/-/ejs-2.7.4.tgz 5316ms (cache miss)
562 http fetch GET 200 https://registry.npmjs.org/clone/-/clone-2.1.2.tgz 5308ms (cache miss)
563 timing reifyNode:node_modules/clone Completed in 5588ms
564 http fetch GET 200 https://registry.npmjs.org/xmldom/-/xmldom-0.1.31.tgz 5339ms (cache miss)
565 warn deprecated xmldom@0.1.31: Deprecated due to CVE-2021-21366 resolved in 0.5.0
566 timing reifyNode:node_modules/xmldom Completed in 5638ms
567 http fetch GET 200 https://registry.npmjs.org/node-red-contrib-ical-events/-/node-red-contrib-ical-events-2.2.2.tgz 5311ms (cache miss)
568 http fetch GET 200 https://registry.npmjs.org/fast-json-stable-stringify/-/fast-json-stable-stringify-2.1.0.tgz 5452ms (cache miss)
569 timing reifyNode:node_modules/asynckit Completed in 5680ms
570 http fetch GET 200 https://registry.npmjs.org/tweetnacl/-/tweetnacl-0.14.5.tgz 5594ms (cache miss)
571 timing reifyNode:node_modules/performance-now Completed in 5813ms
572 timing reifyNode:node_modules/ejs Completed in 5829ms
573 http fetch GET 200 https://registry.npmjs.org/dashdash/-/dashdash-1.14.1.tgz 5642ms (cache miss)
574 timing reifyNode:node_modules/dashdash Completed in 5837ms
575 timing reifyNode:node_modules/fast-json-stable-stringify Completed in 5890ms
576 timing reifyNode:node_modules/tweetnacl Completed in 5916ms
577 timing reifyNode:node_modules/har-schema Completed in 5986ms
578 timing reifyNode:node_modules/scrapegoat Completed in 6046ms
579 http fetch GET 200 https://registry.npmjs.org/mime-db/-/mime-db-1.52.0.tgz 5851ms (cache miss)
580 timing reifyNode:node_modules/mime-db Completed in 6051ms
581 warn deprecated uuid@3.4.0: Please upgrade  to version 7 or higher.  Older versions may use Math.random() in certain circumstances, which is known to be problematic.  See https://v8.dev/blog/math-random for details.
582 timing reifyNode:node_modules/request/node_modules/uuid Completed in 6108ms
583 timing reifyNode:node_modules/node-red-contrib-ical-events Completed in 6153ms
584 http fetch GET 200 https://registry.npmjs.org/kalender-events/-/kalender-events-0.28.1.tgz 5883ms (cache miss)
585 timing reifyNode:node_modules/kalender-events Completed in 6378ms
586 http fetch GET 200 https://registry.npmjs.org/form-data/-/form-data-2.3.3.tgz 6179ms (cache miss)
587 timing reifyNode:node_modules/form-data Completed in 6423ms
588 http fetch GET 200 https://registry.npmjs.org/qs/-/qs-6.5.3.tgz 6414ms (cache miss)
589 http fetch GET 200 https://registry.npmjs.org/cron/-/cron-1.8.2.tgz 6474ms (cache miss)
590 timing reifyNode:node_modules/qs Completed in 6808ms
591 timing reifyNode:node_modules/cron Completed in 6958ms
592 http fetch GET 200 https://registry.npmjs.org/psl/-/psl-1.9.0.tgz 6919ms (cache miss)
593 timing reifyNode:node_modules/psl Completed in 7100ms
594 http fetch GET 200 https://registry.npmjs.org/request/-/request-2.88.2.tgz 7136ms (cache miss)
595 warn deprecated request@2.88.2: request has been deprecated, see https://github.com/request/request/issues/3142
596 timing reifyNode:node_modules/request Completed in 7432ms
597 http fetch GET 200 https://registry.npmjs.org/@babel/polyfill/-/polyfill-7.12.1.tgz 7143ms (cache miss)
598 warn deprecated @babel/polyfill@7.12.1: 🚨 This package has been deprecated in favor of separate inclusion of a polyfill and regenerator-runtime (when needed). See the @babel/polyfill docs (https://babeljs.io/docs/en/babel-polyfill) for more information.
599 timing reifyNode:node_modules/@babel/polyfill Completed in 7448ms
600 http fetch GET 200 https://registry.npmjs.org/cron-parser/-/cron-parser-4.8.1.tgz 7369ms (cache miss)
601 timing reifyNode:node_modules/cron-parser Completed in 7903ms
602 http fetch GET 200 https://registry.npmjs.org/xmlbuilder/-/xmlbuilder-11.0.1.tgz 7734ms (cache miss)
603 timing reifyNode:node_modules/xmlbuilder Completed in 8030ms
604 http fetch GET 200 https://registry.npmjs.org/@naimo84/dav/-/dav-1.9.0.tgz 7756ms (cache miss)
605 http fetch GET 200 https://registry.npmjs.org/xml-js/-/xml-js-1.6.11.tgz 7838ms (cache miss)
606 timing reifyNode:node_modules/@naimo84/dav Completed in 8167ms
607 timing reifyNode:node_modules/xml-js Completed in 8200ms
608 http fetch GET 200 https://registry.npmjs.org/ical.js/-/ical.js-1.2.2.tgz 8263ms (cache miss)
609 timing reifyNode:node_modules/ical.js Completed in 8615ms
610 http fetch GET 200 https://registry.npmjs.org/sshpk/-/sshpk-1.17.0.tgz 8469ms (cache miss)
611 timing reifyNode:node_modules/sshpk Completed in 8682ms
612 http fetch GET 200 https://registry.npmjs.org/axios/-/axios-0.21.4.tgz 8432ms (cache miss)
613 timing reifyNode:node_modules/axios Completed in 8745ms
614 http fetch GET 200 https://registry.npmjs.org/uuid/-/uuid-8.3.2.tgz 8669ms (cache miss)
615 timing reifyNode:node_modules/uuid Completed in 9036ms
616 http fetch GET 200 https://registry.npmjs.org/uri-js/-/uri-js-4.4.1.tgz 8847ms (cache miss)
617 timing reifyNode:node_modules/uri-js Completed in 9105ms
618 http fetch GET 200 https://registry.npmjs.org/crypto-js/-/crypto-js-4.1.1.tgz 8831ms (cache miss)
619 timing reifyNode:node_modules/crypto-js Completed in 9192ms
620 http fetch GET 200 https://registry.npmjs.org/ajv/-/ajv-6.12.6.tgz 10510ms (cache miss)
621 timing reifyNode:node_modules/ajv Completed in 10732ms
622 http fetch GET 200 https://registry.npmjs.org/moment-timezone/-/moment-timezone-0.5.43.tgz 10661ms (cache miss)
623 timing reifyNode:node_modules/moment-timezone Completed in 11040ms
624 http fetch GET 200 https://registry.npmjs.org/luxon/-/luxon-1.28.1.tgz 11555ms (cache miss)
625 timing reifyNode:node_modules/rrule/node_modules/luxon Completed in 11935ms
626 http fetch GET 200 https://registry.npmjs.org/luxon/-/luxon-2.5.2.tgz 12152ms (cache miss)
627 timing reifyNode:node_modules/luxon Completed in 12482ms
628 http fetch GET 200 https://registry.npmjs.org/luxon/-/luxon-3.3.0.tgz 12259ms (cache miss)
629 timing reifyNode:node_modules/cron-parser/node_modules/luxon Completed in 12604ms
630 http fetch GET 200 https://registry.npmjs.org/rrule/-/rrule-2.6.4.tgz 16082ms (cache miss)
631 timing reifyNode:node_modules/rrule Completed in 16433ms
632 http fetch GET 200 https://registry.npmjs.org/moment/-/moment-2.29.4.tgz 18764ms (cache miss)
633 timing reifyNode:node_modules/moment Completed in 19096ms
634 http fetch GET 200 https://registry.npmjs.org/lodash/-/lodash-4.17.21.tgz 21871ms (cache miss)
635 timing reifyNode:node_modules/lodash Completed in 22191ms
636 http fetch GET 200 https://registry.npmjs.org/core-js/-/core-js-2.6.12.tgz 23504ms (cache miss)
637 warn deprecated core-js@2.6.12: core-js@<3.23.3 is no longer maintained and not recommended for usage due to the number of issues. Because of the V8 engine whims, feature detection in old core-js versions could cause a slowdown up to 100x even if nothing is polyfilled. Some versions have web compatibility issues. Please, upgrade your dependencies to the actual version of core-js.
638 timing reifyNode:node_modules/core-js Completed in 23803ms
639 timing reify:unpack Completed in 23806ms
640 timing reify:unretire Completed in 0ms
641 timing build:queue Completed in 81ms
642 timing build:link:node_modules/request/node_modules/uuid Completed in 95ms
643 timing build:link:node_modules/sshpk Completed in 95ms
644 timing build:link:node_modules/uuid Completed in 103ms
645 timing build:link:node_modules/kalender-events Completed in 111ms
646 timing build:link:node_modules/xml-js Completed in 160ms
647 timing build:link Completed in 163ms
648 info run core-js@2.6.12 postinstall node_modules/core-js node -e "try{require('./postinstall')}catch(e){}"
649 info run ejs@2.7.4 postinstall node_modules/ejs node ./postinstall.js
650 info run ejs@2.7.4 postinstall { code: 0, signal: null }
651 timing build:run:postinstall:node_modules/ejs Completed in 80ms
652 info run core-js@2.6.12 postinstall { code: 0, signal: null }
653 timing build:run:postinstall:node_modules/core-js Completed in 93ms
654 timing build:run:postinstall Completed in 94ms
655 timing build:deps Completed in 339ms
656 timing build Completed in 340ms
657 timing reify:build Completed in 341ms
658 timing reify:trash Completed in 0ms
659 timing reify:save Completed in 29ms
660 timing reify Completed in 31777ms
661 silly ADD node_modules/xmlbuilder
662 silly ADD node_modules/sax
663 silly ADD node_modules/core-util-is
664 silly ADD node_modules/punycode
665 silly ADD node_modules/psl
666 silly ADD node_modules/tweetnacl
667 silly ADD node_modules/safer-buffer
668 silly ADD node_modules/jsbn
669 silly ADD node_modules/getpass
670 silly ADD node_modules/ecc-jsbn
671 silly ADD node_modules/dashdash
672 silly ADD node_modules/bcrypt-pbkdf
673 silly ADD node_modules/asn1
674 silly ADD node_modules/mime-db
675 silly ADD node_modules/verror
676 silly ADD node_modules/json-schema
677 silly ADD node_modules/extsprintf
678 silly ADD node_modules/sshpk
679 silly ADD node_modules/jsprim
680 silly ADD node_modules/assert-plus
681 silly ADD node_modules/uri-js
682 silly ADD node_modules/json-schema-traverse
683 silly ADD node_modules/fast-json-stable-stringify
684 silly ADD node_modules/fast-deep-equal
685 silly ADD node_modules/har-schema
686 silly ADD node_modules/ajv
687 silly ADD node_modules/asynckit
688 silly ADD node_modules/delayed-stream
689 silly ADD node_modules/tunnel-agent
690 silly ADD node_modules/tough-cookie
691 silly ADD node_modules/safe-buffer
692 silly ADD node_modules/qs
693 silly ADD node_modules/performance-now
694 silly ADD node_modules/oauth-sign
695 silly ADD node_modules/mime-types
696 silly ADD node_modules/json-stringify-safe
697 silly ADD node_modules/isstream
698 silly ADD node_modules/is-typedarray
699 silly ADD node_modules/http-signature
700 silly ADD node_modules/har-validator
701 silly ADD node_modules/form-data
702 silly ADD node_modules/forever-agent
703 silly ADD node_modules/extend
704 silly ADD node_modules/combined-stream
705 silly ADD node_modules/caseless
706 silly ADD node_modules/aws4
707 silly ADD node_modules/aws-sign2
708 silly ADD node_modules/xml2js
709 silly ADD node_modules/request
710 silly ADD node_modules/request/node_modules/uuid
711 silly ADD node_modules/ejs
712 silly ADD node_modules/tslib
713 silly ADD node_modules/clone
714 silly ADD node_modules/ical.js
715 silly ADD node_modules/ms
716 silly ADD node_modules/follow-redirects
717 silly ADD node_modules/regenerator-runtime
718 silly ADD node_modules/core-js
719 silly ADD node_modules/xmlhttprequest
720 silly ADD node_modules/xmldom
721 silly ADD node_modules/co
722 silly ADD node_modules/@babel/polyfill
723 silly ADD node_modules/xml-js
724 silly ADD node_modules/uuid
725 silly ADD node_modules/scrapegoat
726 silly ADD node_modules/rrule
727 silly ADD node_modules/rrule/node_modules/luxon
728 silly ADD node_modules/lodash
729 silly ADD node_modules/ical-expander
730 silly ADD node_modules/debug
731 silly ADD node_modules/cloneextend
732 silly ADD node_modules/axios
733 silly ADD node_modules/@naimo84/dav
734 silly ADD node_modules/node-cache
735 silly ADD node_modules/moment-timezone
736 silly ADD node_modules/moment
737 silly ADD node_modules/luxon
738 silly ADD node_modules/kalender-events
739 silly ADD node_modules/crypto-js
740 silly ADD node_modules/cron-parser
741 silly ADD node_modules/cron-parser/node_modules/luxon
742 silly ADD node_modules/cron
743 silly ADD node_modules/node-red-contrib-ical-events
744 timing command:install Completed in 31820ms
745 verbose exit 0
746 timing npm Completed in 31990ms
747 info ok
